2024-10-17 16:09:57.6071|WARN|Microsoft.EntityFrameworkCore.Model.Validation|No type was specified for the decimal column 'Price' on entity type 'Tools'. This will cause values to be silently truncated if they do not fit in the default precision and scale. Explicitly specify the SQL server column type that can accommodate all the values using 'HasColumnType()'.
2024-10-17 16:09:57.7896|WARN|Microsoft.EntityFrameworkCore.Model.Validation|No type was specified for the decimal column 'DefaultDecimal1' on entity type 'GenericSetting'. This will cause values to be silently truncated if they do not fit in the default precision and scale. Explicitly specify the SQL server column type that can accommodate all the values using 'HasColumnType()'.
2024-10-17 16:09:57.8000|WARN|Microsoft.EntityFrameworkCore.Model.Validation|No type was specified for the decimal column 'DefaultDecimal2' on entity type 'GenericSetting'. This will cause values to be silently truncated if they do not fit in the default precision and scale. Explicitly specify the SQL server column type that can accommodate all the values using 'HasColumnType()'.
2024-10-17 16:09:57.8133|WARN|Microsoft.EntityFrameworkCore.Model.Validation|No type was specified for the decimal column 'DefaultDecimal3' on entity type 'GenericSetting'. This will cause values to be silently truncated if they do not fit in the default precision and scale. Explicitly specify the SQL server column type that can accommodate all the values using 'HasColumnType()'.
2024-10-17 16:09:57.8133|WARN|Microsoft.EntityFrameworkCore.Model.Validation|No type was specified for the decimal column 'DefaultDecimal4' on entity type 'GenericSetting'. This will cause values to be silently truncated if they do not fit in the default precision and scale. Explicitly specify the SQL server column type that can accommodate all the values using 'HasColumnType()'.
2024-10-17 16:09:57.8133|WARN|Microsoft.EntityFrameworkCore.Model.Validation|No type was specified for the decimal column 'DefaultDecimal5' on entity type 'GenericSetting'. This will cause values to be silently truncated if they do not fit in the default precision and scale. Explicitly specify the SQL server column type that can accommodate all the values using 'HasColumnType()'.
2024-10-17 16:09:57.8133|WARN|Microsoft.EntityFrameworkCore.Model.Validation|No type was specified for the decimal column 'Price' on entity type 'ProductEntity'. This will cause values to be silently truncated if they do not fit in the default precision and scale. Explicitly specify the SQL server column type that can accommodate all the values using 'HasColumnType()'.
2024-10-17 16:11:42.0076|WARN|Microsoft.EntityFrameworkCore.Query|The LINQ expression 'LastOrDefault()' could not be translated and will be evaluated locally.
2024-10-17 16:11:42.3653|WARN|Microsoft.EntityFrameworkCore.Query|The LINQ expression 'LastOrDefault()' could not be translated and will be evaluated locally.
2024-10-17 16:11:42.6917|WARN|Microsoft.EntityFrameworkCore.Query|The LINQ expression 'where ([a].SharedBy == new Guid(__hairProfileModel_UserId_9))' could not be translated and will be evaluated locally.
2024-10-17 16:11:42.6917|WARN|Microsoft.EntityFrameworkCore.Query|The LINQ expression 'Any()' could not be translated and will be evaluated locally.
2024-10-17 16:11:42.7034|WARN|Microsoft.EntityFrameworkCore.Query|The LINQ expression 'where ([a].SharedBy == new Guid(__hairProfileModel_UserId_9))' could not be translated and will be evaluated locally.
2024-10-17 16:11:42.7034|WARN|Microsoft.EntityFrameworkCore.Query|The LINQ expression 'Any()' could not be translated and will be evaluated locally.
2024-10-17 16:11:42.7034|WARN|Microsoft.EntityFrameworkCore.Query|The LINQ expression 'where ([a].SharedBy == new Guid(__hairProfileModel_UserId_9))' could not be translated and will be evaluated locally.
2024-10-17 16:11:42.7034|WARN|Microsoft.EntityFrameworkCore.Query|The LINQ expression 'Any()' could not be translated and will be evaluated locally.
2024-10-17 16:11:42.7178|WARN|Microsoft.EntityFrameworkCore.Query|The LINQ expression 'where ([a].SharedBy == new Guid(__hairProfileModel_UserId_9))' could not be translated and will be evaluated locally.
2024-10-17 16:11:42.7178|WARN|Microsoft.EntityFrameworkCore.Query|The LINQ expression 'Any()' could not be translated and will be evaluated locally.
2024-10-17 16:11:42.7178|WARN|Microsoft.EntityFrameworkCore.Query|The LINQ expression 'where ([a].SharedWith == new Guid(__hairProfileModel_UserId_10))' could not be translated and will be evaluated locally.
2024-10-17 16:11:42.7178|WARN|Microsoft.EntityFrameworkCore.Query|The LINQ expression 'Any()' could not be translated and will be evaluated locally.
2024-10-17 16:11:42.7371|WARN|Microsoft.EntityFrameworkCore.Query|The LINQ expression 'where ([a].SharedWith == new Guid(__hairProfileModel_UserId_10))' could not be translated and will be evaluated locally.
2024-10-17 16:11:42.7371|WARN|Microsoft.EntityFrameworkCore.Query|The LINQ expression 'Any()' could not be translated and will be evaluated locally.
2024-10-17 16:11:42.7491|WARN|Microsoft.EntityFrameworkCore.Query|The LINQ expression 'where ([a].SharedWith == new Guid(__hairProfileModel_UserId_10))' could not be translated and will be evaluated locally.
2024-10-17 16:11:42.7491|WARN|Microsoft.EntityFrameworkCore.Query|The LINQ expression 'Any()' could not be translated and will be evaluated locally.
2024-10-17 16:11:42.7491|WARN|Microsoft.EntityFrameworkCore.Query|The LINQ expression 'where ([a].SharedWith == new Guid(__hairProfileModel_UserId_10))' could not be translated and will be evaluated locally.
2024-10-17 16:11:42.7491|WARN|Microsoft.EntityFrameworkCore.Query|The LINQ expression 'Any()' could not be translated and will be evaluated locally.
2024-10-17 16:11:45.0358|WARN|Microsoft.EntityFrameworkCore.Query|The LINQ expression 'LastOrDefault()' could not be translated and will be evaluated locally.
2024-10-17 16:11:51.4710|WARN|Microsoft.EntityFrameworkCore.Query|The LINQ expression 'LastOrDefault()' could not be translated and will be evaluated locally.
2024-10-17 16:14:06.1852|WARN|Microsoft.EntityFrameworkCore.Query|The Include operation for navigation '[x].Questions' is unnecessary and was ignored because the navigation is not reachable in the final query results. See https://go.microsoft.com/fwlink/?linkid=850303 for more information.
2024-10-17 16:34:53.8227|WARN|Microsoft.EntityFrameworkCore.Query|The LINQ expression 'LastOrDefault()' could not be translated and will be evaluated locally.
2024-10-17 16:35:52.7450|WARN|Microsoft.EntityFrameworkCore.Query|The LINQ expression 'LastOrDefault()' could not be translated and will be evaluated locally.
2024-10-17 16:37:48.9062|ERROR|MyAvana.Logger.Services.NLogServices|Method: AutoRecommendVideos, UserId:5894d6ff-0caf-4271-1b33-08dce6b8def3, HairProfileId:2447, Error: Procedure or function 'AutoRecommendVideos' expects parameter '@HairProfileId', which was not supplied.
2024-10-17 16:38:22.0205|WARN|Microsoft.EntityFrameworkCore.Query|The Include operation for navigation '[p].HairChallenges' is unnecessary and was ignored because the navigation is not reachable in the final query results. See https://go.microsoft.com/fwlink/?linkid=850303 for more information.
2024-10-17 16:38:22.3472|WARN|Microsoft.EntityFrameworkCore.Query|The Include operation for navigation '[p].HairGoal' is unnecessary and was ignored because the navigation is not reachable in the final query results. See https://go.microsoft.com/fwlink/?linkid=850303 for more information.
2024-10-17 16:39:10.7852|WARN|Microsoft.EntityFrameworkCore.Model.Validation|No type was specified for the decimal column 'Price' on entity type 'Tools'. This will cause values to be silently truncated if they do not fit in the default precision and scale. Explicitly specify the SQL server column type that can accommodate all the values using 'HasColumnType()'.
2024-10-17 16:39:10.9256|WARN|Microsoft.EntityFrameworkCore.Model.Validation|No type was specified for the decimal column 'DefaultDecimal1' on entity type 'GenericSetting'. This will cause values to be silently truncated if they do not fit in the default precision and scale. Explicitly specify the SQL server column type that can accommodate all the values using 'HasColumnType()'.
2024-10-17 16:39:10.9383|WARN|Microsoft.EntityFrameworkCore.Model.Validation|No type was specified for the decimal column 'DefaultDecimal2' on entity type 'GenericSetting'. This will cause values to be silently truncated if they do not fit in the default precision and scale. Explicitly specify the SQL server column type that can accommodate all the values using 'HasColumnType()'.
2024-10-17 16:39:10.9383|WARN|Microsoft.EntityFrameworkCore.Model.Validation|No type was specified for the decimal column 'DefaultDecimal3' on entity type 'GenericSetting'. This will cause values to be silently truncated if they do not fit in the default precision and scale. Explicitly specify the SQL server column type that can accommodate all the values using 'HasColumnType()'.
2024-10-17 16:39:10.9512|WARN|Microsoft.EntityFrameworkCore.Model.Validation|No type was specified for the decimal column 'DefaultDecimal4' on entity type 'GenericSetting'. This will cause values to be silently truncated if they do not fit in the default precision and scale. Explicitly specify the SQL server column type that can accommodate all the values using 'HasColumnType()'.
2024-10-17 16:39:10.9512|WARN|Microsoft.EntityFrameworkCore.Model.Validation|No type was specified for the decimal column 'DefaultDecimal5' on entity type 'GenericSetting'. This will cause values to be silently truncated if they do not fit in the default precision and scale. Explicitly specify the SQL server column type that can accommodate all the values using 'HasColumnType()'.
2024-10-17 16:39:10.9512|WARN|Microsoft.EntityFrameworkCore.Model.Validation|No type was specified for the decimal column 'Price' on entity type 'ProductEntity'. This will cause values to be silently truncated if they do not fit in the default precision and scale. Explicitly specify the SQL server column type that can accommodate all the values using 'HasColumnType()'.
2024-10-17 16:39:15.6762|WARN|Microsoft.EntityFrameworkCore.Query|The LINQ expression 'LastOrDefault()' could not be translated and will be evaluated locally.
2024-10-17 16:39:18.2136|WARN|Microsoft.EntityFrameworkCore.Query|The LINQ expression 'LastOrDefault()' could not be translated and will be evaluated locally.
2024-10-17 16:39:22.4313|WARN|Microsoft.EntityFrameworkCore.Query|The Include operation for navigation '[p].HairChallenges' is unnecessary and was ignored because the navigation is not reachable in the final query results. See https://go.microsoft.com/fwlink/?linkid=850303 for more information.
2024-10-17 16:39:22.9481|WARN|Microsoft.EntityFrameworkCore.Query|The Include operation for navigation '[p].HairGoal' is unnecessary and was ignored because the navigation is not reachable in the final query results. See https://go.microsoft.com/fwlink/?linkid=850303 for more information.
2024-10-17 16:39:27.2398|WARN|Microsoft.EntityFrameworkCore.Query|The LINQ expression 'LastOrDefault()' could not be translated and will be evaluated locally.
2024-10-17 16:39:42.1345|WARN|Microsoft.EntityFrameworkCore.Query|The LINQ expression 'LastOrDefault()' could not be translated and will be evaluated locally.
2024-10-17 16:39:42.4728|WARN|Microsoft.EntityFrameworkCore.Query|The LINQ expression 'where ([a].SharedBy == new Guid(__hairProfileModel_UserId_9))' could not be translated and will be evaluated locally.
2024-10-17 16:39:42.4728|WARN|Microsoft.EntityFrameworkCore.Query|The LINQ expression 'Any()' could not be translated and will be evaluated locally.
2024-10-17 16:39:42.4877|WARN|Microsoft.EntityFrameworkCore.Query|The LINQ expression 'where ([a].SharedBy == new Guid(__hairProfileModel_UserId_9))' could not be translated and will be evaluated locally.
2024-10-17 16:39:42.4877|WARN|Microsoft.EntityFrameworkCore.Query|The LINQ expression 'Any()' could not be translated and will be evaluated locally.
2024-10-17 16:39:42.4970|WARN|Microsoft.EntityFrameworkCore.Query|The LINQ expression 'where ([a].SharedBy == new Guid(__hairProfileModel_UserId_9))' could not be translated and will be evaluated locally.
2024-10-17 16:39:42.5199|WARN|Microsoft.EntityFrameworkCore.Query|The LINQ expression 'Any()' could not be translated and will be evaluated locally.
2024-10-17 16:39:42.5199|WARN|Microsoft.EntityFrameworkCore.Query|The LINQ expression 'where ([a].SharedBy == new Guid(__hairProfileModel_UserId_9))' could not be translated and will be evaluated locally.
2024-10-17 16:39:42.5399|WARN|Microsoft.EntityFrameworkCore.Query|The LINQ expression 'Any()' could not be translated and will be evaluated locally.
2024-10-17 16:39:42.5442|WARN|Microsoft.EntityFrameworkCore.Query|The LINQ expression 'where ([a].SharedWith == new Guid(__hairProfileModel_UserId_10))' could not be translated and will be evaluated locally.
2024-10-17 16:39:42.5442|WARN|Microsoft.EntityFrameworkCore.Query|The LINQ expression 'Any()' could not be translated and will be evaluated locally.
2024-10-17 16:39:42.5442|WARN|Microsoft.EntityFrameworkCore.Query|The LINQ expression 'where ([a].SharedWith == new Guid(__hairProfileModel_UserId_10))' could not be translated and will be evaluated locally.
2024-10-17 16:39:42.5595|WARN|Microsoft.EntityFrameworkCore.Query|The LINQ expression 'Any()' could not be translated and will be evaluated locally.
2024-10-17 16:39:42.5595|WARN|Microsoft.EntityFrameworkCore.Query|The LINQ expression 'where ([a].SharedWith == new Guid(__hairProfileModel_UserId_10))' could not be translated and will be evaluated locally.
2024-10-17 16:39:42.5595|WARN|Microsoft.EntityFrameworkCore.Query|The LINQ expression 'Any()' could not be translated and will be evaluated locally.
2024-10-17 16:39:42.5595|WARN|Microsoft.EntityFrameworkCore.Query|The LINQ expression 'where ([a].SharedWith == new Guid(__hairProfileModel_UserId_10))' could not be translated and will be evaluated locally.
2024-10-17 16:39:42.5762|WARN|Microsoft.EntityFrameworkCore.Query|The LINQ expression 'Any()' could not be translated and will be evaluated locally.
2024-10-17 16:40:35.8671|WARN|Microsoft.EntityFrameworkCore.Query|The Include operation for navigation '[x].Questions' is unnecessary and was ignored because the navigation is not reachable in the final query results. See https://go.microsoft.com/fwlink/?linkid=850303 for more information.
2024-10-17 16:41:37.3860|WARN|Microsoft.EntityFrameworkCore.Query|The LINQ expression 'LastOrDefault()' could not be translated and will be evaluated locally.
2024-10-17 16:42:23.1706|WARN|Microsoft.EntityFrameworkCore.Query|The LINQ expression 'LastOrDefault()' could not be translated and will be evaluated locally.
2024-10-17 18:13:34.1079|WARN|Microsoft.EntityFrameworkCore.Model.Validation|No type was specified for the decimal column 'Price' on entity type 'Tools'. This will cause values to be silently truncated if they do not fit in the default precision and scale. Explicitly specify the SQL server column type that can accommodate all the values using 'HasColumnType()'.
2024-10-17 18:13:34.2101|WARN|Microsoft.EntityFrameworkCore.Model.Validation|No type was specified for the decimal column 'DefaultDecimal1' on entity type 'GenericSetting'. This will cause values to be silently truncated if they do not fit in the default precision and scale. Explicitly specify the SQL server column type that can accommodate all the values using 'HasColumnType()'.
2024-10-17 18:13:34.2299|WARN|Microsoft.EntityFrameworkCore.Model.Validation|No type was specified for the decimal column 'DefaultDecimal2' on entity type 'GenericSetting'. This will cause values to be silently truncated if they do not fit in the default precision and scale. Explicitly specify the SQL server column type that can accommodate all the values using 'HasColumnType()'.
2024-10-17 18:13:34.2353|WARN|Microsoft.EntityFrameworkCore.Model.Validation|No type was specified for the decimal column 'DefaultDecimal3' on entity type 'GenericSetting'. This will cause values to be silently truncated if they do not fit in the default precision and scale. Explicitly specify the SQL server column type that can accommodate all the values using 'HasColumnType()'.
2024-10-17 18:13:34.2353|WARN|Microsoft.EntityFrameworkCore.Model.Validation|No type was specified for the decimal column 'DefaultDecimal4' on entity type 'GenericSetting'. This will cause values to be silently truncated if they do not fit in the default precision and scale. Explicitly specify the SQL server column type that can accommodate all the values using 'HasColumnType()'.
2024-10-17 18:13:34.2506|WARN|Microsoft.EntityFrameworkCore.Model.Validation|No type was specified for the decimal column 'DefaultDecimal5' on entity type 'GenericSetting'. This will cause values to be silently truncated if they do not fit in the default precision and scale. Explicitly specify the SQL server column type that can accommodate all the values using 'HasColumnType()'.
2024-10-17 18:13:34.2506|WARN|Microsoft.EntityFrameworkCore.Model.Validation|No type was specified for the decimal column 'Price' on entity type 'ProductEntity'. This will cause values to be silently truncated if they do not fit in the default precision and scale. Explicitly specify the SQL server column type that can accommodate all the values using 'HasColumnType()'.
2024-10-17 18:13:38.3599|WARN|Microsoft.EntityFrameworkCore.Query|The LINQ expression 'join Moods Moods in value(Microsoft.EntityFrameworkCore.Query.Internal.EntityQueryable`1[MyAvana.Models.Entities.Moods]) on [z].MoodId equals Convert([Moods].Id, Nullable`1)' could not be translated and will be evaluated locally.
2024-10-17 18:13:38.3815|WARN|Microsoft.EntityFrameworkCore.Query|The LINQ expression 'join Guidances Guidances in value(Microsoft.EntityFrameworkCore.Query.Internal.EntityQueryable`1[MyAvana.Models.Entities.Guidances]) on [z].GuidanceId equals Convert([Guidances].Id, Nullable`1)' could not be translated and will be evaluated locally.
2024-10-17 18:13:38.3889|WARN|Microsoft.EntityFrameworkCore.Query|The LINQ expression 'join HairStyles HairStyles in value(Microsoft.EntityFrameworkCore.Query.Internal.EntityQueryable`1[MyAvana.Models.Entities.HairStyles]) on [z].HairStylesId equals Convert([HairStyles].Id, Nullable`1)' could not be translated and will be evaluated locally.
2024-10-17 18:13:38.4133|WARN|Microsoft.EntityFrameworkCore.Query|The LINQ expression 'join ProductEntity ProductEntities in value(Microsoft.EntityFrameworkCore.Query.Internal.EntityQueryable`1[MyAvanaApi.Models.Entities.ProductEntity]) on [z].ProductEntityId equals Convert([ProductEntities].Id, Nullable`1)' could not be translated and will be evaluated locally.
