2024-09-17 11:20:25.1575|WARN|Microsoft.EntityFrameworkCore.Model.Validation|No type was specified for the decimal column 'Price' on entity type 'Tools'. This will cause values to be silently truncated if they do not fit in the default precision and scale. Explicitly specify the SQL server column type that can accommodate all the values using 'HasColumnType()'.
2024-09-17 11:20:25.2826|WARN|Microsoft.EntityFrameworkCore.Model.Validation|No type was specified for the decimal column 'DefaultDecimal1' on entity type 'GenericSetting'. This will cause values to be silently truncated if they do not fit in the default precision and scale. Explicitly specify the SQL server column type that can accommodate all the values using 'HasColumnType()'.
2024-09-17 11:20:25.2958|WARN|Microsoft.EntityFrameworkCore.Model.Validation|No type was specified for the decimal column 'DefaultDecimal2' on entity type 'GenericSetting'. This will cause values to be silently truncated if they do not fit in the default precision and scale. Explicitly specify the SQL server column type that can accommodate all the values using 'HasColumnType()'.
2024-09-17 11:20:25.2958|WARN|Microsoft.EntityFrameworkCore.Model.Validation|No type was specified for the decimal column 'DefaultDecimal3' on entity type 'GenericSetting'. This will cause values to be silently truncated if they do not fit in the default precision and scale. Explicitly specify the SQL server column type that can accommodate all the values using 'HasColumnType()'.
2024-09-17 11:20:25.3034|WARN|Microsoft.EntityFrameworkCore.Model.Validation|No type was specified for the decimal column 'DefaultDecimal4' on entity type 'GenericSetting'. This will cause values to be silently truncated if they do not fit in the default precision and scale. Explicitly specify the SQL server column type that can accommodate all the values using 'HasColumnType()'.
2024-09-17 11:20:25.3034|WARN|Microsoft.EntityFrameworkCore.Model.Validation|No type was specified for the decimal column 'DefaultDecimal5' on entity type 'GenericSetting'. This will cause values to be silently truncated if they do not fit in the default precision and scale. Explicitly specify the SQL server column type that can accommodate all the values using 'HasColumnType()'.
2024-09-17 11:20:25.3034|WARN|Microsoft.EntityFrameworkCore.Model.Validation|No type was specified for the decimal column 'Price' on entity type 'ProductEntity'. This will cause values to be silently truncated if they do not fit in the default precision and scale. Explicitly specify the SQL server column type that can accommodate all the values using 'HasColumnType()'.
2024-09-17 11:20:25.5853|WARN|Microsoft.EntityFrameworkCore.Query|The LINQ expression 'LastOrDefault()' could not be translated and will be evaluated locally.
2024-09-17 11:21:57.4878|WARN|Microsoft.EntityFrameworkCore.Query|The LINQ expression 'LastOrDefault()' could not be translated and will be evaluated locally.
2024-09-17 11:33:20.7993|WARN|Microsoft.EntityFrameworkCore.Query|The Include operation for navigation '[x].RegimenSteps' is unnecessary and was ignored because the navigation is not reachable in the final query results. See https://go.microsoft.com/fwlink/?linkid=850303 for more information.
2024-09-17 11:33:40.9048|WARN|Microsoft.EntityFrameworkCore.Query|The LINQ expression 'LastOrDefault()' could not be translated and will be evaluated locally.
2024-09-17 12:40:59.5244|WARN|Microsoft.EntityFrameworkCore.Query|Query: '(from HairProfile <generated>_1 in [x] select [<generated>_1]).LastOrDefault()' uses First/FirstOrDefault/Last/LastOrDefault operation without OrderBy and filter which may lead to unpredictable results.
2024-09-17 12:40:59.5827|WARN|Microsoft.EntityFrameworkCore.Query|The LINQ expression 'GroupBy([x].UserId, [x])' could not be translated and will be evaluated locally.
2024-09-17 12:40:59.5984|WARN|Microsoft.EntityFrameworkCore.Query|The LINQ expression 'LastOrDefault()' could not be translated and will be evaluated locally.
2024-09-17 12:41:06.6399|WARN|Microsoft.EntityFrameworkCore.Query|Query: '(from HairProfile <generated>_1 in [g] select (Nullable<bool>)[<generated>_1].IsActive).FirstOrDefau...' uses First/FirstOrDefault/Last/LastOrDefault operation without OrderBy and filter which may lead to unpredictable results.
2024-09-17 12:41:06.6399|WARN|Microsoft.EntityFrameworkCore.Query|Query: '(from HairProfile <generated>_1 in [g] select (Nullable<bool>)[<generated>_1].IsActive).FirstOrDefau...' uses First/FirstOrDefault/Last/LastOrDefault operation without OrderBy and filter which may lead to unpredictable results.
2024-09-17 12:41:06.6465|WARN|Microsoft.EntityFrameworkCore.Query|Query: '(from HairProfile <generated>_1 in [g] select (Nullable<bool>)[<generated>_1].IsActive).FirstOrDefau...' uses First/FirstOrDefault/Last/LastOrDefault operation without OrderBy and filter which may lead to unpredictable results.
2024-09-17 12:41:06.6465|WARN|Microsoft.EntityFrameworkCore.Query|Query: '(from HairProfile <generated>_1 in [g] select (Nullable<bool>)[<generated>_1].IsActive).FirstOrDefau...' uses First/FirstOrDefault/Last/LastOrDefault operation without OrderBy and filter which may lead to unpredictable results.
2024-09-17 12:41:06.6465|WARN|Microsoft.EntityFrameworkCore.Query|Query: '(from QuestionAnswerModel <generated>_1 in [x] select [<generated>_1]).LastOrDefault()' uses First/FirstOrDefault/Last/LastOrDefault operation without OrderBy and filter which may lead to unpredictable results.
2024-09-17 12:41:06.6729|WARN|Microsoft.EntityFrameworkCore.Query|The LINQ expression 'join HairProfile hp in __p_0 on [usr].Email equals [hp].UserId' could not be translated and will be evaluated locally.
2024-09-17 12:41:06.6729|WARN|Microsoft.EntityFrameworkCore.Query|The LINQ expression 'DefaultIfEmpty()' could not be translated and will be evaluated locally.
2024-09-17 12:41:06.6800|WARN|Microsoft.EntityFrameworkCore.Query|The LINQ expression 'DefaultIfEmpty()' could not be translated and will be evaluated locally.
2024-09-17 12:41:06.6800|WARN|Microsoft.EntityFrameworkCore.Query|The LINQ expression 'from HairProfile a in {[g] => DefaultIfEmpty()}' could not be translated and will be evaluated locally.
2024-09-17 12:41:06.6957|WARN|Microsoft.EntityFrameworkCore.Query|The LINQ expression 'FirstOrDefault()' could not be translated and will be evaluated locally.
2024-09-17 12:41:06.6957|WARN|Microsoft.EntityFrameworkCore.Query|The LINQ expression 'FirstOrDefault()' could not be translated and will be evaluated locally.
2024-09-17 12:41:06.6957|WARN|Microsoft.EntityFrameworkCore.Query|The LINQ expression 'where (([y].UserId == [quest].UserId) AndAlso ([y].QA == [quest].QA))' could not be translated and will be evaluated locally.
2024-09-17 12:41:06.7094|WARN|Microsoft.EntityFrameworkCore.Query|The LINQ expression 'FirstOrDefault()' could not be translated and will be evaluated locally.
2024-09-17 12:41:06.7094|WARN|Microsoft.EntityFrameworkCore.Query|The LINQ expression 'where (([y].UserId == [quest].UserId) AndAlso ([y].QA == [quest].QA))' could not be translated and will be evaluated locally.
2024-09-17 12:41:06.7094|WARN|Microsoft.EntityFrameworkCore.Query|The LINQ expression 'FirstOrDefault()' could not be translated and will be evaluated locally.
2024-09-17 12:41:06.7094|WARN|Microsoft.EntityFrameworkCore.Query|The LINQ expression 'FirstOrDefault()' could not be translated and will be evaluated locally.
2024-09-17 12:41:06.7271|WARN|Microsoft.EntityFrameworkCore.Query|The LINQ expression 'where (([y].UserId == [quest].UserId) AndAlso ([y].QA == [quest].QA))' could not be translated and will be evaluated locally.
2024-09-17 12:41:06.7271|WARN|Microsoft.EntityFrameworkCore.Query|The LINQ expression 'FirstOrDefault()' could not be translated and will be evaluated locally.
2024-09-17 12:41:06.7416|WARN|Microsoft.EntityFrameworkCore.Query|The LINQ expression 'GroupBy([quest].UserId.ToLower(), new QuestionAnswerModel() {UserId = [quest].UserId, UserName = (([usr].FirstName + " ") + [usr].LastName), UserEmail = [usr].Email, CustomerType = [usr].CustomerType, CreatedOn = [quest].CreatedOn, IsDraft = Convert((?[a] | (?[a] | ([a]?.IsDrafted == True)? == True)? == True), Nullable`1), CustomerTypeId = [usr].CustomerTypeId, IsHHCPExist = {from HairProfile <generated>_1 in [g] select Convert([<generated>_1].IsActive, Nullable`1) => FirstOrDefault()}, CustomerQAFrom = [custtype].Description, QuestionCount = {from <>f__AnonymousType34`3 y in __qstnrs_1 where (([y].UserId == [quest].UserId) AndAlso ([y].QA == [quest].QA)) select Convert([y].cnt, Nullable`1) => FirstOrDefault()}})' could not be translated and will be evaluated locally.
2024-09-17 12:41:06.7602|WARN|Microsoft.EntityFrameworkCore.Query|The LINQ expression 'join HairProfile hp in __p_0 on [usr].Email equals [hp].UserId' could not be translated and will be evaluated locally.
2024-09-17 12:41:06.7602|WARN|Microsoft.EntityFrameworkCore.Query|The LINQ expression 'DefaultIfEmpty()' could not be translated and will be evaluated locally.
2024-09-17 12:41:06.7602|WARN|Microsoft.EntityFrameworkCore.Query|The LINQ expression 'DefaultIfEmpty()' could not be translated and will be evaluated locally.
2024-09-17 12:41:06.7746|WARN|Microsoft.EntityFrameworkCore.Query|The LINQ expression 'from HairProfile a in {[g] => DefaultIfEmpty()}' could not be translated and will be evaluated locally.
2024-09-17 12:41:06.7746|WARN|Microsoft.EntityFrameworkCore.Query|The LINQ expression 'FirstOrDefault()' could not be translated and will be evaluated locally.
2024-09-17 12:41:06.7746|WARN|Microsoft.EntityFrameworkCore.Query|The LINQ expression 'FirstOrDefault()' could not be translated and will be evaluated locally.
2024-09-17 12:41:06.7900|WARN|Microsoft.EntityFrameworkCore.Query|The LINQ expression 'where (([y].UserId == [quest].UserId) AndAlso ([y].QA == [quest].QA))' could not be translated and will be evaluated locally.
2024-09-17 12:41:06.7900|WARN|Microsoft.EntityFrameworkCore.Query|The LINQ expression 'FirstOrDefault()' could not be translated and will be evaluated locally.
2024-09-17 12:41:06.7900|WARN|Microsoft.EntityFrameworkCore.Query|The LINQ expression 'where (([y].UserId == [quest].UserId) AndAlso ([y].QA == [quest].QA))' could not be translated and will be evaluated locally.
2024-09-17 12:41:06.7900|WARN|Microsoft.EntityFrameworkCore.Query|The LINQ expression 'FirstOrDefault()' could not be translated and will be evaluated locally.
2024-09-17 12:41:06.8075|WARN|Microsoft.EntityFrameworkCore.Query|The LINQ expression 'FirstOrDefault()' could not be translated and will be evaluated locally.
2024-09-17 12:41:06.8075|WARN|Microsoft.EntityFrameworkCore.Query|The LINQ expression 'where (([y].UserId == [quest].UserId) AndAlso ([y].QA == [quest].QA))' could not be translated and will be evaluated locally.
2024-09-17 12:41:06.8075|WARN|Microsoft.EntityFrameworkCore.Query|The LINQ expression 'FirstOrDefault()' could not be translated and will be evaluated locally.
2024-09-17 12:41:06.8201|WARN|Microsoft.EntityFrameworkCore.Query|The LINQ expression 'GroupBy([quest].UserId.ToLower(), new QuestionAnswerModel() {UserId = [quest].UserId, UserName = (([usr].FirstName + " ") + [usr].LastName), UserEmail = [usr].Email, CustomerType = [usr].CustomerType, CreatedOn = [quest].CreatedOn, IsDraft = Convert((?[a] | (?[a] | ([a]?.IsDrafted == True)? == True)? == True), Nullable`1), CustomerTypeId = [usr].CustomerTypeId, IsHHCPExist = {from HairProfile <generated>_1 in [g] select Convert([<generated>_1].IsActive, Nullable`1) => FirstOrDefault()}, CustomerQAFrom = [custtype].Description, QuestionCount = {from <>f__AnonymousType34`3 y in __qstnrs_1 where (([y].UserId == [quest].UserId) AndAlso ([y].QA == [quest].QA)) select Convert([y].cnt, Nullable`1) => FirstOrDefault()}})' could not be translated and will be evaluated locally.
2024-09-17 12:41:06.8201|WARN|Microsoft.EntityFrameworkCore.Query|The LINQ expression 'LastOrDefault()' could not be translated and will be evaluated locally.
2024-09-17 12:42:11.2773|WARN|Microsoft.EntityFrameworkCore.Query|Query: '(from HairProfile <generated>_1 in [x] select [<generated>_1]).FirstOrDefault()' uses First/FirstOrDefault/Last/LastOrDefault operation without OrderBy and filter which may lead to unpredictable results.
2024-09-17 12:42:11.2941|WARN|Microsoft.EntityFrameworkCore.Query|The LINQ expression 'GroupBy([x].AttachedQA, [x])' could not be translated and will be evaluated locally.
2024-09-17 12:42:11.2941|WARN|Microsoft.EntityFrameworkCore.Query|The LINQ expression 'FirstOrDefault()' could not be translated and will be evaluated locally.
2024-09-17 12:42:11.8449|WARN|Microsoft.EntityFrameworkCore.Query|Query: '(from QuestionAnswerModel <generated>_1 in [g] select [<generated>_1]).FirstOrDefault()' uses First/FirstOrDefault/Last/LastOrDefault operation without OrderBy and filter which may lead to unpredictable results.
2024-09-17 12:42:11.8925|WARN|Microsoft.EntityFrameworkCore.Query|The LINQ expression 'where ([usr].Id == new Guid(__userId_0))' could not be translated and will be evaluated locally.
2024-09-17 12:42:11.8972|WARN|Microsoft.EntityFrameworkCore.Query|The LINQ expression 'where ([h].AttachedQA == Convert([quest].QA, Nullable`1))' could not be translated and will be evaluated locally.
2024-09-17 12:42:11.8972|WARN|Microsoft.EntityFrameworkCore.Query|The LINQ expression 'Count()' could not be translated and will be evaluated locally.
2024-09-17 12:42:11.8972|WARN|Microsoft.EntityFrameworkCore.Query|The LINQ expression 'where ([h].AttachedQA == Convert([quest].QA, Nullable`1))' could not be translated and will be evaluated locally.
2024-09-17 12:42:11.8972|WARN|Microsoft.EntityFrameworkCore.Query|The LINQ expression 'FirstOrDefault()' could not be translated and will be evaluated locally.
2024-09-17 12:42:11.9125|WARN|Microsoft.EntityFrameworkCore.Query|The LINQ expression 'where ([h].AttachedQA == Convert([quest].QA, Nullable`1))' could not be translated and will be evaluated locally.
2024-09-17 12:42:11.9125|WARN|Microsoft.EntityFrameworkCore.Query|The LINQ expression 'Count()' could not be translated and will be evaluated locally.
2024-09-17 12:42:11.9125|WARN|Microsoft.EntityFrameworkCore.Query|The LINQ expression 'where ([h].AttachedQA == Convert([quest].QA, Nullable`1))' could not be translated and will be evaluated locally.
2024-09-17 12:42:11.9125|WARN|Microsoft.EntityFrameworkCore.Query|The LINQ expression 'FirstOrDefault()' could not be translated and will be evaluated locally.
2024-09-17 12:42:11.9281|WARN|Microsoft.EntityFrameworkCore.Query|The LINQ expression 'where ([h].AttachedQA == Convert([quest].QA, Nullable`1))' could not be translated and will be evaluated locally.
2024-09-17 12:42:11.9281|WARN|Microsoft.EntityFrameworkCore.Query|The LINQ expression 'Count()' could not be translated and will be evaluated locally.
2024-09-17 12:42:11.9281|WARN|Microsoft.EntityFrameworkCore.Query|The LINQ expression 'where ([h].AttachedQA == Convert([quest].QA, Nullable`1))' could not be translated and will be evaluated locally.
2024-09-17 12:42:11.9281|WARN|Microsoft.EntityFrameworkCore.Query|The LINQ expression 'Count()' could not be translated and will be evaluated locally.
2024-09-17 12:42:11.9453|WARN|Microsoft.EntityFrameworkCore.Query|The LINQ expression 'where ([h].AttachedQA == Convert([quest].QA, Nullable`1))' could not be translated and will be evaluated locally.
2024-09-17 12:42:11.9453|WARN|Microsoft.EntityFrameworkCore.Query|The LINQ expression 'Count()' could not be translated and will be evaluated locally.
2024-09-17 12:42:11.9453|WARN|Microsoft.EntityFrameworkCore.Query|The LINQ expression 'where ([h].AttachedQA == Convert([quest].QA, Nullable`1))' could not be translated and will be evaluated locally.
2024-09-17 12:42:11.9649|WARN|Microsoft.EntityFrameworkCore.Query|The LINQ expression 'FirstOrDefault()' could not be translated and will be evaluated locally.
2024-09-17 12:42:11.9649|WARN|Microsoft.EntityFrameworkCore.Query|The LINQ expression 'where ([h].AttachedQA == Convert([quest].QA, Nullable`1))' could not be translated and will be evaluated locally.
2024-09-17 12:42:11.9753|WARN|Microsoft.EntityFrameworkCore.Query|The LINQ expression 'FirstOrDefault()' could not be translated and will be evaluated locally.
2024-09-17 12:42:11.9753|WARN|Microsoft.EntityFrameworkCore.Query|The LINQ expression 'where ([h].AttachedQA == Convert([quest].QA, Nullable`1))' could not be translated and will be evaluated locally.
2024-09-17 12:42:11.9753|WARN|Microsoft.EntityFrameworkCore.Query|The LINQ expression 'FirstOrDefault()' could not be translated and will be evaluated locally.
2024-09-17 12:42:12.0086|WARN|Microsoft.EntityFrameworkCore.Query|The LINQ expression 'where ([h].AttachedQA == Convert([quest].QA, Nullable`1))' could not be translated and will be evaluated locally.
2024-09-17 12:42:12.0086|WARN|Microsoft.EntityFrameworkCore.Query|The LINQ expression 'Count()' could not be translated and will be evaluated locally.
2024-09-17 12:42:12.0086|WARN|Microsoft.EntityFrameworkCore.Query|The LINQ expression 'where ([h].AttachedQA == Convert([quest].QA, Nullable`1))' could not be translated and will be evaluated locally.
2024-09-17 12:42:12.0247|WARN|Microsoft.EntityFrameworkCore.Query|The LINQ expression 'FirstOrDefault()' could not be translated and will be evaluated locally.
2024-09-17 12:42:12.0247|WARN|Microsoft.EntityFrameworkCore.Query|The LINQ expression 'where ([h].AttachedQA == Convert([quest].QA, Nullable`1))' could not be translated and will be evaluated locally.
2024-09-17 12:42:12.0247|WARN|Microsoft.EntityFrameworkCore.Query|The LINQ expression 'Count()' could not be translated and will be evaluated locally.
2024-09-17 12:42:12.0424|WARN|Microsoft.EntityFrameworkCore.Query|The LINQ expression 'where ([h].AttachedQA == Convert([quest].QA, Nullable`1))' could not be translated and will be evaluated locally.
2024-09-17 12:42:12.0424|WARN|Microsoft.EntityFrameworkCore.Query|The LINQ expression 'FirstOrDefault()' could not be translated and will be evaluated locally.
2024-09-17 12:42:12.0424|WARN|Microsoft.EntityFrameworkCore.Query|The LINQ expression 'where ([h].AttachedQA == Convert([quest].QA, Nullable`1))' could not be translated and will be evaluated locally.
2024-09-17 12:42:12.0549|WARN|Microsoft.EntityFrameworkCore.Query|The LINQ expression 'Count()' could not be translated and will be evaluated locally.
2024-09-17 12:42:12.0549|WARN|Microsoft.EntityFrameworkCore.Query|The LINQ expression 'where ([h].AttachedQA == Convert([quest].QA, Nullable`1))' could not be translated and will be evaluated locally.
2024-09-17 12:42:12.0549|WARN|Microsoft.EntityFrameworkCore.Query|The LINQ expression 'Count()' could not be translated and will be evaluated locally.
2024-09-17 12:42:12.0549|WARN|Microsoft.EntityFrameworkCore.Query|The LINQ expression 'where ([h].AttachedQA == Convert([quest].QA, Nullable`1))' could not be translated and will be evaluated locally.
2024-09-17 12:42:12.0715|WARN|Microsoft.EntityFrameworkCore.Query|The LINQ expression 'Count()' could not be translated and will be evaluated locally.
2024-09-17 12:42:12.0715|WARN|Microsoft.EntityFrameworkCore.Query|The LINQ expression 'where ([h].AttachedQA == Convert([quest].QA, Nullable`1))' could not be translated and will be evaluated locally.
2024-09-17 12:42:12.0715|WARN|Microsoft.EntityFrameworkCore.Query|The LINQ expression 'FirstOrDefault()' could not be translated and will be evaluated locally.
2024-09-17 12:42:12.0715|WARN|Microsoft.EntityFrameworkCore.Query|The LINQ expression 'where ([h].AttachedQA == Convert([quest].QA, Nullable`1))' could not be translated and will be evaluated locally.
2024-09-17 12:42:12.0873|WARN|Microsoft.EntityFrameworkCore.Query|The LINQ expression 'FirstOrDefault()' could not be translated and will be evaluated locally.
2024-09-17 12:42:12.0873|WARN|Microsoft.EntityFrameworkCore.Query|The LINQ expression 'where ([h].AttachedQA == Convert([quest].QA, Nullable`1))' could not be translated and will be evaluated locally.
2024-09-17 12:42:12.0873|WARN|Microsoft.EntityFrameworkCore.Query|The LINQ expression 'FirstOrDefault()' could not be translated and will be evaluated locally.
2024-09-17 12:42:12.0873|WARN|Microsoft.EntityFrameworkCore.Query|The LINQ expression 'where (([y].UserId == [quest].UserId) AndAlso ([y].QA == [quest].QA))' could not be translated and will be evaluated locally.
2024-09-17 12:42:12.1030|WARN|Microsoft.EntityFrameworkCore.Query|The LINQ expression 'FirstOrDefault()' could not be translated and will be evaluated locally.
2024-09-17 12:42:12.1030|WARN|Microsoft.EntityFrameworkCore.Query|The LINQ expression 'where (([y].UserId == [quest].UserId) AndAlso ([y].QA == [quest].QA))' could not be translated and will be evaluated locally.
2024-09-17 12:42:12.1030|WARN|Microsoft.EntityFrameworkCore.Query|The LINQ expression 'FirstOrDefault()' could not be translated and will be evaluated locally.
2024-09-17 12:42:12.1170|WARN|Microsoft.EntityFrameworkCore.Query|The LINQ expression 'where ([h].AttachedQA == Convert([quest].QA, Nullable`1))' could not be translated and will be evaluated locally.
2024-09-17 12:42:12.1170|WARN|Microsoft.EntityFrameworkCore.Query|The LINQ expression 'Count()' could not be translated and will be evaluated locally.
2024-09-17 12:42:12.1170|WARN|Microsoft.EntityFrameworkCore.Query|The LINQ expression 'where ([h].AttachedQA == Convert([quest].QA, Nullable`1))' could not be translated and will be evaluated locally.
2024-09-17 12:42:12.1170|WARN|Microsoft.EntityFrameworkCore.Query|The LINQ expression 'FirstOrDefault()' could not be translated and will be evaluated locally.
2024-09-17 12:42:12.1329|WARN|Microsoft.EntityFrameworkCore.Query|The LINQ expression 'where ([h].AttachedQA == Convert([quest].QA, Nullable`1))' could not be translated and will be evaluated locally.
2024-09-17 12:42:12.1329|WARN|Microsoft.EntityFrameworkCore.Query|The LINQ expression 'Count()' could not be translated and will be evaluated locally.
2024-09-17 12:42:12.1329|WARN|Microsoft.EntityFrameworkCore.Query|The LINQ expression 'where ([h].AttachedQA == Convert([quest].QA, Nullable`1))' could not be translated and will be evaluated locally.
2024-09-17 12:42:12.1329|WARN|Microsoft.EntityFrameworkCore.Query|The LINQ expression 'FirstOrDefault()' could not be translated and will be evaluated locally.
2024-09-17 12:42:12.1498|WARN|Microsoft.EntityFrameworkCore.Query|The LINQ expression 'where (([y].UserId == [quest].UserId) AndAlso ([y].QA == [quest].QA))' could not be translated and will be evaluated locally.
2024-09-17 12:42:12.1498|WARN|Microsoft.EntityFrameworkCore.Query|The LINQ expression 'FirstOrDefault()' could not be translated and will be evaluated locally.
2024-09-17 12:42:12.1498|WARN|Microsoft.EntityFrameworkCore.Query|The LINQ expression 'GroupBy(Convert(([quest].QA + 1), Nullable`1), new QuestionAnswerModel() {UserId = [quest].UserId, UserName = (([usr].FirstName + " ") + [usr].LastName), UserEmail = [usr].Email, CustomerType = [usr].CustomerType, CreatedOn = [quest].CreatedOn, IsDraft = Convert(IIF(({from HairProfile h in __hairProfile_1 where ([h].AttachedQA == Convert([quest].QA, Nullable`1)) select [h] => Count()} > 0), Convert({from HairProfile h in __hairProfile_1 where ([h].AttachedQA == Convert([quest].QA, Nullable`1)) select Convert([h].IsDrafted, Nullable`1) => FirstOrDefault()}, Boolean), False), Nullable`1), CustomerTypeId = [usr].CustomerTypeId, IsHHCPExist = Convert(IIF(({from HairProfile h in __hairProfile_1 where ([h].AttachedQA == Convert([quest].QA, Nullable`1)) select [h] => Count()} > 0), Convert({from HairProfile h in __hairProfile_1 where ([h].AttachedQA == Convert([quest].QA, Nullable`1)) select Convert([h].IsActive, Nullable`1) => FirstOrDefault()}, Boolean), False), Nullable`1), CustomerQAFrom = [custtype].Description, QA = Convert(([quest].QA + 1), Nullable`1), QuestionCount = {from <>f__AnonymousType34`3 y in __qstnrs_2 where (([y].UserId == [quest].UserId) AndAlso ([y].QA == [quest].QA)) select Convert([y].cnt, Nullable`1) => FirstOrDefault()}})' could not be translated and will be evaluated locally.
2024-09-17 12:42:12.1680|WARN|Microsoft.EntityFrameworkCore.Query|The LINQ expression 'where ([usr].Id == new Guid(__userId_0))' could not be translated and will be evaluated locally.
2024-09-17 12:42:12.1680|WARN|Microsoft.EntityFrameworkCore.Query|The LINQ expression 'where ([h].AttachedQA == Convert([quest].QA, Nullable`1))' could not be translated and will be evaluated locally.
2024-09-17 12:42:12.1680|WARN|Microsoft.EntityFrameworkCore.Query|The LINQ expression 'Count()' could not be translated and will be evaluated locally.
2024-09-17 12:42:12.1814|WARN|Microsoft.EntityFrameworkCore.Query|The LINQ expression 'where ([h].AttachedQA == Convert([quest].QA, Nullable`1))' could not be translated and will be evaluated locally.
2024-09-17 12:42:12.1814|WARN|Microsoft.EntityFrameworkCore.Query|The LINQ expression 'FirstOrDefault()' could not be translated and will be evaluated locally.
2024-09-17 12:42:12.2118|WARN|Microsoft.EntityFrameworkCore.Query|The LINQ expression 'where ([h].AttachedQA == Convert([quest].QA, Nullable`1))' could not be translated and will be evaluated locally.
2024-09-17 12:42:12.2118|WARN|Microsoft.EntityFrameworkCore.Query|The LINQ expression 'Count()' could not be translated and will be evaluated locally.
2024-09-17 12:42:12.2118|WARN|Microsoft.EntityFrameworkCore.Query|The LINQ expression 'where ([h].AttachedQA == Convert([quest].QA, Nullable`1))' could not be translated and will be evaluated locally.
2024-09-17 12:42:12.2271|WARN|Microsoft.EntityFrameworkCore.Query|The LINQ expression 'FirstOrDefault()' could not be translated and will be evaluated locally.
2024-09-17 12:42:12.2271|WARN|Microsoft.EntityFrameworkCore.Query|The LINQ expression 'where ([h].AttachedQA == Convert([quest].QA, Nullable`1))' could not be translated and will be evaluated locally.
2024-09-17 12:42:12.2271|WARN|Microsoft.EntityFrameworkCore.Query|The LINQ expression 'Count()' could not be translated and will be evaluated locally.
2024-09-17 12:42:12.2406|WARN|Microsoft.EntityFrameworkCore.Query|The LINQ expression 'where ([h].AttachedQA == Convert([quest].QA, Nullable`1))' could not be translated and will be evaluated locally.
2024-09-17 12:42:12.2406|WARN|Microsoft.EntityFrameworkCore.Query|The LINQ expression 'Count()' could not be translated and will be evaluated locally.
2024-09-17 12:42:12.2406|WARN|Microsoft.EntityFrameworkCore.Query|The LINQ expression 'where ([h].AttachedQA == Convert([quest].QA, Nullable`1))' could not be translated and will be evaluated locally.
2024-09-17 12:42:12.2406|WARN|Microsoft.EntityFrameworkCore.Query|The LINQ expression 'Count()' could not be translated and will be evaluated locally.
2024-09-17 12:42:12.2597|WARN|Microsoft.EntityFrameworkCore.Query|The LINQ expression 'where ([h].AttachedQA == Convert([quest].QA, Nullable`1))' could not be translated and will be evaluated locally.
2024-09-17 12:42:12.2597|WARN|Microsoft.EntityFrameworkCore.Query|The LINQ expression 'FirstOrDefault()' could not be translated and will be evaluated locally.
2024-09-17 12:42:12.2597|WARN|Microsoft.EntityFrameworkCore.Query|The LINQ expression 'where ([h].AttachedQA == Convert([quest].QA, Nullable`1))' could not be translated and will be evaluated locally.
2024-09-17 12:42:12.2769|WARN|Microsoft.EntityFrameworkCore.Query|The LINQ expression 'FirstOrDefault()' could not be translated and will be evaluated locally.
2024-09-17 12:42:12.2769|WARN|Microsoft.EntityFrameworkCore.Query|The LINQ expression 'where ([h].AttachedQA == Convert([quest].QA, Nullable`1))' could not be translated and will be evaluated locally.
2024-09-17 12:42:12.2769|WARN|Microsoft.EntityFrameworkCore.Query|The LINQ expression 'FirstOrDefault()' could not be translated and will be evaluated locally.
2024-09-17 12:42:12.2914|WARN|Microsoft.EntityFrameworkCore.Query|The LINQ expression 'where ([h].AttachedQA == Convert([quest].QA, Nullable`1))' could not be translated and will be evaluated locally.
2024-09-17 12:42:12.2914|WARN|Microsoft.EntityFrameworkCore.Query|The LINQ expression 'Count()' could not be translated and will be evaluated locally.
2024-09-17 12:42:12.3033|WARN|Microsoft.EntityFrameworkCore.Query|The LINQ expression 'where ([h].AttachedQA == Convert([quest].QA, Nullable`1))' could not be translated and will be evaluated locally.
2024-09-17 12:42:12.3033|WARN|Microsoft.EntityFrameworkCore.Query|The LINQ expression 'FirstOrDefault()' could not be translated and will be evaluated locally.
2024-09-17 12:42:12.3179|WARN|Microsoft.EntityFrameworkCore.Query|The LINQ expression 'where ([h].AttachedQA == Convert([quest].QA, Nullable`1))' could not be translated and will be evaluated locally.
2024-09-17 12:42:12.3179|WARN|Microsoft.EntityFrameworkCore.Query|The LINQ expression 'Count()' could not be translated and will be evaluated locally.
2024-09-17 12:42:12.3179|WARN|Microsoft.EntityFrameworkCore.Query|The LINQ expression 'where ([h].AttachedQA == Convert([quest].QA, Nullable`1))' could not be translated and will be evaluated locally.
2024-09-17 12:42:12.3370|WARN|Microsoft.EntityFrameworkCore.Query|The LINQ expression 'FirstOrDefault()' could not be translated and will be evaluated locally.
2024-09-17 12:42:12.3370|WARN|Microsoft.EntityFrameworkCore.Query|The LINQ expression 'where ([h].AttachedQA == Convert([quest].QA, Nullable`1))' could not be translated and will be evaluated locally.
2024-09-17 12:42:12.3370|WARN|Microsoft.EntityFrameworkCore.Query|The LINQ expression 'Count()' could not be translated and will be evaluated locally.
2024-09-17 12:42:12.3553|WARN|Microsoft.EntityFrameworkCore.Query|The LINQ expression 'where ([h].AttachedQA == Convert([quest].QA, Nullable`1))' could not be translated and will be evaluated locally.
2024-09-17 12:42:12.3553|WARN|Microsoft.EntityFrameworkCore.Query|The LINQ expression 'Count()' could not be translated and will be evaluated locally.
2024-09-17 12:42:12.3553|WARN|Microsoft.EntityFrameworkCore.Query|The LINQ expression 'where ([h].AttachedQA == Convert([quest].QA, Nullable`1))' could not be translated and will be evaluated locally.
2024-09-17 12:42:12.3692|WARN|Microsoft.EntityFrameworkCore.Query|The LINQ expression 'Count()' could not be translated and will be evaluated locally.
2024-09-17 12:42:12.3692|WARN|Microsoft.EntityFrameworkCore.Query|The LINQ expression 'where ([h].AttachedQA == Convert([quest].QA, Nullable`1))' could not be translated and will be evaluated locally.
2024-09-17 12:42:12.3692|WARN|Microsoft.EntityFrameworkCore.Query|The LINQ expression 'FirstOrDefault()' could not be translated and will be evaluated locally.
2024-09-17 12:42:12.3816|WARN|Microsoft.EntityFrameworkCore.Query|The LINQ expression 'where ([h].AttachedQA == Convert([quest].QA, Nullable`1))' could not be translated and will be evaluated locally.
2024-09-17 12:42:12.3816|WARN|Microsoft.EntityFrameworkCore.Query|The LINQ expression 'FirstOrDefault()' could not be translated and will be evaluated locally.
2024-09-17 12:42:12.3816|WARN|Microsoft.EntityFrameworkCore.Query|The LINQ expression 'where ([h].AttachedQA == Convert([quest].QA, Nullable`1))' could not be translated and will be evaluated locally.
2024-09-17 12:42:12.3816|WARN|Microsoft.EntityFrameworkCore.Query|The LINQ expression 'FirstOrDefault()' could not be translated and will be evaluated locally.
2024-09-17 12:42:12.4068|WARN|Microsoft.EntityFrameworkCore.Query|The LINQ expression 'where (([y].UserId == [quest].UserId) AndAlso ([y].QA == [quest].QA))' could not be translated and will be evaluated locally.
2024-09-17 12:42:12.4201|WARN|Microsoft.EntityFrameworkCore.Query|The LINQ expression 'FirstOrDefault()' could not be translated and will be evaluated locally.
2024-09-17 12:42:12.4201|WARN|Microsoft.EntityFrameworkCore.Query|The LINQ expression 'where (([y].UserId == [quest].UserId) AndAlso ([y].QA == [quest].QA))' could not be translated and will be evaluated locally.
2024-09-17 12:42:12.4339|WARN|Microsoft.EntityFrameworkCore.Query|The LINQ expression 'FirstOrDefault()' could not be translated and will be evaluated locally.
2024-09-17 12:42:12.4339|WARN|Microsoft.EntityFrameworkCore.Query|The LINQ expression 'where ([h].AttachedQA == Convert([quest].QA, Nullable`1))' could not be translated and will be evaluated locally.
2024-09-17 12:42:12.4461|WARN|Microsoft.EntityFrameworkCore.Query|The LINQ expression 'Count()' could not be translated and will be evaluated locally.
2024-09-17 12:42:12.4461|WARN|Microsoft.EntityFrameworkCore.Query|The LINQ expression 'where ([h].AttachedQA == Convert([quest].QA, Nullable`1))' could not be translated and will be evaluated locally.
2024-09-17 12:42:12.4461|WARN|Microsoft.EntityFrameworkCore.Query|The LINQ expression 'FirstOrDefault()' could not be translated and will be evaluated locally.
2024-09-17 12:42:12.4621|WARN|Microsoft.EntityFrameworkCore.Query|The LINQ expression 'where ([h].AttachedQA == Convert([quest].QA, Nullable`1))' could not be translated and will be evaluated locally.
2024-09-17 12:42:12.4621|WARN|Microsoft.EntityFrameworkCore.Query|The LINQ expression 'Count()' could not be translated and will be evaluated locally.
2024-09-17 12:42:12.4621|WARN|Microsoft.EntityFrameworkCore.Query|The LINQ expression 'where ([h].AttachedQA == Convert([quest].QA, Nullable`1))' could not be translated and will be evaluated locally.
2024-09-17 12:42:12.4758|WARN|Microsoft.EntityFrameworkCore.Query|The LINQ expression 'FirstOrDefault()' could not be translated and will be evaluated locally.
2024-09-17 12:42:12.4758|WARN|Microsoft.EntityFrameworkCore.Query|The LINQ expression 'where (([y].UserId == [quest].UserId) AndAlso ([y].QA == [quest].QA))' could not be translated and will be evaluated locally.
2024-09-17 12:42:12.4758|WARN|Microsoft.EntityFrameworkCore.Query|The LINQ expression 'FirstOrDefault()' could not be translated and will be evaluated locally.
2024-09-17 12:42:12.4758|WARN|Microsoft.EntityFrameworkCore.Query|The LINQ expression 'GroupBy(Convert(([quest].QA + 1), Nullable`1), new QuestionAnswerModel() {UserId = [quest].UserId, UserName = (([usr].FirstName + " ") + [usr].LastName), UserEmail = [usr].Email, CustomerType = [usr].CustomerType, CreatedOn = [quest].CreatedOn, IsDraft = Convert(IIF(({from HairProfile h in __hairProfile_1 where ([h].AttachedQA == Convert([quest].QA, Nullable`1)) select [h] => Count()} > 0), Convert({from HairProfile h in __hairProfile_1 where ([h].AttachedQA == Convert([quest].QA, Nullable`1)) select Convert([h].IsDrafted, Nullable`1) => FirstOrDefault()}, Boolean), False), Nullable`1), CustomerTypeId = [usr].CustomerTypeId, IsHHCPExist = Convert(IIF(({from HairProfile h in __hairProfile_1 where ([h].AttachedQA == Convert([quest].QA, Nullable`1)) select [h] => Count()} > 0), Convert({from HairProfile h in __hairProfile_1 where ([h].AttachedQA == Convert([quest].QA, Nullable`1)) select Convert([h].IsActive, Nullable`1) => FirstOrDefault()}, Boolean), False), Nullable`1), CustomerQAFrom = [custtype].Description, QA = Convert(([quest].QA + 1), Nullable`1), QuestionCount = {from <>f__AnonymousType34`3 y in __qstnrs_2 where (([y].UserId == [quest].UserId) AndAlso ([y].QA == [quest].QA)) select Convert([y].cnt, Nullable`1) => FirstOrDefault()}})' could not be translated and will be evaluated locally.
2024-09-17 12:42:12.4952|WARN|Microsoft.EntityFrameworkCore.Query|The LINQ expression 'FirstOrDefault()' could not be translated and will be evaluated locally.
2024-09-17 13:20:40.1225|WARN|Microsoft.EntityFrameworkCore.Query|The LINQ expression 'LastOrDefault()' could not be translated and will be evaluated locally.
2024-09-17 13:20:40.5177|WARN|Microsoft.EntityFrameworkCore.Query|The LINQ expression 'where ([a].SharedBy == new Guid(__hairProfileModel_UserId_9))' could not be translated and will be evaluated locally.
2024-09-17 13:20:40.6142|WARN|Microsoft.EntityFrameworkCore.Query|The LINQ expression 'Any()' could not be translated and will be evaluated locally.
2024-09-17 13:20:40.6569|WARN|Microsoft.EntityFrameworkCore.Query|The LINQ expression 'where ([a].SharedBy == new Guid(__hairProfileModel_UserId_9))' could not be translated and will be evaluated locally.
2024-09-17 13:20:40.6912|WARN|Microsoft.EntityFrameworkCore.Query|The LINQ expression 'Any()' could not be translated and will be evaluated locally.
2024-09-17 13:20:40.7071|WARN|Microsoft.EntityFrameworkCore.Query|The LINQ expression 'where ([a].SharedBy == new Guid(__hairProfileModel_UserId_9))' could not be translated and will be evaluated locally.
2024-09-17 13:20:40.7110|WARN|Microsoft.EntityFrameworkCore.Query|The LINQ expression 'Any()' could not be translated and will be evaluated locally.
2024-09-17 13:20:40.7110|WARN|Microsoft.EntityFrameworkCore.Query|The LINQ expression 'where ([a].SharedBy == new Guid(__hairProfileModel_UserId_9))' could not be translated and will be evaluated locally.
2024-09-17 13:20:40.7311|WARN|Microsoft.EntityFrameworkCore.Query|The LINQ expression 'Any()' could not be translated and will be evaluated locally.
2024-09-17 13:20:40.7311|WARN|Microsoft.EntityFrameworkCore.Query|The LINQ expression 'where ([a].SharedWith == new Guid(__hairProfileModel_UserId_10))' could not be translated and will be evaluated locally.
2024-09-17 13:20:40.7404|WARN|Microsoft.EntityFrameworkCore.Query|The LINQ expression 'Any()' could not be translated and will be evaluated locally.
2024-09-17 13:20:40.7404|WARN|Microsoft.EntityFrameworkCore.Query|The LINQ expression 'where ([a].SharedWith == new Guid(__hairProfileModel_UserId_10))' could not be translated and will be evaluated locally.
2024-09-17 13:20:40.7404|WARN|Microsoft.EntityFrameworkCore.Query|The LINQ expression 'Any()' could not be translated and will be evaluated locally.
2024-09-17 13:20:40.7650|WARN|Microsoft.EntityFrameworkCore.Query|The LINQ expression 'where ([a].SharedWith == new Guid(__hairProfileModel_UserId_10))' could not be translated and will be evaluated locally.
2024-09-17 13:20:40.7722|WARN|Microsoft.EntityFrameworkCore.Query|The LINQ expression 'Any()' could not be translated and will be evaluated locally.
2024-09-17 13:20:40.8316|WARN|Microsoft.EntityFrameworkCore.Query|The LINQ expression 'where ([a].SharedWith == new Guid(__hairProfileModel_UserId_10))' could not be translated and will be evaluated locally.
2024-09-17 13:20:40.8684|WARN|Microsoft.EntityFrameworkCore.Query|The LINQ expression 'Any()' could not be translated and will be evaluated locally.
2024-09-17 13:20:43.1713|WARN|Microsoft.EntityFrameworkCore.Query|The LINQ expression 'LastOrDefault()' could not be translated and will be evaluated locally.
2024-09-17 13:20:47.5274|WARN|Microsoft.EntityFrameworkCore.Query|The Include operation for navigation '[p].HairChallenges' is unnecessary and was ignored because the navigation is not reachable in the final query results. See https://go.microsoft.com/fwlink/?linkid=850303 for more information.
2024-09-17 13:20:47.7888|WARN|Microsoft.EntityFrameworkCore.Query|The Include operation for navigation '[p].HairGoal' is unnecessary and was ignored because the navigation is not reachable in the final query results. See https://go.microsoft.com/fwlink/?linkid=850303 for more information.
2024-09-17 13:21:33.6416|ERROR|MyAvana.Logger.Services.NLogServices|Method: GetHairProfileCustomer, HairProfileId:2164, Error: The time zone ID 'US/Eastern' was not found on the local computer.
2024-09-17 13:21:33.9367|WARN|Microsoft.EntityFrameworkCore.Query|The LINQ expression 'LastOrDefault()' could not be translated and will be evaluated locally.
2024-09-17 13:57:41.4351|ERROR|MyAvana.Logger.Services.NLogServices|Method: GetHairProfileCustomer, HairProfileId:2166, Error: The time zone ID 'US/Eastern' was not found on the local computer.
2024-09-17 14:25:14.4541|WARN|Microsoft.EntityFrameworkCore.Model.Validation|No type was specified for the decimal column 'Price' on entity type 'Tools'. This will cause values to be silently truncated if they do not fit in the default precision and scale. Explicitly specify the SQL server column type that can accommodate all the values using 'HasColumnType()'.
2024-09-17 14:25:14.5589|WARN|Microsoft.EntityFrameworkCore.Model.Validation|No type was specified for the decimal column 'DefaultDecimal1' on entity type 'GenericSetting'. This will cause values to be silently truncated if they do not fit in the default precision and scale. Explicitly specify the SQL server column type that can accommodate all the values using 'HasColumnType()'.
2024-09-17 14:25:14.5589|WARN|Microsoft.EntityFrameworkCore.Model.Validation|No type was specified for the decimal column 'DefaultDecimal2' on entity type 'GenericSetting'. This will cause values to be silently truncated if they do not fit in the default precision and scale. Explicitly specify the SQL server column type that can accommodate all the values using 'HasColumnType()'.
2024-09-17 14:25:14.5718|WARN|Microsoft.EntityFrameworkCore.Model.Validation|No type was specified for the decimal column 'DefaultDecimal3' on entity type 'GenericSetting'. This will cause values to be silently truncated if they do not fit in the default precision and scale. Explicitly specify the SQL server column type that can accommodate all the values using 'HasColumnType()'.
2024-09-17 14:25:14.5718|WARN|Microsoft.EntityFrameworkCore.Model.Validation|No type was specified for the decimal column 'DefaultDecimal4' on entity type 'GenericSetting'. This will cause values to be silently truncated if they do not fit in the default precision and scale. Explicitly specify the SQL server column type that can accommodate all the values using 'HasColumnType()'.
2024-09-17 14:25:14.5718|WARN|Microsoft.EntityFrameworkCore.Model.Validation|No type was specified for the decimal column 'DefaultDecimal5' on entity type 'GenericSetting'. This will cause values to be silently truncated if they do not fit in the default precision and scale. Explicitly specify the SQL server column type that can accommodate all the values using 'HasColumnType()'.
2024-09-17 14:25:14.5844|WARN|Microsoft.EntityFrameworkCore.Model.Validation|No type was specified for the decimal column 'Price' on entity type 'ProductEntity'. This will cause values to be silently truncated if they do not fit in the default precision and scale. Explicitly specify the SQL server column type that can accommodate all the values using 'HasColumnType()'.
2024-09-17 14:25:16.6476|WARN|Microsoft.EntityFrameworkCore.Query|The LINQ expression 'LastOrDefault()' could not be translated and will be evaluated locally.
2024-09-17 14:25:17.0729|WARN|Microsoft.EntityFrameworkCore.Query|The LINQ expression 'where ([a].SharedBy == new Guid(__hairProfileModel_UserId_11))' could not be translated and will be evaluated locally.
2024-09-17 14:25:17.0729|WARN|Microsoft.EntityFrameworkCore.Query|The LINQ expression 'Any()' could not be translated and will be evaluated locally.
2024-09-17 14:25:17.0729|WARN|Microsoft.EntityFrameworkCore.Query|The LINQ expression 'where ([a].SharedBy == new Guid(__hairProfileModel_UserId_11))' could not be translated and will be evaluated locally.
2024-09-17 14:25:17.0934|WARN|Microsoft.EntityFrameworkCore.Query|The LINQ expression 'Any()' could not be translated and will be evaluated locally.
2024-09-17 14:25:17.0934|WARN|Microsoft.EntityFrameworkCore.Query|The LINQ expression 'where ([a].SharedBy == new Guid(__hairProfileModel_UserId_11))' could not be translated and will be evaluated locally.
2024-09-17 14:25:17.1006|WARN|Microsoft.EntityFrameworkCore.Query|The LINQ expression 'Any()' could not be translated and will be evaluated locally.
2024-09-17 14:25:17.1006|WARN|Microsoft.EntityFrameworkCore.Query|The LINQ expression 'where ([a].SharedBy == new Guid(__hairProfileModel_UserId_11))' could not be translated and will be evaluated locally.
2024-09-17 14:25:17.1182|WARN|Microsoft.EntityFrameworkCore.Query|The LINQ expression 'Any()' could not be translated and will be evaluated locally.
2024-09-17 14:25:17.1182|WARN|Microsoft.EntityFrameworkCore.Query|The LINQ expression 'where ([a].SharedWith == new Guid(__hairProfileModel_UserId_12))' could not be translated and will be evaluated locally.
2024-09-17 14:25:17.1182|WARN|Microsoft.EntityFrameworkCore.Query|The LINQ expression 'Any()' could not be translated and will be evaluated locally.
2024-09-17 14:25:17.1330|WARN|Microsoft.EntityFrameworkCore.Query|The LINQ expression 'where ([a].SharedWith == new Guid(__hairProfileModel_UserId_12))' could not be translated and will be evaluated locally.
2024-09-17 14:25:17.1330|WARN|Microsoft.EntityFrameworkCore.Query|The LINQ expression 'Any()' could not be translated and will be evaluated locally.
2024-09-17 14:25:17.1330|WARN|Microsoft.EntityFrameworkCore.Query|The LINQ expression 'where ([a].SharedWith == new Guid(__hairProfileModel_UserId_12))' could not be translated and will be evaluated locally.
2024-09-17 14:25:17.1330|WARN|Microsoft.EntityFrameworkCore.Query|The LINQ expression 'Any()' could not be translated and will be evaluated locally.
2024-09-17 14:25:17.1492|WARN|Microsoft.EntityFrameworkCore.Query|The LINQ expression 'where ([a].SharedWith == new Guid(__hairProfileModel_UserId_12))' could not be translated and will be evaluated locally.
2024-09-17 14:25:17.1492|WARN|Microsoft.EntityFrameworkCore.Query|The LINQ expression 'Any()' could not be translated and will be evaluated locally.
2024-09-17 14:25:20.3088|WARN|Microsoft.EntityFrameworkCore.Query|The LINQ expression 'LastOrDefault()' could not be translated and will be evaluated locally.
2024-09-17 14:25:24.5705|WARN|Microsoft.EntityFrameworkCore.Query|The Include operation for navigation '[p].HairChallenges' is unnecessary and was ignored because the navigation is not reachable in the final query results. See https://go.microsoft.com/fwlink/?linkid=850303 for more information.
2024-09-17 14:25:24.8352|WARN|Microsoft.EntityFrameworkCore.Query|The Include operation for navigation '[p].HairGoal' is unnecessary and was ignored because the navigation is not reachable in the final query results. See https://go.microsoft.com/fwlink/?linkid=850303 for more information.
2024-09-17 14:26:36.4515|ERROR|MyAvana.Logger.Services.NLogServices|Method: GetHairProfileCustomer, HairProfileId:2166, Error: The time zone ID 'US/Eastern' was not found on the local computer.
2024-09-17 14:26:36.7463|WARN|Microsoft.EntityFrameworkCore.Query|The LINQ expression 'LastOrDefault()' could not be translated and will be evaluated locally.
2024-09-17 14:28:55.3206|ERROR|MyAvana.Logger.Services.NLogServices|Method: GetHairProfileCustomer, HairProfileId:2165, Error: The time zone ID 'US/Eastern' was not found on the local computer.
2024-09-17 14:33:48.0832|ERROR|MyAvana.Logger.Services.NLogServices|Method: GetHairProfileCustomer, HairProfileId:2166, Error: The time zone ID 'US/Eastern' was not found on the local computer.
2024-09-17 14:36:23.3023|ERROR|MyAvana.Logger.Services.NLogServices|Method: GetHairProfileCustomer, HairProfileId:2166, Error: The time zone ID 'US/Eastern' was not found on the local computer.
2024-09-17 14:39:48.8467|WARN|Microsoft.EntityFrameworkCore.Query|The LINQ expression 'join Moods Moods in value(Microsoft.EntityFrameworkCore.Query.Internal.EntityQueryable`1[MyAvana.Models.Entities.Moods]) on [z].MoodId equals Convert([Moods].Id, Nullable`1)' could not be translated and will be evaluated locally.
2024-09-17 14:39:48.8558|WARN|Microsoft.EntityFrameworkCore.Query|The LINQ expression 'join Guidances Guidances in value(Microsoft.EntityFrameworkCore.Query.Internal.EntityQueryable`1[MyAvana.Models.Entities.Guidances]) on [z].GuidanceId equals Convert([Guidances].Id, Nullable`1)' could not be translated and will be evaluated locally.
2024-09-17 14:39:48.8663|WARN|Microsoft.EntityFrameworkCore.Query|The LINQ expression 'join HairStyles HairStyles in value(Microsoft.EntityFrameworkCore.Query.Internal.EntityQueryable`1[MyAvana.Models.Entities.HairStyles]) on [z].HairStylesId equals Convert([HairStyles].Id, Nullable`1)' could not be translated and will be evaluated locally.
2024-09-17 14:39:48.8663|WARN|Microsoft.EntityFrameworkCore.Query|The LINQ expression 'join ProductEntity ProductEntities in value(Microsoft.EntityFrameworkCore.Query.Internal.EntityQueryable`1[MyAvanaApi.Models.Entities.ProductEntity]) on [z].ProductEntityId equals Convert([ProductEntities].Id, Nullable`1)' could not be translated and will be evaluated locally.
2024-09-17 14:39:56.4606|WARN|Microsoft.EntityFrameworkCore.Query|Query: '(from HairProfile <generated>_1 in [x] select [<generated>_1]).LastOrDefault()' uses First/FirstOrDefault/Last/LastOrDefault operation without OrderBy and filter which may lead to unpredictable results.
2024-09-17 14:39:56.4767|WARN|Microsoft.EntityFrameworkCore.Query|The LINQ expression 'GroupBy([x].UserId, [x])' could not be translated and will be evaluated locally.
2024-09-17 14:39:56.4767|WARN|Microsoft.EntityFrameworkCore.Query|The LINQ expression 'LastOrDefault()' could not be translated and will be evaluated locally.
2024-09-17 14:40:01.9114|WARN|Microsoft.EntityFrameworkCore.Query|Query: '(from HairProfile <generated>_1 in [g] select (Nullable<bool>)[<generated>_1].IsActive).FirstOrDefau...' uses First/FirstOrDefault/Last/LastOrDefault operation without OrderBy and filter which may lead to unpredictable results.
2024-09-17 14:40:01.9171|WARN|Microsoft.EntityFrameworkCore.Query|Query: '(from HairProfile <generated>_1 in [g] select (Nullable<bool>)[<generated>_1].IsActive).FirstOrDefau...' uses First/FirstOrDefault/Last/LastOrDefault operation without OrderBy and filter which may lead to unpredictable results.
2024-09-17 14:40:01.9171|WARN|Microsoft.EntityFrameworkCore.Query|Query: '(from HairProfile <generated>_1 in [g] select (Nullable<bool>)[<generated>_1].IsActive).FirstOrDefau...' uses First/FirstOrDefault/Last/LastOrDefault operation without OrderBy and filter which may lead to unpredictable results.
2024-09-17 14:40:01.9171|WARN|Microsoft.EntityFrameworkCore.Query|Query: '(from HairProfile <generated>_1 in [g] select (Nullable<bool>)[<generated>_1].IsActive).FirstOrDefau...' uses First/FirstOrDefault/Last/LastOrDefault operation without OrderBy and filter which may lead to unpredictable results.
2024-09-17 14:40:01.9288|WARN|Microsoft.EntityFrameworkCore.Query|Query: '(from QuestionAnswerModel <generated>_1 in [x] select [<generated>_1]).LastOrDefault()' uses First/FirstOrDefault/Last/LastOrDefault operation without OrderBy and filter which may lead to unpredictable results.
2024-09-17 14:40:01.9454|WARN|Microsoft.EntityFrameworkCore.Query|The LINQ expression 'join HairProfile hp in __p_0 on [usr].Email equals [hp].UserId' could not be translated and will be evaluated locally.
2024-09-17 14:40:01.9454|WARN|Microsoft.EntityFrameworkCore.Query|The LINQ expression 'DefaultIfEmpty()' could not be translated and will be evaluated locally.
2024-09-17 14:40:01.9454|WARN|Microsoft.EntityFrameworkCore.Query|The LINQ expression 'DefaultIfEmpty()' could not be translated and will be evaluated locally.
2024-09-17 14:40:01.9596|WARN|Microsoft.EntityFrameworkCore.Query|The LINQ expression 'from HairProfile a in {[g] => DefaultIfEmpty()}' could not be translated and will be evaluated locally.
2024-09-17 14:40:01.9596|WARN|Microsoft.EntityFrameworkCore.Query|The LINQ expression 'FirstOrDefault()' could not be translated and will be evaluated locally.
2024-09-17 14:40:01.9596|WARN|Microsoft.EntityFrameworkCore.Query|The LINQ expression 'FirstOrDefault()' could not be translated and will be evaluated locally.
2024-09-17 14:40:01.9596|WARN|Microsoft.EntityFrameworkCore.Query|The LINQ expression 'where (([y].UserId == [quest].UserId) AndAlso ([y].QA == [quest].QA))' could not be translated and will be evaluated locally.
2024-09-17 14:40:01.9782|WARN|Microsoft.EntityFrameworkCore.Query|The LINQ expression 'FirstOrDefault()' could not be translated and will be evaluated locally.
2024-09-17 14:40:01.9782|WARN|Microsoft.EntityFrameworkCore.Query|The LINQ expression 'where (([y].UserId == [quest].UserId) AndAlso ([y].QA == [quest].QA))' could not be translated and will be evaluated locally.
2024-09-17 14:40:01.9782|WARN|Microsoft.EntityFrameworkCore.Query|The LINQ expression 'FirstOrDefault()' could not be translated and will be evaluated locally.
2024-09-17 14:40:01.9941|WARN|Microsoft.EntityFrameworkCore.Query|The LINQ expression 'FirstOrDefault()' could not be translated and will be evaluated locally.
2024-09-17 14:40:01.9941|WARN|Microsoft.EntityFrameworkCore.Query|The LINQ expression 'where (([y].UserId == [quest].UserId) AndAlso ([y].QA == [quest].QA))' could not be translated and will be evaluated locally.
2024-09-17 14:40:02.0071|WARN|Microsoft.EntityFrameworkCore.Query|The LINQ expression 'FirstOrDefault()' could not be translated and will be evaluated locally.
2024-09-17 14:40:02.0071|WARN|Microsoft.EntityFrameworkCore.Query|The LINQ expression 'GroupBy([quest].UserId.ToLower(), new QuestionAnswerModel() {UserId = [quest].UserId, UserName = (([usr].FirstName + " ") + [usr].LastName), UserEmail = [usr].Email, CustomerType = [usr].CustomerType, CreatedOn = [quest].CreatedOn, IsDraft = Convert((?[a] | (?[a] | ([a]?.IsDrafted == True)? == True)? == True), Nullable`1), CustomerTypeId = [usr].CustomerTypeId, IsHHCPExist = {from HairProfile <generated>_1 in [g] select Convert([<generated>_1].IsActive, Nullable`1) => FirstOrDefault()}, CustomerQAFrom = [custtype].Description, QuestionCount = {from <>f__AnonymousType34`3 y in __qstnrs_1 where (([y].UserId == [quest].UserId) AndAlso ([y].QA == [quest].QA)) select Convert([y].cnt, Nullable`1) => FirstOrDefault()}})' could not be translated and will be evaluated locally.
2024-09-17 14:40:02.0331|WARN|Microsoft.EntityFrameworkCore.Query|The LINQ expression 'join HairProfile hp in __p_0 on [usr].Email equals [hp].UserId' could not be translated and will be evaluated locally.
2024-09-17 14:40:02.0370|WARN|Microsoft.EntityFrameworkCore.Query|The LINQ expression 'DefaultIfEmpty()' could not be translated and will be evaluated locally.
2024-09-17 14:40:02.0370|WARN|Microsoft.EntityFrameworkCore.Query|The LINQ expression 'DefaultIfEmpty()' could not be translated and will be evaluated locally.
2024-09-17 14:40:02.0370|WARN|Microsoft.EntityFrameworkCore.Query|The LINQ expression 'from HairProfile a in {[g] => DefaultIfEmpty()}' could not be translated and will be evaluated locally.
2024-09-17 14:40:02.0370|WARN|Microsoft.EntityFrameworkCore.Query|The LINQ expression 'FirstOrDefault()' could not be translated and will be evaluated locally.
2024-09-17 14:40:02.0539|WARN|Microsoft.EntityFrameworkCore.Query|The LINQ expression 'FirstOrDefault()' could not be translated and will be evaluated locally.
2024-09-17 14:40:02.0539|WARN|Microsoft.EntityFrameworkCore.Query|The LINQ expression 'where (([y].UserId == [quest].UserId) AndAlso ([y].QA == [quest].QA))' could not be translated and will be evaluated locally.
2024-09-17 14:40:02.0539|WARN|Microsoft.EntityFrameworkCore.Query|The LINQ expression 'FirstOrDefault()' could not be translated and will be evaluated locally.
2024-09-17 14:40:02.0750|WARN|Microsoft.EntityFrameworkCore.Query|The LINQ expression 'where (([y].UserId == [quest].UserId) AndAlso ([y].QA == [quest].QA))' could not be translated and will be evaluated locally.
2024-09-17 14:40:02.0750|WARN|Microsoft.EntityFrameworkCore.Query|The LINQ expression 'FirstOrDefault()' could not be translated and will be evaluated locally.
2024-09-17 14:40:02.0841|WARN|Microsoft.EntityFrameworkCore.Query|The LINQ expression 'FirstOrDefault()' could not be translated and will be evaluated locally.
2024-09-17 14:40:02.0841|WARN|Microsoft.EntityFrameworkCore.Query|The LINQ expression 'where (([y].UserId == [quest].UserId) AndAlso ([y].QA == [quest].QA))' could not be translated and will be evaluated locally.
2024-09-17 14:40:02.1058|WARN|Microsoft.EntityFrameworkCore.Query|The LINQ expression 'FirstOrDefault()' could not be translated and will be evaluated locally.
2024-09-17 14:40:02.1165|WARN|Microsoft.EntityFrameworkCore.Query|The LINQ expression 'GroupBy([quest].UserId.ToLower(), new QuestionAnswerModel() {UserId = [quest].UserId, UserName = (([usr].FirstName + " ") + [usr].LastName), UserEmail = [usr].Email, CustomerType = [usr].CustomerType, CreatedOn = [quest].CreatedOn, IsDraft = Convert((?[a] | (?[a] | ([a]?.IsDrafted == True)? == True)? == True), Nullable`1), CustomerTypeId = [usr].CustomerTypeId, IsHHCPExist = {from HairProfile <generated>_1 in [g] select Convert([<generated>_1].IsActive, Nullable`1) => FirstOrDefault()}, CustomerQAFrom = [custtype].Description, QuestionCount = {from <>f__AnonymousType34`3 y in __qstnrs_1 where (([y].UserId == [quest].UserId) AndAlso ([y].QA == [quest].QA)) select Convert([y].cnt, Nullable`1) => FirstOrDefault()}})' could not be translated and will be evaluated locally.
2024-09-17 14:40:02.1165|WARN|Microsoft.EntityFrameworkCore.Query|The LINQ expression 'LastOrDefault()' could not be translated and will be evaluated locally.
2024-09-17 14:40:03.2070|ERROR|MyAvana.Logger.Services.NLogServices|Method: GetHairProfileCustomer, HairProfileId:2166, Error: The time zone ID 'US/Eastern' was not found on the local computer.
2024-09-17 14:41:59.9610|ERROR|MyAvana.Logger.Services.NLogServices|Method: GetHairProfileCustomer, HairProfileId:2166, Error: The time zone ID 'US/Eastern' was not found on the local computer.
