2024-08-22 12:52:38.0927|1|INFO|Microsoft.AspNetCore.Hosting.Internal.WebHost|Request starting HTTP/1.1 GET http://localhost:5002/api/values   
2024-08-22 12:52:40.2114|3|INFO|Microsoft.AspNetCore.Mvc.Internal.ControllerActionInvoker|Route matched with {action = "Get", controller = "Values"}. Executing controller action with signature Microsoft.AspNetCore.Mvc.ActionResult`1[System.Collections.Generic.IEnumerable`1[System.String]] Get() on controller MyAvana.Auth.Api.Controllers.ValuesController (MyAvana.Auth.Api). 
2024-08-22 12:52:40.2515|1|INFO|Microsoft.AspNetCore.Mvc.Internal.ControllerActionInvoker|Executing action method MyAvana.Auth.Api.Controllers.ValuesController.Get (MyAvana.Auth.Api) - Validation state: Valid 
2024-08-22 12:52:40.2895|2|INFO|Microsoft.AspNetCore.Mvc.Internal.ControllerActionInvoker|Executed action method MyAvana.Auth.Api.Controllers.ValuesController.Get (MyAvana.Auth.Api), returned result Microsoft.AspNetCore.Mvc.ObjectResult in 1.1087ms. 
2024-08-22 12:52:40.3816|1|INFO|Microsoft.AspNetCore.Mvc.Infrastructure.ObjectResultExecutor|Executing ObjectResult, writing value of type 'System.String[]'. 
2024-08-22 12:52:41.3103|2|INFO|Microsoft.AspNetCore.Mvc.Internal.ControllerActionInvoker|Executed action MyAvana.Auth.Api.Controllers.ValuesController.Get (MyAvana.Auth.Api) in 958.7896ms 
2024-08-22 12:52:41.4794|2|INFO|Microsoft.AspNetCore.Hosting.Internal.WebHost|Request finished in 3327.0975ms 200 application/json; charset=utf-8 
2024-08-22 12:52:53.0380|1|INFO|Microsoft.AspNetCore.Hosting.Internal.WebHost|Request starting HTTP/1.1 GET http://localhost:5002/favicon.ico   
2024-08-22 12:52:53.0642|2|INFO|Microsoft.AspNetCore.Hosting.Internal.WebHost|Request finished in 20.8342ms 404  
2024-08-22 16:57:10.6149|1|INFO|Microsoft.AspNetCore.Hosting.Internal.WebHost|Request starting HTTP/1.1 GET http://localhost:5002/api/values   
2024-08-22 16:57:11.8033|3|INFO|Microsoft.AspNetCore.Mvc.Internal.ControllerActionInvoker|Route matched with {action = "Get", controller = "Values"}. Executing controller action with signature Microsoft.AspNetCore.Mvc.ActionResult`1[System.Collections.Generic.IEnumerable`1[System.String]] Get() on controller MyAvana.Auth.Api.Controllers.ValuesController (MyAvana.Auth.Api). 
2024-08-22 16:57:11.8722|1|INFO|Microsoft.AspNetCore.Mvc.Internal.ControllerActionInvoker|Executing action method MyAvana.Auth.Api.Controllers.ValuesController.Get (MyAvana.Auth.Api) - Validation state: Valid 
2024-08-22 16:57:11.9978|2|INFO|Microsoft.AspNetCore.Mvc.Internal.ControllerActionInvoker|Executed action method MyAvana.Auth.Api.Controllers.ValuesController.Get (MyAvana.Auth.Api), returned result Microsoft.AspNetCore.Mvc.ObjectResult in 1.0841ms. 
2024-08-22 16:57:12.0368|1|INFO|Microsoft.AspNetCore.Mvc.Infrastructure.ObjectResultExecutor|Executing ObjectResult, writing value of type 'System.String[]'. 
2024-08-22 16:57:12.4679|2|INFO|Microsoft.AspNetCore.Mvc.Internal.ControllerActionInvoker|Executed action MyAvana.Auth.Api.Controllers.ValuesController.Get (MyAvana.Auth.Api) in 617.0884ms 
2024-08-22 16:57:12.5092|2|INFO|Microsoft.AspNetCore.Hosting.Internal.WebHost|Request finished in 1902.0684ms 200 application/json; charset=utf-8 
2024-08-22 16:57:13.2744|1|INFO|Microsoft.AspNetCore.Hosting.Internal.WebHost|Request starting HTTP/1.1 GET http://localhost:5002/favicon.ico   
2024-08-22 16:57:13.2958|2|INFO|Microsoft.AspNetCore.Hosting.Internal.WebHost|Request finished in 10.7927ms 404  
2024-08-22 17:32:51.1241|1|INFO|Microsoft.AspNetCore.Hosting.Internal.WebHost|Request starting HTTP/1.1 GET http://localhost:5002/api/values   
2024-08-22 17:32:51.9920|3|INFO|Microsoft.AspNetCore.Mvc.Internal.ControllerActionInvoker|Route matched with {action = "Get", controller = "Values"}. Executing controller action with signature Microsoft.AspNetCore.Mvc.ActionResult`1[System.Collections.Generic.IEnumerable`1[System.String]] Get() on controller MyAvana.Auth.Api.Controllers.ValuesController (MyAvana.Auth.Api). 
2024-08-22 17:32:52.0203|1|INFO|Microsoft.AspNetCore.Mvc.Internal.ControllerActionInvoker|Executing action method MyAvana.Auth.Api.Controllers.ValuesController.Get (MyAvana.Auth.Api) - Validation state: Valid 
2024-08-22 17:32:52.0518|2|INFO|Microsoft.AspNetCore.Mvc.Internal.ControllerActionInvoker|Executed action method MyAvana.Auth.Api.Controllers.ValuesController.Get (MyAvana.Auth.Api), returned result Microsoft.AspNetCore.Mvc.ObjectResult in 0.5371ms. 
2024-08-22 17:32:52.0828|1|INFO|Microsoft.AspNetCore.Mvc.Infrastructure.ObjectResultExecutor|Executing ObjectResult, writing value of type 'System.String[]'. 
2024-08-22 17:32:52.5120|2|INFO|Microsoft.AspNetCore.Mvc.Internal.ControllerActionInvoker|Executed action MyAvana.Auth.Api.Controllers.ValuesController.Get (MyAvana.Auth.Api) in 500.6593ms 
2024-08-22 17:32:52.5836|2|INFO|Microsoft.AspNetCore.Hosting.Internal.WebHost|Request finished in 1418.8476ms 200 application/json; charset=utf-8 
2024-08-22 17:32:53.5819|1|INFO|Microsoft.AspNetCore.Hosting.Internal.WebHost|Request starting HTTP/1.1 GET http://localhost:5002/favicon.ico   
2024-08-22 17:32:53.5925|2|INFO|Microsoft.AspNetCore.Hosting.Internal.WebHost|Request finished in 9.26ms 404  
2024-08-22 17:56:23.0854|1|INFO|Microsoft.AspNetCore.Hosting.Internal.WebHost|Request starting HTTP/1.1 GET http://localhost:5002/api/values   
2024-08-22 17:56:24.0706|3|INFO|Microsoft.AspNetCore.Mvc.Internal.ControllerActionInvoker|Route matched with {action = "Get", controller = "Values"}. Executing controller action with signature Microsoft.AspNetCore.Mvc.ActionResult`1[System.Collections.Generic.IEnumerable`1[System.String]] Get() on controller MyAvana.Auth.Api.Controllers.ValuesController (MyAvana.Auth.Api). 
2024-08-22 17:56:24.5059|1|INFO|Microsoft.AspNetCore.Mvc.Internal.ControllerActionInvoker|Executing action method MyAvana.Auth.Api.Controllers.ValuesController.Get (MyAvana.Auth.Api) - Validation state: Valid 
2024-08-22 17:56:24.6383|2|INFO|Microsoft.AspNetCore.Mvc.Internal.ControllerActionInvoker|Executed action method MyAvana.Auth.Api.Controllers.ValuesController.Get (MyAvana.Auth.Api), returned result Microsoft.AspNetCore.Mvc.ObjectResult in 0.5243ms. 
2024-08-22 17:56:24.7144|1|INFO|Microsoft.AspNetCore.Mvc.Infrastructure.ObjectResultExecutor|Executing ObjectResult, writing value of type 'System.String[]'. 
2024-08-22 17:56:26.1811|2|INFO|Microsoft.AspNetCore.Mvc.Internal.ControllerActionInvoker|Executed action MyAvana.Auth.Api.Controllers.ValuesController.Get (MyAvana.Auth.Api) in 1493.175ms 
2024-08-22 17:56:26.3858|2|INFO|Microsoft.AspNetCore.Hosting.Internal.WebHost|Request finished in 3202.2145ms 200 application/json; charset=utf-8 
2024-08-22 17:56:27.2237|1|INFO|Microsoft.AspNetCore.Hosting.Internal.WebHost|Request starting HTTP/1.1 GET http://localhost:5002/favicon.ico   
2024-08-22 17:56:27.5206|2|INFO|Microsoft.AspNetCore.Hosting.Internal.WebHost|Request finished in 320.8489ms 404  
2024-08-22 18:22:40.9049|1|INFO|Microsoft.AspNetCore.Hosting.Internal.WebHost|Request starting HTTP/1.1 GET http://localhost:5002/api/values   
2024-08-22 18:22:41.7446|3|INFO|Microsoft.AspNetCore.Mvc.Internal.ControllerActionInvoker|Route matched with {action = "Get", controller = "Values"}. Executing controller action with signature Microsoft.AspNetCore.Mvc.ActionResult`1[System.Collections.Generic.IEnumerable`1[System.String]] Get() on controller MyAvana.Auth.Api.Controllers.ValuesController (MyAvana.Auth.Api). 
2024-08-22 18:22:41.8074|1|INFO|Microsoft.AspNetCore.Mvc.Internal.ControllerActionInvoker|Executing action method MyAvana.Auth.Api.Controllers.ValuesController.Get (MyAvana.Auth.Api) - Validation state: Valid 
2024-08-22 18:22:41.8235|2|INFO|Microsoft.AspNetCore.Mvc.Internal.ControllerActionInvoker|Executed action method MyAvana.Auth.Api.Controllers.ValuesController.Get (MyAvana.Auth.Api), returned result Microsoft.AspNetCore.Mvc.ObjectResult in 0.5712ms. 
2024-08-22 18:22:41.8988|1|INFO|Microsoft.AspNetCore.Mvc.Infrastructure.ObjectResultExecutor|Executing ObjectResult, writing value of type 'System.String[]'. 
2024-08-22 18:22:42.2959|2|INFO|Microsoft.AspNetCore.Mvc.Internal.ControllerActionInvoker|Executed action MyAvana.Auth.Api.Controllers.ValuesController.Get (MyAvana.Auth.Api) in 522.8031ms 
2024-08-22 18:22:42.3454|2|INFO|Microsoft.AspNetCore.Hosting.Internal.WebHost|Request finished in 1432.8506ms 200 application/json; charset=utf-8 
2024-08-22 18:22:43.4890|1|INFO|Microsoft.AspNetCore.Hosting.Internal.WebHost|Request starting HTTP/1.1 GET http://localhost:5002/favicon.ico   
2024-08-22 18:22:43.5170|2|INFO|Microsoft.AspNetCore.Hosting.Internal.WebHost|Request finished in 13.1436ms 404  
2024-08-22 18:28:42.1812|1|INFO|Microsoft.AspNetCore.Hosting.Internal.WebHost|Request starting HTTP/1.1 GET http://localhost:5002/api/values   
2024-08-22 18:28:43.1622|3|INFO|Microsoft.AspNetCore.Mvc.Internal.ControllerActionInvoker|Route matched with {action = "Get", controller = "Values"}. Executing controller action with signature Microsoft.AspNetCore.Mvc.ActionResult`1[System.Collections.Generic.IEnumerable`1[System.String]] Get() on controller MyAvana.Auth.Api.Controllers.ValuesController (MyAvana.Auth.Api). 
2024-08-22 18:28:43.2166|1|INFO|Microsoft.AspNetCore.Mvc.Internal.ControllerActionInvoker|Executing action method MyAvana.Auth.Api.Controllers.ValuesController.Get (MyAvana.Auth.Api) - Validation state: Valid 
2024-08-22 18:28:43.2618|2|INFO|Microsoft.AspNetCore.Mvc.Internal.ControllerActionInvoker|Executed action method MyAvana.Auth.Api.Controllers.ValuesController.Get (MyAvana.Auth.Api), returned result Microsoft.AspNetCore.Mvc.ObjectResult in 0.5144ms. 
2024-08-22 18:28:43.3142|1|INFO|Microsoft.AspNetCore.Mvc.Infrastructure.ObjectResultExecutor|Executing ObjectResult, writing value of type 'System.String[]'. 
2024-08-22 18:28:43.6688|2|INFO|Microsoft.AspNetCore.Mvc.Internal.ControllerActionInvoker|Executed action MyAvana.Auth.Api.Controllers.ValuesController.Get (MyAvana.Auth.Api) in 475.1096ms 
2024-08-22 18:28:43.7019|2|INFO|Microsoft.AspNetCore.Hosting.Internal.WebHost|Request finished in 1538.4298ms 200 application/json; charset=utf-8 
2024-08-22 18:28:44.9469|1|INFO|Microsoft.AspNetCore.Hosting.Internal.WebHost|Request starting HTTP/1.1 GET http://localhost:5002/favicon.ico   
2024-08-22 18:28:44.9469|2|INFO|Microsoft.AspNetCore.Hosting.Internal.WebHost|Request finished in 11.7286ms 404  
2024-08-22 18:31:13.3181|1|INFO|Microsoft.AspNetCore.Hosting.Internal.WebHost|Request starting HTTP/1.1 GET http://localhost:5002/api/values   
2024-08-22 18:31:14.0850|3|INFO|Microsoft.AspNetCore.Mvc.Internal.ControllerActionInvoker|Route matched with {action = "Get", controller = "Values"}. Executing controller action with signature Microsoft.AspNetCore.Mvc.ActionResult`1[System.Collections.Generic.IEnumerable`1[System.String]] Get() on controller MyAvana.Auth.Api.Controllers.ValuesController (MyAvana.Auth.Api). 
2024-08-22 18:31:14.1259|1|INFO|Microsoft.AspNetCore.Mvc.Internal.ControllerActionInvoker|Executing action method MyAvana.Auth.Api.Controllers.ValuesController.Get (MyAvana.Auth.Api) - Validation state: Valid 
2024-08-22 18:31:14.1939|2|INFO|Microsoft.AspNetCore.Mvc.Internal.ControllerActionInvoker|Executed action method MyAvana.Auth.Api.Controllers.ValuesController.Get (MyAvana.Auth.Api), returned result Microsoft.AspNetCore.Mvc.ObjectResult in 0.5567ms. 
2024-08-22 18:31:14.2621|1|INFO|Microsoft.AspNetCore.Mvc.Infrastructure.ObjectResultExecutor|Executing ObjectResult, writing value of type 'System.String[]'. 
2024-08-22 18:31:14.6937|2|INFO|Microsoft.AspNetCore.Mvc.Internal.ControllerActionInvoker|Executed action MyAvana.Auth.Api.Controllers.ValuesController.Get (MyAvana.Auth.Api) in 551.8331ms 
2024-08-22 18:31:14.7425|2|INFO|Microsoft.AspNetCore.Hosting.Internal.WebHost|Request finished in 1449.0784ms 200 application/json; charset=utf-8 
2024-08-22 18:31:15.9509|1|INFO|Microsoft.AspNetCore.Hosting.Internal.WebHost|Request starting HTTP/1.1 GET http://localhost:5002/favicon.ico   
2024-08-22 18:31:15.9779|2|INFO|Microsoft.AspNetCore.Hosting.Internal.WebHost|Request finished in 13.3772ms 404  
2024-08-22 18:39:40.2340|1|INFO|Microsoft.AspNetCore.Hosting.Internal.WebHost|Request starting HTTP/1.1 GET http://localhost:5002/api/values   
2024-08-22 18:39:41.1264|3|INFO|Microsoft.AspNetCore.Mvc.Internal.ControllerActionInvoker|Route matched with {action = "Get", controller = "Values"}. Executing controller action with signature Microsoft.AspNetCore.Mvc.ActionResult`1[System.Collections.Generic.IEnumerable`1[System.String]] Get() on controller MyAvana.Auth.Api.Controllers.ValuesController (MyAvana.Auth.Api). 
2024-08-22 18:39:41.1593|1|INFO|Microsoft.AspNetCore.Mvc.Internal.ControllerActionInvoker|Executing action method MyAvana.Auth.Api.Controllers.ValuesController.Get (MyAvana.Auth.Api) - Validation state: Valid 
2024-08-22 18:39:41.1830|2|INFO|Microsoft.AspNetCore.Mvc.Internal.ControllerActionInvoker|Executed action method MyAvana.Auth.Api.Controllers.ValuesController.Get (MyAvana.Auth.Api), returned result Microsoft.AspNetCore.Mvc.ObjectResult in 0.4825ms. 
2024-08-22 18:39:41.2137|1|INFO|Microsoft.AspNetCore.Mvc.Infrastructure.ObjectResultExecutor|Executing ObjectResult, writing value of type 'System.String[]'. 
2024-08-22 18:39:41.5312|2|INFO|Microsoft.AspNetCore.Mvc.Internal.ControllerActionInvoker|Executed action MyAvana.Auth.Api.Controllers.ValuesController.Get (MyAvana.Auth.Api) in 378.1778ms 
2024-08-22 18:39:41.5804|2|INFO|Microsoft.AspNetCore.Hosting.Internal.WebHost|Request finished in 1325.2432ms 200 application/json; charset=utf-8 
2024-08-22 18:39:41.8702|1|INFO|Microsoft.AspNetCore.Hosting.Internal.WebHost|Request starting HTTP/1.1 GET http://localhost:5002/favicon.ico   
2024-08-22 18:39:41.8859|2|INFO|Microsoft.AspNetCore.Hosting.Internal.WebHost|Request finished in 10.2087ms 404  
2024-08-22 19:01:30.7143|1|INFO|Microsoft.AspNetCore.Hosting.Internal.WebHost|Request starting HTTP/1.1 GET http://localhost:5002/api/values   
2024-08-22 19:01:31.8518|3|INFO|Microsoft.AspNetCore.Mvc.Internal.ControllerActionInvoker|Route matched with {action = "Get", controller = "Values"}. Executing controller action with signature Microsoft.AspNetCore.Mvc.ActionResult`1[System.Collections.Generic.IEnumerable`1[System.String]] Get() on controller MyAvana.Auth.Api.Controllers.ValuesController (MyAvana.Auth.Api). 
2024-08-22 19:01:31.9042|1|INFO|Microsoft.AspNetCore.Mvc.Internal.ControllerActionInvoker|Executing action method MyAvana.Auth.Api.Controllers.ValuesController.Get (MyAvana.Auth.Api) - Validation state: Valid 
2024-08-22 19:01:31.9408|2|INFO|Microsoft.AspNetCore.Mvc.Internal.ControllerActionInvoker|Executed action method MyAvana.Auth.Api.Controllers.ValuesController.Get (MyAvana.Auth.Api), returned result Microsoft.AspNetCore.Mvc.ObjectResult in 0.5254ms. 
2024-08-22 19:01:31.9826|1|INFO|Microsoft.AspNetCore.Mvc.Infrastructure.ObjectResultExecutor|Executing ObjectResult, writing value of type 'System.String[]'. 
2024-08-22 19:01:32.4813|2|INFO|Microsoft.AspNetCore.Mvc.Internal.ControllerActionInvoker|Executed action MyAvana.Auth.Api.Controllers.ValuesController.Get (MyAvana.Auth.Api) in 602.0002ms 
2024-08-22 19:01:32.5565|2|INFO|Microsoft.AspNetCore.Hosting.Internal.WebHost|Request finished in 1808.928ms 200 application/json; charset=utf-8 
2024-08-22 19:01:34.6512|1|INFO|Microsoft.AspNetCore.Hosting.Internal.WebHost|Request starting HTTP/1.1 GET http://localhost:5002/favicon.ico   
2024-08-22 19:01:34.6750|2|INFO|Microsoft.AspNetCore.Hosting.Internal.WebHost|Request finished in 13.9615ms 404  
