2024-02-15 13:11:04.3840|1|INFO|Microsoft.AspNetCore.Hosting.Internal.WebHost|Request starting HTTP/1.1 GET http://localhost:5002/api/values   
2024-02-15 13:11:05.1402|3|INFO|Microsoft.AspNetCore.Mvc.Internal.ControllerActionInvoker|Route matched with {action = "Get", controller = "Values"}. Executing controller action with signature Microsoft.AspNetCore.Mvc.ActionResult`1[System.Collections.Generic.IEnumerable`1[System.String]] Get() on controller MyAvana.Auth.Api.Controllers.ValuesController (MyAvana.Auth.Api). 
2024-02-15 13:11:05.1651|1|INFO|Microsoft.AspNetCore.Mvc.Internal.ControllerActionInvoker|Executing action method MyAvana.Auth.Api.Controllers.ValuesController.Get (MyAvana.Auth.Api) - Validation state: Valid 
2024-02-15 13:11:05.1755|2|INFO|Microsoft.AspNetCore.Mvc.Internal.ControllerActionInvoker|Executed action method MyAvana.Auth.Api.Controllers.ValuesController.Get (MyAvana.Auth.Api), returned result Microsoft.AspNetCore.Mvc.ObjectResult in 0.5591ms. 
2024-02-15 13:11:05.2761|1|INFO|Microsoft.AspNetCore.Mvc.Infrastructure.ObjectResultExecutor|Executing ObjectResult, writing value of type 'System.String[]'. 
2024-02-15 13:11:05.6126|2|INFO|Microsoft.AspNetCore.Mvc.Internal.ControllerActionInvoker|Executed action MyAvana.Auth.Api.Controllers.ValuesController.Get (MyAvana.Auth.Api) in 456.6255ms 
2024-02-15 13:11:05.6275|2|INFO|Microsoft.AspNetCore.Hosting.Internal.WebHost|Request finished in 1262.4915ms 200 application/json; charset=utf-8 
2024-02-15 13:11:05.7010|1|INFO|Microsoft.AspNetCore.Hosting.Internal.WebHost|Request starting HTTP/1.1 GET http://localhost:5002/favicon.ico   
2024-02-15 13:11:05.7154|2|INFO|Microsoft.AspNetCore.Hosting.Internal.WebHost|Request finished in 10.7449ms 404  
2024-02-15 13:14:59.8849|1|INFO|Microsoft.AspNetCore.Hosting.Internal.WebHost|Request starting HTTP/1.1 POST http://localhost:5002/api/Account/signin application/json; charset=utf-8 74 
2024-02-15 13:15:01.9506|3|INFO|Microsoft.AspNetCore.Mvc.Internal.ControllerActionInvoker|Route matched with {action = "SignIn", controller = "Account"}. Executing controller action with signature Microsoft.AspNetCore.Mvc.IActionResult SignIn(MyAvanaApi.Models.ViewModels.Authentication) on controller MyAvana.Auth.Api.Controllers.AccountController (MyAvana.Auth.Api). 
2024-02-15 13:15:02.3536|1|INFO|Microsoft.AspNetCore.Hosting.Internal.WebHost|Request starting HTTP/1.1 POST http://localhost:5002/api/Account/signin application/json; charset=utf-8 74 
2024-02-15 13:15:02.3536|3|INFO|Microsoft.AspNetCore.Mvc.Internal.ControllerActionInvoker|Route matched with {action = "SignIn", controller = "Account"}. Executing controller action with signature Microsoft.AspNetCore.Mvc.IActionResult SignIn(MyAvanaApi.Models.ViewModels.Authentication) on controller MyAvana.Auth.Api.Controllers.AccountController (MyAvana.Auth.Api). 
2024-02-15 13:15:04.8263|1|INFO|Microsoft.AspNetCore.Hosting.Internal.WebHost|Request starting HTTP/1.1 POST http://localhost:5002/api/Account/signin application/json; charset=utf-8 74 
2024-02-15 13:15:04.8319|3|INFO|Microsoft.AspNetCore.Mvc.Internal.ControllerActionInvoker|Route matched with {action = "SignIn", controller = "Account"}. Executing controller action with signature Microsoft.AspNetCore.Mvc.IActionResult SignIn(MyAvanaApi.Models.ViewModels.Authentication) on controller MyAvana.Auth.Api.Controllers.AccountController (MyAvana.Auth.Api). 
2024-02-15 13:15:04.9057|1|INFO|Microsoft.AspNetCore.Mvc.Internal.ControllerActionInvoker|Executing action method MyAvana.Auth.Api.Controllers.AccountController.SignIn (MyAvana.Auth.Api) - Validation state: Valid 
2024-02-15 13:15:04.9083|1|INFO|Microsoft.AspNetCore.Mvc.Internal.ControllerActionInvoker|Executing action method MyAvana.Auth.Api.Controllers.AccountController.SignIn (MyAvana.Auth.Api) - Validation state: Valid 
2024-02-15 13:15:04.9083|1|INFO|Microsoft.AspNetCore.Mvc.Internal.ControllerActionInvoker|Executing action method MyAvana.Auth.Api.Controllers.AccountController.SignIn (MyAvana.Auth.Api) - Validation state: Valid 
2024-02-15 13:15:06.9356|30000|WARN|Microsoft.EntityFrameworkCore.Model.Validation|No type was specified for the decimal column 'Price' on entity type 'Tools'. This will cause values to be silently truncated if they do not fit in the default precision and scale. Explicitly specify the SQL server column type that can accommodate all the values using 'HasColumnType()'. 
2024-02-15 13:15:06.9424|30000|WARN|Microsoft.EntityFrameworkCore.Model.Validation|No type was specified for the decimal column 'DefaultDecimal1' on entity type 'GenericSetting'. This will cause values to be silently truncated if they do not fit in the default precision and scale. Explicitly specify the SQL server column type that can accommodate all the values using 'HasColumnType()'. 
2024-02-15 13:15:06.9424|30000|WARN|Microsoft.EntityFrameworkCore.Model.Validation|No type was specified for the decimal column 'DefaultDecimal2' on entity type 'GenericSetting'. This will cause values to be silently truncated if they do not fit in the default precision and scale. Explicitly specify the SQL server column type that can accommodate all the values using 'HasColumnType()'. 
2024-02-15 13:15:06.9424|30000|WARN|Microsoft.EntityFrameworkCore.Model.Validation|No type was specified for the decimal column 'DefaultDecimal3' on entity type 'GenericSetting'. This will cause values to be silently truncated if they do not fit in the default precision and scale. Explicitly specify the SQL server column type that can accommodate all the values using 'HasColumnType()'. 
2024-02-15 13:15:06.9568|30000|WARN|Microsoft.EntityFrameworkCore.Model.Validation|No type was specified for the decimal column 'DefaultDecimal4' on entity type 'GenericSetting'. This will cause values to be silently truncated if they do not fit in the default precision and scale. Explicitly specify the SQL server column type that can accommodate all the values using 'HasColumnType()'. 
2024-02-15 13:15:06.9568|30000|WARN|Microsoft.EntityFrameworkCore.Model.Validation|No type was specified for the decimal column 'DefaultDecimal5' on entity type 'GenericSetting'. This will cause values to be silently truncated if they do not fit in the default precision and scale. Explicitly specify the SQL server column type that can accommodate all the values using 'HasColumnType()'. 
2024-02-15 13:15:06.9568|30000|WARN|Microsoft.EntityFrameworkCore.Model.Validation|No type was specified for the decimal column 'Price' on entity type 'ProductEntity'. This will cause values to be silently truncated if they do not fit in the default precision and scale. Explicitly specify the SQL server column type that can accommodate all the values using 'HasColumnType()'. 
2024-02-15 13:15:07.0671|10403|INFO|Microsoft.EntityFrameworkCore.Infrastructure|Entity Framework Core 2.2.6-servicing-10079 initialized 'AvanaContext' using provider 'Microsoft.EntityFrameworkCore.SqlServer' with options: MigrationsAssembly=MyAvana.Auth.Api  
2024-02-15 13:15:07.0671|10403|INFO|Microsoft.EntityFrameworkCore.Infrastructure|Entity Framework Core 2.2.6-servicing-10079 initialized 'AvanaContext' using provider 'Microsoft.EntityFrameworkCore.SqlServer' with options: MigrationsAssembly=MyAvana.Auth.Api  
2024-02-15 13:15:07.0671|10403|INFO|Microsoft.EntityFrameworkCore.Infrastructure|Entity Framework Core 2.2.6-servicing-10079 initialized 'AvanaContext' using provider 'Microsoft.EntityFrameworkCore.SqlServer' with options: MigrationsAssembly=MyAvana.Auth.Api  
2024-02-15 13:15:09.6679|20101|INFO|Microsoft.EntityFrameworkCore.Database.Command|Executed DbCommand (253ms) [Parameters=[@__normalizedUserName_0='?' (Size = 256)], CommandType='Text', CommandTimeout='30']
SELECT TOP(1) [u].[Id], [u].[AIResult], [u].[AccessFailedCount], [u].[AccountNo], [u].[Active], [u].[Address], [u].[BuyHairKit], [u].[City], [u].[ConcurrencyStamp], [u].[Country], [u].[CountryCode], [u].[CreatedAt], [u].[CustomerType], [u].[CustomerTypeId], [u].[DeviceId], [u].[Email], [u].[EmailConfirmed], [u].[FirstName], [u].[HairType], [u].[HubSpotContactId], [u].[ImageURL], [u].[IsAIV2Mobile], [u].[IsBlocked], [u].[IsOnTrial], [u].[IsPaid], [u].[IsProCustomer], [u].[LastModifiedAt], [u].[LastName], [u].[LockoutEnabled], [u].[LockoutEnd], [u].[LoginAlert], [u].[NormalizedEmail], [u].[NormalizedUserName], [u].[PasswordHash], [u].[PhoneNumber], [u].[PhoneNumberConfirmed], [u].[SalonId], [u].[SecurityStamp], [u].[SignupFrom], [u].[State], [u].[StripeCustomerId], [u].[Subscribe], [u].[TicketUserId], [u].[TrialExpiredOn], [u].[TwoFactorEnabled], [u].[TwoFactorTrans], [u].[UserName], [u].[ZipCode]
FROM [AspNetUsers] AS [u]
WHERE [u].[NormalizedUserName] = @__normalizedUserName_0 
2024-02-15 13:15:09.8767||WARN|Microsoft.AspNetCore.Identity.UserManager|Invalid password for user 97eac468-bf76-4202-403b-08dc10211b7c. 
2024-02-15 13:15:09.8767|2|WARN|Microsoft.AspNetCore.Identity.SignInManager|User 97eac468-bf76-4202-403b-08dc10211b7c failed to provide the correct password. 
2024-02-15 13:15:09.8963||ERROR|MyAvana.Logger.Services.NLogServices|Method: SignIn, UserName:stagtest@mailinator.com, Error: Invalid Credentials 
2024-02-15 13:15:09.8963|2|INFO|Microsoft.AspNetCore.Mvc.Internal.ControllerActionInvoker|Executed action method MyAvana.Auth.Api.Controllers.AccountController.SignIn (MyAvana.Auth.Api), returned result Microsoft.AspNetCore.Mvc.BadRequestObjectResult in 4979.5409ms. 
2024-02-15 13:15:09.8963|1|INFO|Microsoft.AspNetCore.Mvc.Infrastructure.ObjectResultExecutor|Executing ObjectResult, writing value of type 'Microsoft.AspNetCore.Mvc.JsonResult'. 
2024-02-15 13:15:09.9335|2|INFO|Microsoft.AspNetCore.Mvc.Internal.ControllerActionInvoker|Executed action MyAvana.Auth.Api.Controllers.AccountController.SignIn (MyAvana.Auth.Api) in 7977.5632ms 
2024-02-15 13:15:09.9410|2|INFO|Microsoft.AspNetCore.Hosting.Internal.WebHost|Request finished in 10058.5847ms 400 application/json; charset=utf-8 
2024-02-15 13:15:10.5149|20101|INFO|Microsoft.EntityFrameworkCore.Database.Command|Executed DbCommand (232ms) [Parameters=[@__normalizedUserName_0='?' (Size = 256)], CommandType='Text', CommandTimeout='30']
SELECT TOP(1) [u].[Id], [u].[AIResult], [u].[AccessFailedCount], [u].[AccountNo], [u].[Active], [u].[Address], [u].[BuyHairKit], [u].[City], [u].[ConcurrencyStamp], [u].[Country], [u].[CountryCode], [u].[CreatedAt], [u].[CustomerType], [u].[CustomerTypeId], [u].[DeviceId], [u].[Email], [u].[EmailConfirmed], [u].[FirstName], [u].[HairType], [u].[HubSpotContactId], [u].[ImageURL], [u].[IsAIV2Mobile], [u].[IsBlocked], [u].[IsOnTrial], [u].[IsPaid], [u].[IsProCustomer], [u].[LastModifiedAt], [u].[LastName], [u].[LockoutEnabled], [u].[LockoutEnd], [u].[LoginAlert], [u].[NormalizedEmail], [u].[NormalizedUserName], [u].[PasswordHash], [u].[PhoneNumber], [u].[PhoneNumberConfirmed], [u].[SalonId], [u].[SecurityStamp], [u].[SignupFrom], [u].[State], [u].[StripeCustomerId], [u].[Subscribe], [u].[TicketUserId], [u].[TrialExpiredOn], [u].[TwoFactorEnabled], [u].[TwoFactorTrans], [u].[UserName], [u].[ZipCode]
FROM [AspNetUsers] AS [u]
WHERE [u].[NormalizedUserName] = @__normalizedUserName_0 
2024-02-15 13:15:10.5186|20101|INFO|Microsoft.EntityFrameworkCore.Database.Command|Executed DbCommand (238ms) [Parameters=[@__normalizedUserName_0='?' (Size = 256)], CommandType='Text', CommandTimeout='30']
SELECT TOP(1) [u].[Id], [u].[AIResult], [u].[AccessFailedCount], [u].[AccountNo], [u].[Active], [u].[Address], [u].[BuyHairKit], [u].[City], [u].[ConcurrencyStamp], [u].[Country], [u].[CountryCode], [u].[CreatedAt], [u].[CustomerType], [u].[CustomerTypeId], [u].[DeviceId], [u].[Email], [u].[EmailConfirmed], [u].[FirstName], [u].[HairType], [u].[HubSpotContactId], [u].[ImageURL], [u].[IsAIV2Mobile], [u].[IsBlocked], [u].[IsOnTrial], [u].[IsPaid], [u].[IsProCustomer], [u].[LastModifiedAt], [u].[LastName], [u].[LockoutEnabled], [u].[LockoutEnd], [u].[LoginAlert], [u].[NormalizedEmail], [u].[NormalizedUserName], [u].[PasswordHash], [u].[PhoneNumber], [u].[PhoneNumberConfirmed], [u].[SalonId], [u].[SecurityStamp], [u].[SignupFrom], [u].[State], [u].[StripeCustomerId], [u].[Subscribe], [u].[TicketUserId], [u].[TrialExpiredOn], [u].[TwoFactorEnabled], [u].[TwoFactorTrans], [u].[UserName], [u].[ZipCode]
FROM [AspNetUsers] AS [u]
WHERE [u].[NormalizedUserName] = @__normalizedUserName_0 
2024-02-15 13:15:10.5513||WARN|Microsoft.AspNetCore.Identity.UserManager|Invalid password for user 97eac468-bf76-4202-403b-08dc10211b7c. 
2024-02-15 13:15:10.5513||WARN|Microsoft.AspNetCore.Identity.UserManager|Invalid password for user 97eac468-bf76-4202-403b-08dc10211b7c. 
2024-02-15 13:15:10.5513|2|WARN|Microsoft.AspNetCore.Identity.SignInManager|User 97eac468-bf76-4202-403b-08dc10211b7c failed to provide the correct password. 
2024-02-15 13:15:10.5641|2|WARN|Microsoft.AspNetCore.Identity.SignInManager|User 97eac468-bf76-4202-403b-08dc10211b7c failed to provide the correct password. 
2024-02-15 13:15:10.5641||ERROR|MyAvana.Logger.Services.NLogServices|Method: SignIn, UserName:stagtest@mailinator.com, Error: Invalid Credentials 
2024-02-15 13:15:10.5641||ERROR|MyAvana.Logger.Services.NLogServices|Method: SignIn, UserName:stagtest@mailinator.com, Error: Invalid Credentials 
2024-02-15 13:15:10.5641|2|INFO|Microsoft.AspNetCore.Mvc.Internal.ControllerActionInvoker|Executed action method MyAvana.Auth.Api.Controllers.AccountController.SignIn (MyAvana.Auth.Api), returned result Microsoft.AspNetCore.Mvc.BadRequestObjectResult in 5650.3576ms. 
2024-02-15 13:15:10.5641|2|INFO|Microsoft.AspNetCore.Mvc.Internal.ControllerActionInvoker|Executed action method MyAvana.Auth.Api.Controllers.AccountController.SignIn (MyAvana.Auth.Api), returned result Microsoft.AspNetCore.Mvc.BadRequestObjectResult in 5655.1736ms. 
2024-02-15 13:15:10.5871|1|INFO|Microsoft.AspNetCore.Mvc.Infrastructure.ObjectResultExecutor|Executing ObjectResult, writing value of type 'Microsoft.AspNetCore.Mvc.JsonResult'. 
2024-02-15 13:15:10.5871|1|INFO|Microsoft.AspNetCore.Mvc.Infrastructure.ObjectResultExecutor|Executing ObjectResult, writing value of type 'Microsoft.AspNetCore.Mvc.JsonResult'. 
2024-02-15 13:15:10.6039|2|INFO|Microsoft.AspNetCore.Mvc.Internal.ControllerActionInvoker|Executed action MyAvana.Auth.Api.Controllers.AccountController.SignIn (MyAvana.Auth.Api) in 5759.2542ms 
2024-02-15 13:15:10.6039|2|INFO|Microsoft.AspNetCore.Mvc.Internal.ControllerActionInvoker|Executed action MyAvana.Auth.Api.Controllers.AccountController.SignIn (MyAvana.Auth.Api) in 8239.021ms 
2024-02-15 13:15:10.6125|2|INFO|Microsoft.AspNetCore.Hosting.Internal.WebHost|Request finished in 8262.6065ms 400 application/json; charset=utf-8 
2024-02-15 13:15:10.6125|2|INFO|Microsoft.AspNetCore.Hosting.Internal.WebHost|Request finished in 5783.9966ms 400 application/json; charset=utf-8 
2024-02-15 13:15:54.7966|1|INFO|Microsoft.AspNetCore.Hosting.Internal.WebHost|Request starting HTTP/1.1 POST http://localhost:5002/api/Account/signin application/json; charset=utf-8 73 
2024-02-15 13:15:54.8009|3|INFO|Microsoft.AspNetCore.Mvc.Internal.ControllerActionInvoker|Route matched with {action = "SignIn", controller = "Account"}. Executing controller action with signature Microsoft.AspNetCore.Mvc.IActionResult SignIn(MyAvanaApi.Models.ViewModels.Authentication) on controller MyAvana.Auth.Api.Controllers.AccountController (MyAvana.Auth.Api). 
2024-02-15 13:15:54.8009|1|INFO|Microsoft.AspNetCore.Mvc.Internal.ControllerActionInvoker|Executing action method MyAvana.Auth.Api.Controllers.AccountController.SignIn (MyAvana.Auth.Api) - Validation state: Valid 
2024-02-15 13:15:54.8250|10403|INFO|Microsoft.EntityFrameworkCore.Infrastructure|Entity Framework Core 2.2.6-servicing-10079 initialized 'AvanaContext' using provider 'Microsoft.EntityFrameworkCore.SqlServer' with options: MigrationsAssembly=MyAvana.Auth.Api  
2024-02-15 13:15:55.0663|20101|INFO|Microsoft.EntityFrameworkCore.Database.Command|Executed DbCommand (229ms) [Parameters=[@__normalizedUserName_0='?' (Size = 256)], CommandType='Text', CommandTimeout='30']
SELECT TOP(1) [u].[Id], [u].[AIResult], [u].[AccessFailedCount], [u].[AccountNo], [u].[Active], [u].[Address], [u].[BuyHairKit], [u].[City], [u].[ConcurrencyStamp], [u].[Country], [u].[CountryCode], [u].[CreatedAt], [u].[CustomerType], [u].[CustomerTypeId], [u].[DeviceId], [u].[Email], [u].[EmailConfirmed], [u].[FirstName], [u].[HairType], [u].[HubSpotContactId], [u].[ImageURL], [u].[IsAIV2Mobile], [u].[IsBlocked], [u].[IsOnTrial], [u].[IsPaid], [u].[IsProCustomer], [u].[LastModifiedAt], [u].[LastName], [u].[LockoutEnabled], [u].[LockoutEnd], [u].[LoginAlert], [u].[NormalizedEmail], [u].[NormalizedUserName], [u].[PasswordHash], [u].[PhoneNumber], [u].[PhoneNumberConfirmed], [u].[SalonId], [u].[SecurityStamp], [u].[SignupFrom], [u].[State], [u].[StripeCustomerId], [u].[Subscribe], [u].[TicketUserId], [u].[TrialExpiredOn], [u].[TwoFactorEnabled], [u].[TwoFactorTrans], [u].[UserName], [u].[ZipCode]
FROM [AspNetUsers] AS [u]
WHERE [u].[NormalizedUserName] = @__normalizedUserName_0 
2024-02-15 13:15:55.3920|20101|INFO|Microsoft.EntityFrameworkCore.Database.Command|Executed DbCommand (235ms) [Parameters=[@__user_Id_0='?' (DbType = Guid)], CommandType='Text', CommandTimeout='30']
SELECT [uc].[Id], [uc].[ClaimType], [uc].[ClaimValue], [uc].[UserId]
FROM [AspNetUserClaims] AS [uc]
WHERE [uc].[UserId] = @__user_Id_0 
2024-02-15 13:15:55.7657|20101|INFO|Microsoft.EntityFrameworkCore.Database.Command|Executed DbCommand (231ms) [Parameters=[@__userId_0='?' (DbType = Guid)], CommandType='Text', CommandTimeout='30']
SELECT [role].[Name]
FROM [AspNetUserRoles] AS [userRole]
INNER JOIN [AspNetRoles] AS [role] ON [userRole].[RoleId] = [role].[Id]
WHERE [userRole].[UserId] = @__userId_0 
2024-02-15 13:15:56.0372|20101|INFO|Microsoft.EntityFrameworkCore.Database.Command|Executed DbCommand (231ms) [Parameters=[@__normalizedName_0='?' (Size = 256)], CommandType='Text', CommandTimeout='30']
SELECT TOP(1) [r].[Id], [r].[ConcurrencyStamp], [r].[Name], [r].[NormalizedName]
FROM [AspNetRoles] AS [r]
WHERE [r].[NormalizedName] = @__normalizedName_0 
2024-02-15 13:15:56.3091|20101|INFO|Microsoft.EntityFrameworkCore.Database.Command|Executed DbCommand (229ms) [Parameters=[@__role_Id_0='?' (DbType = Guid)], CommandType='Text', CommandTimeout='30']
SELECT [rc].[ClaimType], [rc].[ClaimValue]
FROM [AspNetRoleClaims] AS [rc]
WHERE [rc].[RoleId] = @__role_Id_0 
2024-02-15 13:15:56.3331|10|INFO|Microsoft.AspNetCore.Authentication.Cookies.CookieAuthenticationHandler|AuthenticationScheme: Identity.Application signed in. 
2024-02-15 13:15:56.6030|20101|INFO|Microsoft.EntityFrameworkCore.Database.Command|Executed DbCommand (235ms) [Parameters=[@__normalizedEmail_0='?' (Size = 256)], CommandType='Text', CommandTimeout='30']
SELECT TOP(1) [u].[Id], [u].[AIResult], [u].[AccessFailedCount], [u].[AccountNo], [u].[Active], [u].[Address], [u].[BuyHairKit], [u].[City], [u].[ConcurrencyStamp], [u].[Country], [u].[CountryCode], [u].[CreatedAt], [u].[CustomerType], [u].[CustomerTypeId], [u].[DeviceId], [u].[Email], [u].[EmailConfirmed], [u].[FirstName], [u].[HairType], [u].[HubSpotContactId], [u].[ImageURL], [u].[IsAIV2Mobile], [u].[IsBlocked], [u].[IsOnTrial], [u].[IsPaid], [u].[IsProCustomer], [u].[LastModifiedAt], [u].[LastName], [u].[LockoutEnabled], [u].[LockoutEnd], [u].[LoginAlert], [u].[NormalizedEmail], [u].[NormalizedUserName], [u].[PasswordHash], [u].[PhoneNumber], [u].[PhoneNumberConfirmed], [u].[SalonId], [u].[SecurityStamp], [u].[SignupFrom], [u].[State], [u].[StripeCustomerId], [u].[Subscribe], [u].[TicketUserId], [u].[TrialExpiredOn], [u].[TwoFactorEnabled], [u].[TwoFactorTrans], [u].[UserName], [u].[ZipCode]
FROM [AspNetUsers] AS [u]
WHERE [u].[NormalizedEmail] = @__normalizedEmail_0 
2024-02-15 13:15:57.7030|2|INFO|Microsoft.AspNetCore.Mvc.Internal.ControllerActionInvoker|Executed action method MyAvana.Auth.Api.Controllers.AccountController.SignIn (MyAvana.Auth.Api), returned result Microsoft.AspNetCore.Mvc.OkObjectResult in 2887.8505ms. 
2024-02-15 13:15:57.7065|1|INFO|Microsoft.AspNetCore.Mvc.Infrastructure.ObjectResultExecutor|Executing ObjectResult, writing value of type 'Microsoft.AspNetCore.Mvc.JsonResult'. 
2024-02-15 13:15:57.7065|2|INFO|Microsoft.AspNetCore.Mvc.Internal.ControllerActionInvoker|Executed action MyAvana.Auth.Api.Controllers.AccountController.SignIn (MyAvana.Auth.Api) in 2910.9892ms 
2024-02-15 13:15:57.7204|2|INFO|Microsoft.AspNetCore.Hosting.Internal.WebHost|Request finished in 2928.6341ms 200 application/json; charset=utf-8 
2024-02-15 13:22:02.0751|1|INFO|Microsoft.AspNetCore.Hosting.Internal.WebHost|Request starting HTTP/1.1 POST http://localhost:5002/api/Account/signin application/json; charset=utf-8 73 
2024-02-15 13:22:02.0875|3|INFO|Microsoft.AspNetCore.Mvc.Internal.ControllerActionInvoker|Route matched with {action = "SignIn", controller = "Account"}. Executing controller action with signature Microsoft.AspNetCore.Mvc.IActionResult SignIn(MyAvanaApi.Models.ViewModels.Authentication) on controller MyAvana.Auth.Api.Controllers.AccountController (MyAvana.Auth.Api). 
2024-02-15 13:22:02.1021|1|INFO|Microsoft.AspNetCore.Mvc.Internal.ControllerActionInvoker|Executing action method MyAvana.Auth.Api.Controllers.AccountController.SignIn (MyAvana.Auth.Api) - Validation state: Valid 
2024-02-15 13:22:02.1021|10403|INFO|Microsoft.EntityFrameworkCore.Infrastructure|Entity Framework Core 2.2.6-servicing-10079 initialized 'AvanaContext' using provider 'Microsoft.EntityFrameworkCore.SqlServer' with options: MigrationsAssembly=MyAvana.Auth.Api  
2024-02-15 13:22:03.3664|20101|INFO|Microsoft.EntityFrameworkCore.Database.Command|Executed DbCommand (235ms) [Parameters=[@__normalizedUserName_0='?' (Size = 256)], CommandType='Text', CommandTimeout='30']
SELECT TOP(1) [u].[Id], [u].[AIResult], [u].[AccessFailedCount], [u].[AccountNo], [u].[Active], [u].[Address], [u].[BuyHairKit], [u].[City], [u].[ConcurrencyStamp], [u].[Country], [u].[CountryCode], [u].[CreatedAt], [u].[CustomerType], [u].[CustomerTypeId], [u].[DeviceId], [u].[Email], [u].[EmailConfirmed], [u].[FirstName], [u].[HairType], [u].[HubSpotContactId], [u].[ImageURL], [u].[IsAIV2Mobile], [u].[IsBlocked], [u].[IsOnTrial], [u].[IsPaid], [u].[IsProCustomer], [u].[LastModifiedAt], [u].[LastName], [u].[LockoutEnabled], [u].[LockoutEnd], [u].[LoginAlert], [u].[NormalizedEmail], [u].[NormalizedUserName], [u].[PasswordHash], [u].[PhoneNumber], [u].[PhoneNumberConfirmed], [u].[SalonId], [u].[SecurityStamp], [u].[SignupFrom], [u].[State], [u].[StripeCustomerId], [u].[Subscribe], [u].[TicketUserId], [u].[TrialExpiredOn], [u].[TwoFactorEnabled], [u].[TwoFactorTrans], [u].[UserName], [u].[ZipCode]
FROM [AspNetUsers] AS [u]
WHERE [u].[NormalizedUserName] = @__normalizedUserName_0 
2024-02-15 13:22:03.6340|20101|INFO|Microsoft.EntityFrameworkCore.Database.Command|Executed DbCommand (233ms) [Parameters=[@__user_Id_0='?' (DbType = Guid)], CommandType='Text', CommandTimeout='30']
SELECT [uc].[Id], [uc].[ClaimType], [uc].[ClaimValue], [uc].[UserId]
FROM [AspNetUserClaims] AS [uc]
WHERE [uc].[UserId] = @__user_Id_0 
2024-02-15 13:22:03.8810|20101|INFO|Microsoft.EntityFrameworkCore.Database.Command|Executed DbCommand (235ms) [Parameters=[@__userId_0='?' (DbType = Guid)], CommandType='Text', CommandTimeout='30']
SELECT [role].[Name]
FROM [AspNetUserRoles] AS [userRole]
INNER JOIN [AspNetRoles] AS [role] ON [userRole].[RoleId] = [role].[Id]
WHERE [userRole].[UserId] = @__userId_0 
2024-02-15 13:22:04.1193|20101|INFO|Microsoft.EntityFrameworkCore.Database.Command|Executed DbCommand (233ms) [Parameters=[@__normalizedName_0='?' (Size = 256)], CommandType='Text', CommandTimeout='30']
SELECT TOP(1) [r].[Id], [r].[ConcurrencyStamp], [r].[Name], [r].[NormalizedName]
FROM [AspNetRoles] AS [r]
WHERE [r].[NormalizedName] = @__normalizedName_0 
2024-02-15 13:22:04.3574|20101|INFO|Microsoft.EntityFrameworkCore.Database.Command|Executed DbCommand (234ms) [Parameters=[@__role_Id_0='?' (DbType = Guid)], CommandType='Text', CommandTimeout='30']
SELECT [rc].[ClaimType], [rc].[ClaimValue]
FROM [AspNetRoleClaims] AS [rc]
WHERE [rc].[RoleId] = @__role_Id_0 
2024-02-15 13:22:04.3617|10|INFO|Microsoft.AspNetCore.Authentication.Cookies.CookieAuthenticationHandler|AuthenticationScheme: Identity.Application signed in. 
2024-02-15 13:22:04.6003|20101|INFO|Microsoft.EntityFrameworkCore.Database.Command|Executed DbCommand (235ms) [Parameters=[@__normalizedEmail_0='?' (Size = 256)], CommandType='Text', CommandTimeout='30']
SELECT TOP(1) [u].[Id], [u].[AIResult], [u].[AccessFailedCount], [u].[AccountNo], [u].[Active], [u].[Address], [u].[BuyHairKit], [u].[City], [u].[ConcurrencyStamp], [u].[Country], [u].[CountryCode], [u].[CreatedAt], [u].[CustomerType], [u].[CustomerTypeId], [u].[DeviceId], [u].[Email], [u].[EmailConfirmed], [u].[FirstName], [u].[HairType], [u].[HubSpotContactId], [u].[ImageURL], [u].[IsAIV2Mobile], [u].[IsBlocked], [u].[IsOnTrial], [u].[IsPaid], [u].[IsProCustomer], [u].[LastModifiedAt], [u].[LastName], [u].[LockoutEnabled], [u].[LockoutEnd], [u].[LoginAlert], [u].[NormalizedEmail], [u].[NormalizedUserName], [u].[PasswordHash], [u].[PhoneNumber], [u].[PhoneNumberConfirmed], [u].[SalonId], [u].[SecurityStamp], [u].[SignupFrom], [u].[State], [u].[StripeCustomerId], [u].[Subscribe], [u].[TicketUserId], [u].[TrialExpiredOn], [u].[TwoFactorEnabled], [u].[TwoFactorTrans], [u].[UserName], [u].[ZipCode]
FROM [AspNetUsers] AS [u]
WHERE [u].[NormalizedEmail] = @__normalizedEmail_0 
2024-02-15 13:22:04.6003|2|INFO|Microsoft.AspNetCore.Mvc.Internal.ControllerActionInvoker|Executed action method MyAvana.Auth.Api.Controllers.AccountController.SignIn (MyAvana.Auth.Api), returned result Microsoft.AspNetCore.Mvc.OkObjectResult in 2498.1966ms. 
2024-02-15 13:22:04.6003|1|INFO|Microsoft.AspNetCore.Mvc.Infrastructure.ObjectResultExecutor|Executing ObjectResult, writing value of type 'Microsoft.AspNetCore.Mvc.JsonResult'. 
2024-02-15 13:22:04.6136|2|INFO|Microsoft.AspNetCore.Mvc.Internal.ControllerActionInvoker|Executed action MyAvana.Auth.Api.Controllers.AccountController.SignIn (MyAvana.Auth.Api) in 2519.8817ms 
2024-02-15 13:22:04.6136|2|INFO|Microsoft.AspNetCore.Hosting.Internal.WebHost|Request finished in 2542.527ms 200 application/json; charset=utf-8 
2024-02-15 13:28:21.4086|1|INFO|Microsoft.AspNetCore.Hosting.Internal.WebHost|Request starting HTTP/1.1 POST http://localhost:5002/api/Account/signin application/json; charset=utf-8 73 
2024-02-15 13:28:21.4086|3|INFO|Microsoft.AspNetCore.Mvc.Internal.ControllerActionInvoker|Route matched with {action = "SignIn", controller = "Account"}. Executing controller action with signature Microsoft.AspNetCore.Mvc.IActionResult SignIn(MyAvanaApi.Models.ViewModels.Authentication) on controller MyAvana.Auth.Api.Controllers.AccountController (MyAvana.Auth.Api). 
2024-02-15 13:28:21.4086|1|INFO|Microsoft.AspNetCore.Mvc.Internal.ControllerActionInvoker|Executing action method MyAvana.Auth.Api.Controllers.AccountController.SignIn (MyAvana.Auth.Api) - Validation state: Valid 
2024-02-15 13:28:21.4336|10403|INFO|Microsoft.EntityFrameworkCore.Infrastructure|Entity Framework Core 2.2.6-servicing-10079 initialized 'AvanaContext' using provider 'Microsoft.EntityFrameworkCore.SqlServer' with options: MigrationsAssembly=MyAvana.Auth.Api  
2024-02-15 13:28:21.6882|20101|INFO|Microsoft.EntityFrameworkCore.Database.Command|Executed DbCommand (237ms) [Parameters=[@__normalizedUserName_0='?' (Size = 256)], CommandType='Text', CommandTimeout='30']
SELECT TOP(1) [u].[Id], [u].[AIResult], [u].[AccessFailedCount], [u].[AccountNo], [u].[Active], [u].[Address], [u].[BuyHairKit], [u].[City], [u].[ConcurrencyStamp], [u].[Country], [u].[CountryCode], [u].[CreatedAt], [u].[CustomerType], [u].[CustomerTypeId], [u].[DeviceId], [u].[Email], [u].[EmailConfirmed], [u].[FirstName], [u].[HairType], [u].[HubSpotContactId], [u].[ImageURL], [u].[IsAIV2Mobile], [u].[IsBlocked], [u].[IsOnTrial], [u].[IsPaid], [u].[IsProCustomer], [u].[LastModifiedAt], [u].[LastName], [u].[LockoutEnabled], [u].[LockoutEnd], [u].[LoginAlert], [u].[NormalizedEmail], [u].[NormalizedUserName], [u].[PasswordHash], [u].[PhoneNumber], [u].[PhoneNumberConfirmed], [u].[SalonId], [u].[SecurityStamp], [u].[SignupFrom], [u].[State], [u].[StripeCustomerId], [u].[Subscribe], [u].[TicketUserId], [u].[TrialExpiredOn], [u].[TwoFactorEnabled], [u].[TwoFactorTrans], [u].[UserName], [u].[ZipCode]
FROM [AspNetUsers] AS [u]
WHERE [u].[NormalizedUserName] = @__normalizedUserName_0 
2024-02-15 13:28:21.9614|20101|INFO|Microsoft.EntityFrameworkCore.Database.Command|Executed DbCommand (239ms) [Parameters=[@__user_Id_0='?' (DbType = Guid)], CommandType='Text', CommandTimeout='30']
SELECT [uc].[Id], [uc].[ClaimType], [uc].[ClaimValue], [uc].[UserId]
FROM [AspNetUserClaims] AS [uc]
WHERE [uc].[UserId] = @__user_Id_0 
2024-02-15 13:28:22.2167|20101|INFO|Microsoft.EntityFrameworkCore.Database.Command|Executed DbCommand (241ms) [Parameters=[@__userId_0='?' (DbType = Guid)], CommandType='Text', CommandTimeout='30']
SELECT [role].[Name]
FROM [AspNetUserRoles] AS [userRole]
INNER JOIN [AspNetRoles] AS [role] ON [userRole].[RoleId] = [role].[Id]
WHERE [userRole].[UserId] = @__userId_0 
2024-02-15 13:28:22.4694|20101|INFO|Microsoft.EntityFrameworkCore.Database.Command|Executed DbCommand (236ms) [Parameters=[@__normalizedName_0='?' (Size = 256)], CommandType='Text', CommandTimeout='30']
SELECT TOP(1) [r].[Id], [r].[ConcurrencyStamp], [r].[Name], [r].[NormalizedName]
FROM [AspNetRoles] AS [r]
WHERE [r].[NormalizedName] = @__normalizedName_0 
2024-02-15 13:28:22.7093|20101|INFO|Microsoft.EntityFrameworkCore.Database.Command|Executed DbCommand (234ms) [Parameters=[@__role_Id_0='?' (DbType = Guid)], CommandType='Text', CommandTimeout='30']
SELECT [rc].[ClaimType], [rc].[ClaimValue]
FROM [AspNetRoleClaims] AS [rc]
WHERE [rc].[RoleId] = @__role_Id_0 
2024-02-15 13:28:22.7093|10|INFO|Microsoft.AspNetCore.Authentication.Cookies.CookieAuthenticationHandler|AuthenticationScheme: Identity.Application signed in. 
2024-02-15 13:28:22.9772|20101|INFO|Microsoft.EntityFrameworkCore.Database.Command|Executed DbCommand (241ms) [Parameters=[@__normalizedEmail_0='?' (Size = 256)], CommandType='Text', CommandTimeout='30']
SELECT TOP(1) [u].[Id], [u].[AIResult], [u].[AccessFailedCount], [u].[AccountNo], [u].[Active], [u].[Address], [u].[BuyHairKit], [u].[City], [u].[ConcurrencyStamp], [u].[Country], [u].[CountryCode], [u].[CreatedAt], [u].[CustomerType], [u].[CustomerTypeId], [u].[DeviceId], [u].[Email], [u].[EmailConfirmed], [u].[FirstName], [u].[HairType], [u].[HubSpotContactId], [u].[ImageURL], [u].[IsAIV2Mobile], [u].[IsBlocked], [u].[IsOnTrial], [u].[IsPaid], [u].[IsProCustomer], [u].[LastModifiedAt], [u].[LastName], [u].[LockoutEnabled], [u].[LockoutEnd], [u].[LoginAlert], [u].[NormalizedEmail], [u].[NormalizedUserName], [u].[PasswordHash], [u].[PhoneNumber], [u].[PhoneNumberConfirmed], [u].[SalonId], [u].[SecurityStamp], [u].[SignupFrom], [u].[State], [u].[StripeCustomerId], [u].[Subscribe], [u].[TicketUserId], [u].[TrialExpiredOn], [u].[TwoFactorEnabled], [u].[TwoFactorTrans], [u].[UserName], [u].[ZipCode]
FROM [AspNetUsers] AS [u]
WHERE [u].[NormalizedEmail] = @__normalizedEmail_0 
2024-02-15 13:28:22.9772|2|INFO|Microsoft.AspNetCore.Mvc.Internal.ControllerActionInvoker|Executed action method MyAvana.Auth.Api.Controllers.AccountController.SignIn (MyAvana.Auth.Api), returned result Microsoft.AspNetCore.Mvc.OkObjectResult in 1552.8282ms. 
2024-02-15 13:28:22.9929|1|INFO|Microsoft.AspNetCore.Mvc.Infrastructure.ObjectResultExecutor|Executing ObjectResult, writing value of type 'Microsoft.AspNetCore.Mvc.JsonResult'. 
2024-02-15 13:28:23.0030|2|INFO|Microsoft.AspNetCore.Mvc.Internal.ControllerActionInvoker|Executed action MyAvana.Auth.Api.Controllers.AccountController.SignIn (MyAvana.Auth.Api) in 1581.0511ms 
2024-02-15 13:28:23.0030|2|INFO|Microsoft.AspNetCore.Hosting.Internal.WebHost|Request finished in 1598.6975ms 200 application/json; charset=utf-8 
2024-02-15 13:39:25.1634|1|INFO|Microsoft.AspNetCore.Hosting.Internal.WebHost|Request starting HTTP/1.1 GET http://localhost:5002/api/values   
2024-02-15 13:39:40.8341|3|INFO|Microsoft.AspNetCore.Mvc.Internal.ControllerActionInvoker|Route matched with {action = "Get", controller = "Values"}. Executing controller action with signature Microsoft.AspNetCore.Mvc.ActionResult`1[System.Collections.Generic.IEnumerable`1[System.String]] Get() on controller MyAvana.Auth.Api.Controllers.ValuesController (MyAvana.Auth.Api). 
2024-02-15 13:39:40.8530|1|INFO|Microsoft.AspNetCore.Mvc.Internal.ControllerActionInvoker|Executing action method MyAvana.Auth.Api.Controllers.ValuesController.Get (MyAvana.Auth.Api) - Validation state: Valid 
2024-02-15 13:39:40.8694|2|INFO|Microsoft.AspNetCore.Mvc.Internal.ControllerActionInvoker|Executed action method MyAvana.Auth.Api.Controllers.ValuesController.Get (MyAvana.Auth.Api), returned result Microsoft.AspNetCore.Mvc.ObjectResult in 0.5262ms. 
2024-02-15 13:39:40.8838|1|INFO|Microsoft.AspNetCore.Mvc.Infrastructure.ObjectResultExecutor|Executing ObjectResult, writing value of type 'System.String[]'. 
2024-02-15 13:39:41.0351|2|INFO|Microsoft.AspNetCore.Mvc.Internal.ControllerActionInvoker|Executed action MyAvana.Auth.Api.Controllers.ValuesController.Get (MyAvana.Auth.Api) in 192.5845ms 
2024-02-15 13:39:41.0351|2|INFO|Microsoft.AspNetCore.Hosting.Internal.WebHost|Request finished in 15902.2332ms 200 application/json; charset=utf-8 
2024-02-15 13:39:41.1211|1|INFO|Microsoft.AspNetCore.Hosting.Internal.WebHost|Request starting HTTP/1.1 GET http://localhost:5002/favicon.ico   
2024-02-15 13:39:41.1336|2|INFO|Microsoft.AspNetCore.Hosting.Internal.WebHost|Request finished in 11.8671ms 404  
2024-02-15 13:40:06.2797|1|INFO|Microsoft.AspNetCore.Hosting.Internal.WebHost|Request starting HTTP/1.1 POST http://localhost:5002/api/Account/signin application/json; charset=utf-8 73 
2024-02-15 13:40:06.8318|3|INFO|Microsoft.AspNetCore.Mvc.Internal.ControllerActionInvoker|Route matched with {action = "SignIn", controller = "Account"}. Executing controller action with signature Microsoft.AspNetCore.Mvc.IActionResult SignIn(MyAvanaApi.Models.ViewModels.Authentication) on controller MyAvana.Auth.Api.Controllers.AccountController (MyAvana.Auth.Api). 
2024-02-15 13:40:11.4123|1|INFO|Microsoft.AspNetCore.Mvc.Internal.ControllerActionInvoker|Executing action method MyAvana.Auth.Api.Controllers.AccountController.SignIn (MyAvana.Auth.Api) - Validation state: Valid 
2024-02-15 13:40:20.1553|30000|WARN|Microsoft.EntityFrameworkCore.Model.Validation|No type was specified for the decimal column 'Price' on entity type 'Tools'. This will cause values to be silently truncated if they do not fit in the default precision and scale. Explicitly specify the SQL server column type that can accommodate all the values using 'HasColumnType()'. 
2024-02-15 13:40:20.4789|30000|WARN|Microsoft.EntityFrameworkCore.Model.Validation|No type was specified for the decimal column 'DefaultDecimal1' on entity type 'GenericSetting'. This will cause values to be silently truncated if they do not fit in the default precision and scale. Explicitly specify the SQL server column type that can accommodate all the values using 'HasColumnType()'. 
2024-02-15 13:40:20.4878|30000|WARN|Microsoft.EntityFrameworkCore.Model.Validation|No type was specified for the decimal column 'DefaultDecimal2' on entity type 'GenericSetting'. This will cause values to be silently truncated if they do not fit in the default precision and scale. Explicitly specify the SQL server column type that can accommodate all the values using 'HasColumnType()'. 
2024-02-15 13:40:20.4878|30000|WARN|Microsoft.EntityFrameworkCore.Model.Validation|No type was specified for the decimal column 'DefaultDecimal3' on entity type 'GenericSetting'. This will cause values to be silently truncated if they do not fit in the default precision and scale. Explicitly specify the SQL server column type that can accommodate all the values using 'HasColumnType()'. 
2024-02-15 13:40:20.5075|30000|WARN|Microsoft.EntityFrameworkCore.Model.Validation|No type was specified for the decimal column 'DefaultDecimal4' on entity type 'GenericSetting'. This will cause values to be silently truncated if they do not fit in the default precision and scale. Explicitly specify the SQL server column type that can accommodate all the values using 'HasColumnType()'. 
2024-02-15 13:40:20.5075|30000|WARN|Microsoft.EntityFrameworkCore.Model.Validation|No type was specified for the decimal column 'DefaultDecimal5' on entity type 'GenericSetting'. This will cause values to be silently truncated if they do not fit in the default precision and scale. Explicitly specify the SQL server column type that can accommodate all the values using 'HasColumnType()'. 
2024-02-15 13:40:20.5191|30000|WARN|Microsoft.EntityFrameworkCore.Model.Validation|No type was specified for the decimal column 'Price' on entity type 'ProductEntity'. This will cause values to be silently truncated if they do not fit in the default precision and scale. Explicitly specify the SQL server column type that can accommodate all the values using 'HasColumnType()'. 
2024-02-15 13:40:20.6157|10403|INFO|Microsoft.EntityFrameworkCore.Infrastructure|Entity Framework Core 2.2.6-servicing-10079 initialized 'AvanaContext' using provider 'Microsoft.EntityFrameworkCore.SqlServer' with options: MigrationsAssembly=MyAvana.Auth.Api  
2024-02-15 13:40:25.3001|20101|INFO|Microsoft.EntityFrameworkCore.Database.Command|Executed DbCommand (276ms) [Parameters=[@__normalizedUserName_0='?' (Size = 256)], CommandType='Text', CommandTimeout='30']
SELECT TOP(1) [u].[Id], [u].[AIResult], [u].[AccessFailedCount], [u].[AccountNo], [u].[Active], [u].[Address], [u].[BuyHairKit], [u].[City], [u].[ConcurrencyStamp], [u].[Country], [u].[CountryCode], [u].[CreatedAt], [u].[CustomerType], [u].[CustomerTypeId], [u].[DeviceId], [u].[Email], [u].[EmailConfirmed], [u].[FirstName], [u].[HairType], [u].[HubSpotContactId], [u].[ImageURL], [u].[IsAIV2Mobile], [u].[IsBlocked], [u].[IsOnTrial], [u].[IsPaid], [u].[IsProCustomer], [u].[LastModifiedAt], [u].[LastName], [u].[LockoutEnabled], [u].[LockoutEnd], [u].[LoginAlert], [u].[NormalizedEmail], [u].[NormalizedUserName], [u].[PasswordHash], [u].[PhoneNumber], [u].[PhoneNumberConfirmed], [u].[SalonId], [u].[SecurityStamp], [u].[SignupFrom], [u].[State], [u].[StripeCustomerId], [u].[Subscribe], [u].[TicketUserId], [u].[TrialExpiredOn], [u].[TwoFactorEnabled], [u].[TwoFactorTrans], [u].[UserName], [u].[ZipCode]
FROM [AspNetUsers] AS [u]
WHERE [u].[NormalizedUserName] = @__normalizedUserName_0 
2024-02-15 13:40:26.7362|20101|INFO|Microsoft.EntityFrameworkCore.Database.Command|Executed DbCommand (246ms) [Parameters=[@__user_Id_0='?' (DbType = Guid)], CommandType='Text', CommandTimeout='30']
SELECT [uc].[Id], [uc].[ClaimType], [uc].[ClaimValue], [uc].[UserId]
FROM [AspNetUserClaims] AS [uc]
WHERE [uc].[UserId] = @__user_Id_0 
2024-02-15 13:40:27.0942|20101|INFO|Microsoft.EntityFrameworkCore.Database.Command|Executed DbCommand (240ms) [Parameters=[@__userId_0='?' (DbType = Guid)], CommandType='Text', CommandTimeout='30']
SELECT [role].[Name]
FROM [AspNetUserRoles] AS [userRole]
INNER JOIN [AspNetRoles] AS [role] ON [userRole].[RoleId] = [role].[Id]
WHERE [userRole].[UserId] = @__userId_0 
2024-02-15 13:40:27.3553|20101|INFO|Microsoft.EntityFrameworkCore.Database.Command|Executed DbCommand (240ms) [Parameters=[@__normalizedName_0='?' (Size = 256)], CommandType='Text', CommandTimeout='30']
SELECT TOP(1) [r].[Id], [r].[ConcurrencyStamp], [r].[Name], [r].[NormalizedName]
FROM [AspNetRoles] AS [r]
WHERE [r].[NormalizedName] = @__normalizedName_0 
2024-02-15 13:40:27.6555|20101|INFO|Microsoft.EntityFrameworkCore.Database.Command|Executed DbCommand (245ms) [Parameters=[@__role_Id_0='?' (DbType = Guid)], CommandType='Text', CommandTimeout='30']
SELECT [rc].[ClaimType], [rc].[ClaimValue]
FROM [AspNetRoleClaims] AS [rc]
WHERE [rc].[RoleId] = @__role_Id_0 
2024-02-15 13:40:27.7166|10|INFO|Microsoft.AspNetCore.Authentication.Cookies.CookieAuthenticationHandler|AuthenticationScheme: Identity.Application signed in. 
2024-02-15 13:40:28.0088|20101|INFO|Microsoft.EntityFrameworkCore.Database.Command|Executed DbCommand (244ms) [Parameters=[@__normalizedEmail_0='?' (Size = 256)], CommandType='Text', CommandTimeout='30']
SELECT TOP(1) [u].[Id], [u].[AIResult], [u].[AccessFailedCount], [u].[AccountNo], [u].[Active], [u].[Address], [u].[BuyHairKit], [u].[City], [u].[ConcurrencyStamp], [u].[Country], [u].[CountryCode], [u].[CreatedAt], [u].[CustomerType], [u].[CustomerTypeId], [u].[DeviceId], [u].[Email], [u].[EmailConfirmed], [u].[FirstName], [u].[HairType], [u].[HubSpotContactId], [u].[ImageURL], [u].[IsAIV2Mobile], [u].[IsBlocked], [u].[IsOnTrial], [u].[IsPaid], [u].[IsProCustomer], [u].[LastModifiedAt], [u].[LastName], [u].[LockoutEnabled], [u].[LockoutEnd], [u].[LoginAlert], [u].[NormalizedEmail], [u].[NormalizedUserName], [u].[PasswordHash], [u].[PhoneNumber], [u].[PhoneNumberConfirmed], [u].[SalonId], [u].[SecurityStamp], [u].[SignupFrom], [u].[State], [u].[StripeCustomerId], [u].[Subscribe], [u].[TicketUserId], [u].[TrialExpiredOn], [u].[TwoFactorEnabled], [u].[TwoFactorTrans], [u].[UserName], [u].[ZipCode]
FROM [AspNetUsers] AS [u]
WHERE [u].[NormalizedEmail] = @__normalizedEmail_0 
2024-02-15 13:40:28.9888|2|INFO|Microsoft.AspNetCore.Mvc.Internal.ControllerActionInvoker|Executed action method MyAvana.Auth.Api.Controllers.AccountController.SignIn (MyAvana.Auth.Api), returned result Microsoft.AspNetCore.Mvc.OkObjectResult in 17574.0888ms. 
2024-02-15 13:40:28.9888|1|INFO|Microsoft.AspNetCore.Mvc.Infrastructure.ObjectResultExecutor|Executing ObjectResult, writing value of type 'Microsoft.AspNetCore.Mvc.JsonResult'. 
2024-02-15 13:40:29.0245|2|INFO|Microsoft.AspNetCore.Mvc.Internal.ControllerActionInvoker|Executed action MyAvana.Auth.Api.Controllers.AccountController.SignIn (MyAvana.Auth.Api) in 22168.4264ms 
2024-02-15 13:40:29.0245|2|INFO|Microsoft.AspNetCore.Hosting.Internal.WebHost|Request finished in 22753.8999ms 200 application/json; charset=utf-8 
2024-02-15 13:40:29.9071|1|INFO|Microsoft.AspNetCore.Hosting.Internal.WebHost|Request starting HTTP/1.1 POST http://localhost:5002/api/Account/signin application/json; charset=utf-8 73 
2024-02-15 13:40:29.9637|3|INFO|Microsoft.AspNetCore.Mvc.Internal.ControllerActionInvoker|Route matched with {action = "SignIn", controller = "Account"}. Executing controller action with signature Microsoft.AspNetCore.Mvc.IActionResult SignIn(MyAvanaApi.Models.ViewModels.Authentication) on controller MyAvana.Auth.Api.Controllers.AccountController (MyAvana.Auth.Api). 
2024-02-15 13:40:29.9779|1|INFO|Microsoft.AspNetCore.Mvc.Internal.ControllerActionInvoker|Executing action method MyAvana.Auth.Api.Controllers.AccountController.SignIn (MyAvana.Auth.Api) - Validation state: Valid 
2024-02-15 13:40:30.0062|10403|INFO|Microsoft.EntityFrameworkCore.Infrastructure|Entity Framework Core 2.2.6-servicing-10079 initialized 'AvanaContext' using provider 'Microsoft.EntityFrameworkCore.SqlServer' with options: MigrationsAssembly=MyAvana.Auth.Api  
2024-02-15 13:40:30.2588|20101|INFO|Microsoft.EntityFrameworkCore.Database.Command|Executed DbCommand (247ms) [Parameters=[@__normalizedUserName_0='?' (Size = 256)], CommandType='Text', CommandTimeout='30']
SELECT TOP(1) [u].[Id], [u].[AIResult], [u].[AccessFailedCount], [u].[AccountNo], [u].[Active], [u].[Address], [u].[BuyHairKit], [u].[City], [u].[ConcurrencyStamp], [u].[Country], [u].[CountryCode], [u].[CreatedAt], [u].[CustomerType], [u].[CustomerTypeId], [u].[DeviceId], [u].[Email], [u].[EmailConfirmed], [u].[FirstName], [u].[HairType], [u].[HubSpotContactId], [u].[ImageURL], [u].[IsAIV2Mobile], [u].[IsBlocked], [u].[IsOnTrial], [u].[IsPaid], [u].[IsProCustomer], [u].[LastModifiedAt], [u].[LastName], [u].[LockoutEnabled], [u].[LockoutEnd], [u].[LoginAlert], [u].[NormalizedEmail], [u].[NormalizedUserName], [u].[PasswordHash], [u].[PhoneNumber], [u].[PhoneNumberConfirmed], [u].[SalonId], [u].[SecurityStamp], [u].[SignupFrom], [u].[State], [u].[StripeCustomerId], [u].[Subscribe], [u].[TicketUserId], [u].[TrialExpiredOn], [u].[TwoFactorEnabled], [u].[TwoFactorTrans], [u].[UserName], [u].[ZipCode]
FROM [AspNetUsers] AS [u]
WHERE [u].[NormalizedUserName] = @__normalizedUserName_0 
2024-02-15 13:40:30.5764|20101|INFO|Microsoft.EntityFrameworkCore.Database.Command|Executed DbCommand (243ms) [Parameters=[@__user_Id_0='?' (DbType = Guid)], CommandType='Text', CommandTimeout='30']
SELECT [uc].[Id], [uc].[ClaimType], [uc].[ClaimValue], [uc].[UserId]
FROM [AspNetUserClaims] AS [uc]
WHERE [uc].[UserId] = @__user_Id_0 
2024-02-15 13:40:30.8291|20101|INFO|Microsoft.EntityFrameworkCore.Database.Command|Executed DbCommand (240ms) [Parameters=[@__userId_0='?' (DbType = Guid)], CommandType='Text', CommandTimeout='30']
SELECT [role].[Name]
FROM [AspNetUserRoles] AS [userRole]
INNER JOIN [AspNetRoles] AS [role] ON [userRole].[RoleId] = [role].[Id]
WHERE [userRole].[UserId] = @__userId_0 
2024-02-15 13:40:31.0787|20101|INFO|Microsoft.EntityFrameworkCore.Database.Command|Executed DbCommand (242ms) [Parameters=[@__normalizedName_0='?' (Size = 256)], CommandType='Text', CommandTimeout='30']
SELECT TOP(1) [r].[Id], [r].[ConcurrencyStamp], [r].[Name], [r].[NormalizedName]
FROM [AspNetRoles] AS [r]
WHERE [r].[NormalizedName] = @__normalizedName_0 
2024-02-15 13:40:31.3238|20101|INFO|Microsoft.EntityFrameworkCore.Database.Command|Executed DbCommand (239ms) [Parameters=[@__role_Id_0='?' (DbType = Guid)], CommandType='Text', CommandTimeout='30']
SELECT [rc].[ClaimType], [rc].[ClaimValue]
FROM [AspNetRoleClaims] AS [rc]
WHERE [rc].[RoleId] = @__role_Id_0 
2024-02-15 13:40:31.3238|10|INFO|Microsoft.AspNetCore.Authentication.Cookies.CookieAuthenticationHandler|AuthenticationScheme: Identity.Application signed in. 
2024-02-15 13:40:31.5728|20101|INFO|Microsoft.EntityFrameworkCore.Database.Command|Executed DbCommand (242ms) [Parameters=[@__normalizedEmail_0='?' (Size = 256)], CommandType='Text', CommandTimeout='30']
SELECT TOP(1) [u].[Id], [u].[AIResult], [u].[AccessFailedCount], [u].[AccountNo], [u].[Active], [u].[Address], [u].[BuyHairKit], [u].[City], [u].[ConcurrencyStamp], [u].[Country], [u].[CountryCode], [u].[CreatedAt], [u].[CustomerType], [u].[CustomerTypeId], [u].[DeviceId], [u].[Email], [u].[EmailConfirmed], [u].[FirstName], [u].[HairType], [u].[HubSpotContactId], [u].[ImageURL], [u].[IsAIV2Mobile], [u].[IsBlocked], [u].[IsOnTrial], [u].[IsPaid], [u].[IsProCustomer], [u].[LastModifiedAt], [u].[LastName], [u].[LockoutEnabled], [u].[LockoutEnd], [u].[LoginAlert], [u].[NormalizedEmail], [u].[NormalizedUserName], [u].[PasswordHash], [u].[PhoneNumber], [u].[PhoneNumberConfirmed], [u].[SalonId], [u].[SecurityStamp], [u].[SignupFrom], [u].[State], [u].[StripeCustomerId], [u].[Subscribe], [u].[TicketUserId], [u].[TrialExpiredOn], [u].[TwoFactorEnabled], [u].[TwoFactorTrans], [u].[UserName], [u].[ZipCode]
FROM [AspNetUsers] AS [u]
WHERE [u].[NormalizedEmail] = @__normalizedEmail_0 
2024-02-15 13:40:32.1264|2|INFO|Microsoft.AspNetCore.Mvc.Internal.ControllerActionInvoker|Executed action method MyAvana.Auth.Api.Controllers.AccountController.SignIn (MyAvana.Auth.Api), returned result Microsoft.AspNetCore.Mvc.OkObjectResult in 2140.9528ms. 
2024-02-15 13:40:32.1264|1|INFO|Microsoft.AspNetCore.Mvc.Infrastructure.ObjectResultExecutor|Executing ObjectResult, writing value of type 'Microsoft.AspNetCore.Mvc.JsonResult'. 
2024-02-15 13:40:32.1264|2|INFO|Microsoft.AspNetCore.Mvc.Internal.ControllerActionInvoker|Executed action MyAvana.Auth.Api.Controllers.AccountController.SignIn (MyAvana.Auth.Api) in 2165.7339ms 
2024-02-15 13:40:32.1264|2|INFO|Microsoft.AspNetCore.Hosting.Internal.WebHost|Request finished in 2232.0116ms 200 application/json; charset=utf-8 
2024-02-15 14:41:22.8859|1|INFO|Microsoft.AspNetCore.Hosting.Internal.WebHost|Request starting HTTP/1.1 POST http://localhost:5002/api/Account/signin application/json; charset=utf-8 77 
2024-02-15 14:41:22.8859|3|INFO|Microsoft.AspNetCore.Mvc.Internal.ControllerActionInvoker|Route matched with {action = "SignIn", controller = "Account"}. Executing controller action with signature Microsoft.AspNetCore.Mvc.IActionResult SignIn(MyAvanaApi.Models.ViewModels.Authentication) on controller MyAvana.Auth.Api.Controllers.AccountController (MyAvana.Auth.Api). 
2024-02-15 14:41:22.8999|1|INFO|Microsoft.AspNetCore.Mvc.Internal.ControllerActionInvoker|Executing action method MyAvana.Auth.Api.Controllers.AccountController.SignIn (MyAvana.Auth.Api) - Validation state: Valid 
2024-02-15 14:41:22.9089|10403|INFO|Microsoft.EntityFrameworkCore.Infrastructure|Entity Framework Core 2.2.6-servicing-10079 initialized 'AvanaContext' using provider 'Microsoft.EntityFrameworkCore.SqlServer' with options: MigrationsAssembly=MyAvana.Auth.Api  
2024-02-15 14:41:24.1196|20101|INFO|Microsoft.EntityFrameworkCore.Database.Command|Executed DbCommand (233ms) [Parameters=[@__normalizedUserName_0='?' (Size = 256)], CommandType='Text', CommandTimeout='30']
SELECT TOP(1) [u].[Id], [u].[AIResult], [u].[AccessFailedCount], [u].[AccountNo], [u].[Active], [u].[Address], [u].[BuyHairKit], [u].[City], [u].[ConcurrencyStamp], [u].[Country], [u].[CountryCode], [u].[CreatedAt], [u].[CustomerType], [u].[CustomerTypeId], [u].[DeviceId], [u].[Email], [u].[EmailConfirmed], [u].[FirstName], [u].[HairType], [u].[HubSpotContactId], [u].[ImageURL], [u].[IsAIV2Mobile], [u].[IsBlocked], [u].[IsOnTrial], [u].[IsPaid], [u].[IsProCustomer], [u].[LastModifiedAt], [u].[LastName], [u].[LockoutEnabled], [u].[LockoutEnd], [u].[LoginAlert], [u].[NormalizedEmail], [u].[NormalizedUserName], [u].[PasswordHash], [u].[PhoneNumber], [u].[PhoneNumberConfirmed], [u].[SalonId], [u].[SecurityStamp], [u].[SignupFrom], [u].[State], [u].[StripeCustomerId], [u].[Subscribe], [u].[TicketUserId], [u].[TrialExpiredOn], [u].[TwoFactorEnabled], [u].[TwoFactorTrans], [u].[UserName], [u].[ZipCode]
FROM [AspNetUsers] AS [u]
WHERE [u].[NormalizedUserName] = @__normalizedUserName_0 
2024-02-15 14:41:25.3260|20101|INFO|Microsoft.EntityFrameworkCore.Database.Command|Executed DbCommand (243ms) [Parameters=[@__user_Id_0='?' (DbType = Guid)], CommandType='Text', CommandTimeout='30']
SELECT [uc].[Id], [uc].[ClaimType], [uc].[ClaimValue], [uc].[UserId]
FROM [AspNetUserClaims] AS [uc]
WHERE [uc].[UserId] = @__user_Id_0 
2024-02-15 14:41:25.5664|20101|INFO|Microsoft.EntityFrameworkCore.Database.Command|Executed DbCommand (233ms) [Parameters=[@__userId_0='?' (DbType = Guid)], CommandType='Text', CommandTimeout='30']
SELECT [role].[Name]
FROM [AspNetUserRoles] AS [userRole]
INNER JOIN [AspNetRoles] AS [role] ON [userRole].[RoleId] = [role].[Id]
WHERE [userRole].[UserId] = @__userId_0 
2024-02-15 14:41:25.8481|20101|INFO|Microsoft.EntityFrameworkCore.Database.Command|Executed DbCommand (233ms) [Parameters=[@__normalizedName_0='?' (Size = 256)], CommandType='Text', CommandTimeout='30']
SELECT TOP(1) [r].[Id], [r].[ConcurrencyStamp], [r].[Name], [r].[NormalizedName]
FROM [AspNetRoles] AS [r]
WHERE [r].[NormalizedName] = @__normalizedName_0 
2024-02-15 14:41:26.0879|20101|INFO|Microsoft.EntityFrameworkCore.Database.Command|Executed DbCommand (233ms) [Parameters=[@__role_Id_0='?' (DbType = Guid)], CommandType='Text', CommandTimeout='30']
SELECT [rc].[ClaimType], [rc].[ClaimValue]
FROM [AspNetRoleClaims] AS [rc]
WHERE [rc].[RoleId] = @__role_Id_0 
2024-02-15 14:41:26.0961|10|INFO|Microsoft.AspNetCore.Authentication.Cookies.CookieAuthenticationHandler|AuthenticationScheme: Identity.Application signed in. 
2024-02-15 14:41:26.3430|20101|INFO|Microsoft.EntityFrameworkCore.Database.Command|Executed DbCommand (240ms) [Parameters=[@__normalizedEmail_0='?' (Size = 256)], CommandType='Text', CommandTimeout='30']
SELECT TOP(1) [u].[Id], [u].[AIResult], [u].[AccessFailedCount], [u].[AccountNo], [u].[Active], [u].[Address], [u].[BuyHairKit], [u].[City], [u].[ConcurrencyStamp], [u].[Country], [u].[CountryCode], [u].[CreatedAt], [u].[CustomerType], [u].[CustomerTypeId], [u].[DeviceId], [u].[Email], [u].[EmailConfirmed], [u].[FirstName], [u].[HairType], [u].[HubSpotContactId], [u].[ImageURL], [u].[IsAIV2Mobile], [u].[IsBlocked], [u].[IsOnTrial], [u].[IsPaid], [u].[IsProCustomer], [u].[LastModifiedAt], [u].[LastName], [u].[LockoutEnabled], [u].[LockoutEnd], [u].[LoginAlert], [u].[NormalizedEmail], [u].[NormalizedUserName], [u].[PasswordHash], [u].[PhoneNumber], [u].[PhoneNumberConfirmed], [u].[SalonId], [u].[SecurityStamp], [u].[SignupFrom], [u].[State], [u].[StripeCustomerId], [u].[Subscribe], [u].[TicketUserId], [u].[TrialExpiredOn], [u].[TwoFactorEnabled], [u].[TwoFactorTrans], [u].[UserName], [u].[ZipCode]
FROM [AspNetUsers] AS [u]
WHERE [u].[NormalizedEmail] = @__normalizedEmail_0 
2024-02-15 14:41:26.3505|2|INFO|Microsoft.AspNetCore.Mvc.Internal.ControllerActionInvoker|Executed action method MyAvana.Auth.Api.Controllers.AccountController.SignIn (MyAvana.Auth.Api), returned result Microsoft.AspNetCore.Mvc.OkObjectResult in 3445.3124ms. 
2024-02-15 14:41:26.3505|1|INFO|Microsoft.AspNetCore.Mvc.Infrastructure.ObjectResultExecutor|Executing ObjectResult, writing value of type 'Microsoft.AspNetCore.Mvc.JsonResult'. 
2024-02-15 14:41:26.3505|2|INFO|Microsoft.AspNetCore.Mvc.Internal.ControllerActionInvoker|Executed action MyAvana.Auth.Api.Controllers.AccountController.SignIn (MyAvana.Auth.Api) in 3465.8877ms 
2024-02-15 14:41:26.3633|2|INFO|Microsoft.AspNetCore.Hosting.Internal.WebHost|Request finished in 3476.3135ms 200 application/json; charset=utf-8 
2024-02-15 15:10:05.6344|1|INFO|Microsoft.AspNetCore.Hosting.Internal.WebHost|Request starting HTTP/1.1 POST http://localhost:5002/api/Account/signin application/json; charset=utf-8 73 
2024-02-15 15:10:05.6344|3|INFO|Microsoft.AspNetCore.Mvc.Internal.ControllerActionInvoker|Route matched with {action = "SignIn", controller = "Account"}. Executing controller action with signature Microsoft.AspNetCore.Mvc.IActionResult SignIn(MyAvanaApi.Models.ViewModels.Authentication) on controller MyAvana.Auth.Api.Controllers.AccountController (MyAvana.Auth.Api). 
2024-02-15 15:10:05.6726|1|INFO|Microsoft.AspNetCore.Mvc.Internal.ControllerActionInvoker|Executing action method MyAvana.Auth.Api.Controllers.AccountController.SignIn (MyAvana.Auth.Api) - Validation state: Valid 
2024-02-15 15:10:05.6758|10403|INFO|Microsoft.EntityFrameworkCore.Infrastructure|Entity Framework Core 2.2.6-servicing-10079 initialized 'AvanaContext' using provider 'Microsoft.EntityFrameworkCore.SqlServer' with options: MigrationsAssembly=MyAvana.Auth.Api  
2024-02-15 15:10:07.0117|20101|INFO|Microsoft.EntityFrameworkCore.Database.Command|Executed DbCommand (242ms) [Parameters=[@__normalizedUserName_0='?' (Size = 256)], CommandType='Text', CommandTimeout='30']
SELECT TOP(1) [u].[Id], [u].[AIResult], [u].[AccessFailedCount], [u].[AccountNo], [u].[Active], [u].[Address], [u].[BuyHairKit], [u].[City], [u].[ConcurrencyStamp], [u].[Country], [u].[CountryCode], [u].[CreatedAt], [u].[CustomerType], [u].[CustomerTypeId], [u].[DeviceId], [u].[Email], [u].[EmailConfirmed], [u].[FirstName], [u].[HairType], [u].[HubSpotContactId], [u].[ImageURL], [u].[IsAIV2Mobile], [u].[IsBlocked], [u].[IsOnTrial], [u].[IsPaid], [u].[IsProCustomer], [u].[LastModifiedAt], [u].[LastName], [u].[LockoutEnabled], [u].[LockoutEnd], [u].[LoginAlert], [u].[NormalizedEmail], [u].[NormalizedUserName], [u].[PasswordHash], [u].[PhoneNumber], [u].[PhoneNumberConfirmed], [u].[SalonId], [u].[SecurityStamp], [u].[SignupFrom], [u].[State], [u].[StripeCustomerId], [u].[Subscribe], [u].[TicketUserId], [u].[TrialExpiredOn], [u].[TwoFactorEnabled], [u].[TwoFactorTrans], [u].[UserName], [u].[ZipCode]
FROM [AspNetUsers] AS [u]
WHERE [u].[NormalizedUserName] = @__normalizedUserName_0 
2024-02-15 15:10:07.2619|20101|INFO|Microsoft.EntityFrameworkCore.Database.Command|Executed DbCommand (235ms) [Parameters=[@__user_Id_0='?' (DbType = Guid)], CommandType='Text', CommandTimeout='30']
SELECT [uc].[Id], [uc].[ClaimType], [uc].[ClaimValue], [uc].[UserId]
FROM [AspNetUserClaims] AS [uc]
WHERE [uc].[UserId] = @__user_Id_0 
2024-02-15 15:10:07.5007|20101|INFO|Microsoft.EntityFrameworkCore.Database.Command|Executed DbCommand (235ms) [Parameters=[@__userId_0='?' (DbType = Guid)], CommandType='Text', CommandTimeout='30']
SELECT [role].[Name]
FROM [AspNetUserRoles] AS [userRole]
INNER JOIN [AspNetRoles] AS [role] ON [userRole].[RoleId] = [role].[Id]
WHERE [userRole].[UserId] = @__userId_0 
2024-02-15 15:10:07.8021|20101|INFO|Microsoft.EntityFrameworkCore.Database.Command|Executed DbCommand (238ms) [Parameters=[@__normalizedName_0='?' (Size = 256)], CommandType='Text', CommandTimeout='30']
SELECT TOP(1) [r].[Id], [r].[ConcurrencyStamp], [r].[Name], [r].[NormalizedName]
FROM [AspNetRoles] AS [r]
WHERE [r].[NormalizedName] = @__normalizedName_0 
2024-02-15 15:10:08.0432|20101|INFO|Microsoft.EntityFrameworkCore.Database.Command|Executed DbCommand (236ms) [Parameters=[@__role_Id_0='?' (DbType = Guid)], CommandType='Text', CommandTimeout='30']
SELECT [rc].[ClaimType], [rc].[ClaimValue]
FROM [AspNetRoleClaims] AS [rc]
WHERE [rc].[RoleId] = @__role_Id_0 
2024-02-15 15:10:08.0432|10|INFO|Microsoft.AspNetCore.Authentication.Cookies.CookieAuthenticationHandler|AuthenticationScheme: Identity.Application signed in. 
2024-02-15 15:10:08.2882|20101|INFO|Microsoft.EntityFrameworkCore.Database.Command|Executed DbCommand (238ms) [Parameters=[@__normalizedEmail_0='?' (Size = 256)], CommandType='Text', CommandTimeout='30']
SELECT TOP(1) [u].[Id], [u].[AIResult], [u].[AccessFailedCount], [u].[AccountNo], [u].[Active], [u].[Address], [u].[BuyHairKit], [u].[City], [u].[ConcurrencyStamp], [u].[Country], [u].[CountryCode], [u].[CreatedAt], [u].[CustomerType], [u].[CustomerTypeId], [u].[DeviceId], [u].[Email], [u].[EmailConfirmed], [u].[FirstName], [u].[HairType], [u].[HubSpotContactId], [u].[ImageURL], [u].[IsAIV2Mobile], [u].[IsBlocked], [u].[IsOnTrial], [u].[IsPaid], [u].[IsProCustomer], [u].[LastModifiedAt], [u].[LastName], [u].[LockoutEnabled], [u].[LockoutEnd], [u].[LoginAlert], [u].[NormalizedEmail], [u].[NormalizedUserName], [u].[PasswordHash], [u].[PhoneNumber], [u].[PhoneNumberConfirmed], [u].[SalonId], [u].[SecurityStamp], [u].[SignupFrom], [u].[State], [u].[StripeCustomerId], [u].[Subscribe], [u].[TicketUserId], [u].[TrialExpiredOn], [u].[TwoFactorEnabled], [u].[TwoFactorTrans], [u].[UserName], [u].[ZipCode]
FROM [AspNetUsers] AS [u]
WHERE [u].[NormalizedEmail] = @__normalizedEmail_0 
2024-02-15 15:10:08.2882|2|INFO|Microsoft.AspNetCore.Mvc.Internal.ControllerActionInvoker|Executed action method MyAvana.Auth.Api.Controllers.AccountController.SignIn (MyAvana.Auth.Api), returned result Microsoft.AspNetCore.Mvc.OkObjectResult in 2616.3944ms. 
2024-02-15 15:10:08.2882|1|INFO|Microsoft.AspNetCore.Mvc.Infrastructure.ObjectResultExecutor|Executing ObjectResult, writing value of type 'Microsoft.AspNetCore.Mvc.JsonResult'. 
2024-02-15 15:10:08.2986|2|INFO|Microsoft.AspNetCore.Mvc.Internal.ControllerActionInvoker|Executed action MyAvana.Auth.Api.Controllers.AccountController.SignIn (MyAvana.Auth.Api) in 2654.3721ms 
2024-02-15 15:10:08.2986|2|INFO|Microsoft.AspNetCore.Hosting.Internal.WebHost|Request finished in 2671.5981ms 200 application/json; charset=utf-8 
2024-02-15 15:11:22.2993|1|INFO|Microsoft.AspNetCore.Hosting.Internal.WebHost|Request starting HTTP/1.1 POST http://localhost:5002/api/Account/signin application/json; charset=utf-8 77 
2024-02-15 15:11:22.2993|3|INFO|Microsoft.AspNetCore.Mvc.Internal.ControllerActionInvoker|Route matched with {action = "SignIn", controller = "Account"}. Executing controller action with signature Microsoft.AspNetCore.Mvc.IActionResult SignIn(MyAvanaApi.Models.ViewModels.Authentication) on controller MyAvana.Auth.Api.Controllers.AccountController (MyAvana.Auth.Api). 
2024-02-15 15:11:22.3180|1|INFO|Microsoft.AspNetCore.Mvc.Internal.ControllerActionInvoker|Executing action method MyAvana.Auth.Api.Controllers.AccountController.SignIn (MyAvana.Auth.Api) - Validation state: Valid 
2024-02-15 15:11:22.3180|10403|INFO|Microsoft.EntityFrameworkCore.Infrastructure|Entity Framework Core 2.2.6-servicing-10079 initialized 'AvanaContext' using provider 'Microsoft.EntityFrameworkCore.SqlServer' with options: MigrationsAssembly=MyAvana.Auth.Api  
2024-02-15 15:11:22.5708|20101|INFO|Microsoft.EntityFrameworkCore.Database.Command|Executed DbCommand (244ms) [Parameters=[@__normalizedUserName_0='?' (Size = 256)], CommandType='Text', CommandTimeout='30']
SELECT TOP(1) [u].[Id], [u].[AIResult], [u].[AccessFailedCount], [u].[AccountNo], [u].[Active], [u].[Address], [u].[BuyHairKit], [u].[City], [u].[ConcurrencyStamp], [u].[Country], [u].[CountryCode], [u].[CreatedAt], [u].[CustomerType], [u].[CustomerTypeId], [u].[DeviceId], [u].[Email], [u].[EmailConfirmed], [u].[FirstName], [u].[HairType], [u].[HubSpotContactId], [u].[ImageURL], [u].[IsAIV2Mobile], [u].[IsBlocked], [u].[IsOnTrial], [u].[IsPaid], [u].[IsProCustomer], [u].[LastModifiedAt], [u].[LastName], [u].[LockoutEnabled], [u].[LockoutEnd], [u].[LoginAlert], [u].[NormalizedEmail], [u].[NormalizedUserName], [u].[PasswordHash], [u].[PhoneNumber], [u].[PhoneNumberConfirmed], [u].[SalonId], [u].[SecurityStamp], [u].[SignupFrom], [u].[State], [u].[StripeCustomerId], [u].[Subscribe], [u].[TicketUserId], [u].[TrialExpiredOn], [u].[TwoFactorEnabled], [u].[TwoFactorTrans], [u].[UserName], [u].[ZipCode]
FROM [AspNetUsers] AS [u]
WHERE [u].[NormalizedUserName] = @__normalizedUserName_0 
2024-02-15 15:11:22.8315|20101|INFO|Microsoft.EntityFrameworkCore.Database.Command|Executed DbCommand (236ms) [Parameters=[@__user_Id_0='?' (DbType = Guid)], CommandType='Text', CommandTimeout='30']
SELECT [uc].[Id], [uc].[ClaimType], [uc].[ClaimValue], [uc].[UserId]
FROM [AspNetUserClaims] AS [uc]
WHERE [uc].[UserId] = @__user_Id_0 
2024-02-15 15:11:23.0737|20101|INFO|Microsoft.EntityFrameworkCore.Database.Command|Executed DbCommand (236ms) [Parameters=[@__userId_0='?' (DbType = Guid)], CommandType='Text', CommandTimeout='30']
SELECT [role].[Name]
FROM [AspNetUserRoles] AS [userRole]
INNER JOIN [AspNetRoles] AS [role] ON [userRole].[RoleId] = [role].[Id]
WHERE [userRole].[UserId] = @__userId_0 
2024-02-15 15:11:23.3923|20101|INFO|Microsoft.EntityFrameworkCore.Database.Command|Executed DbCommand (278ms) [Parameters=[@__normalizedName_0='?' (Size = 256)], CommandType='Text', CommandTimeout='30']
SELECT TOP(1) [r].[Id], [r].[ConcurrencyStamp], [r].[Name], [r].[NormalizedName]
FROM [AspNetRoles] AS [r]
WHERE [r].[NormalizedName] = @__normalizedName_0 
2024-02-15 15:11:23.6367|20101|INFO|Microsoft.EntityFrameworkCore.Database.Command|Executed DbCommand (236ms) [Parameters=[@__role_Id_0='?' (DbType = Guid)], CommandType='Text', CommandTimeout='30']
SELECT [rc].[ClaimType], [rc].[ClaimValue]
FROM [AspNetRoleClaims] AS [rc]
WHERE [rc].[RoleId] = @__role_Id_0 
2024-02-15 15:11:23.6367|10|INFO|Microsoft.AspNetCore.Authentication.Cookies.CookieAuthenticationHandler|AuthenticationScheme: Identity.Application signed in. 
2024-02-15 15:11:23.8805|20101|INFO|Microsoft.EntityFrameworkCore.Database.Command|Executed DbCommand (237ms) [Parameters=[@__normalizedEmail_0='?' (Size = 256)], CommandType='Text', CommandTimeout='30']
SELECT TOP(1) [u].[Id], [u].[AIResult], [u].[AccessFailedCount], [u].[AccountNo], [u].[Active], [u].[Address], [u].[BuyHairKit], [u].[City], [u].[ConcurrencyStamp], [u].[Country], [u].[CountryCode], [u].[CreatedAt], [u].[CustomerType], [u].[CustomerTypeId], [u].[DeviceId], [u].[Email], [u].[EmailConfirmed], [u].[FirstName], [u].[HairType], [u].[HubSpotContactId], [u].[ImageURL], [u].[IsAIV2Mobile], [u].[IsBlocked], [u].[IsOnTrial], [u].[IsPaid], [u].[IsProCustomer], [u].[LastModifiedAt], [u].[LastName], [u].[LockoutEnabled], [u].[LockoutEnd], [u].[LoginAlert], [u].[NormalizedEmail], [u].[NormalizedUserName], [u].[PasswordHash], [u].[PhoneNumber], [u].[PhoneNumberConfirmed], [u].[SalonId], [u].[SecurityStamp], [u].[SignupFrom], [u].[State], [u].[StripeCustomerId], [u].[Subscribe], [u].[TicketUserId], [u].[TrialExpiredOn], [u].[TwoFactorEnabled], [u].[TwoFactorTrans], [u].[UserName], [u].[ZipCode]
FROM [AspNetUsers] AS [u]
WHERE [u].[NormalizedEmail] = @__normalizedEmail_0 
2024-02-15 15:11:23.8805|2|INFO|Microsoft.AspNetCore.Mvc.Internal.ControllerActionInvoker|Executed action method MyAvana.Auth.Api.Controllers.AccountController.SignIn (MyAvana.Auth.Api), returned result Microsoft.AspNetCore.Mvc.OkObjectResult in 1562.6689ms. 
2024-02-15 15:11:23.8805|1|INFO|Microsoft.AspNetCore.Mvc.Infrastructure.ObjectResultExecutor|Executing ObjectResult, writing value of type 'Microsoft.AspNetCore.Mvc.JsonResult'. 
2024-02-15 15:11:23.8805|2|INFO|Microsoft.AspNetCore.Mvc.Internal.ControllerActionInvoker|Executed action MyAvana.Auth.Api.Controllers.AccountController.SignIn (MyAvana.Auth.Api) in 1579.0112ms 
2024-02-15 15:11:23.8944|2|INFO|Microsoft.AspNetCore.Hosting.Internal.WebHost|Request finished in 1594.8281ms 200 application/json; charset=utf-8 
2024-02-15 15:26:28.5182|1|INFO|Microsoft.AspNetCore.Hosting.Internal.WebHost|Request starting HTTP/1.1 POST http://localhost:5002/api/Account/signin application/json; charset=utf-8 77 
2024-02-15 15:26:28.5335|3|INFO|Microsoft.AspNetCore.Mvc.Internal.ControllerActionInvoker|Route matched with {action = "SignIn", controller = "Account"}. Executing controller action with signature Microsoft.AspNetCore.Mvc.IActionResult SignIn(MyAvanaApi.Models.ViewModels.Authentication) on controller MyAvana.Auth.Api.Controllers.AccountController (MyAvana.Auth.Api). 
2024-02-15 15:26:28.5335|1|INFO|Microsoft.AspNetCore.Mvc.Internal.ControllerActionInvoker|Executing action method MyAvana.Auth.Api.Controllers.AccountController.SignIn (MyAvana.Auth.Api) - Validation state: Valid 
2024-02-15 15:26:28.5518|10403|INFO|Microsoft.EntityFrameworkCore.Infrastructure|Entity Framework Core 2.2.6-servicing-10079 initialized 'AvanaContext' using provider 'Microsoft.EntityFrameworkCore.SqlServer' with options: MigrationsAssembly=MyAvana.Auth.Api  
2024-02-15 15:26:29.8593|20101|INFO|Microsoft.EntityFrameworkCore.Database.Command|Executed DbCommand (247ms) [Parameters=[@__normalizedUserName_0='?' (Size = 256)], CommandType='Text', CommandTimeout='30']
SELECT TOP(1) [u].[Id], [u].[AIResult], [u].[AccessFailedCount], [u].[AccountNo], [u].[Active], [u].[Address], [u].[BuyHairKit], [u].[City], [u].[ConcurrencyStamp], [u].[Country], [u].[CountryCode], [u].[CreatedAt], [u].[CustomerType], [u].[CustomerTypeId], [u].[DeviceId], [u].[Email], [u].[EmailConfirmed], [u].[FirstName], [u].[HairType], [u].[HubSpotContactId], [u].[ImageURL], [u].[IsAIV2Mobile], [u].[IsBlocked], [u].[IsOnTrial], [u].[IsPaid], [u].[IsProCustomer], [u].[LastModifiedAt], [u].[LastName], [u].[LockoutEnabled], [u].[LockoutEnd], [u].[LoginAlert], [u].[NormalizedEmail], [u].[NormalizedUserName], [u].[PasswordHash], [u].[PhoneNumber], [u].[PhoneNumberConfirmed], [u].[SalonId], [u].[SecurityStamp], [u].[SignupFrom], [u].[State], [u].[StripeCustomerId], [u].[Subscribe], [u].[TicketUserId], [u].[TrialExpiredOn], [u].[TwoFactorEnabled], [u].[TwoFactorTrans], [u].[UserName], [u].[ZipCode]
FROM [AspNetUsers] AS [u]
WHERE [u].[NormalizedUserName] = @__normalizedUserName_0 
2024-02-15 15:26:30.1214|20101|INFO|Microsoft.EntityFrameworkCore.Database.Command|Executed DbCommand (241ms) [Parameters=[@__user_Id_0='?' (DbType = Guid)], CommandType='Text', CommandTimeout='30']
SELECT [uc].[Id], [uc].[ClaimType], [uc].[ClaimValue], [uc].[UserId]
FROM [AspNetUserClaims] AS [uc]
WHERE [uc].[UserId] = @__user_Id_0 
2024-02-15 15:26:30.3688|20101|INFO|Microsoft.EntityFrameworkCore.Database.Command|Executed DbCommand (241ms) [Parameters=[@__userId_0='?' (DbType = Guid)], CommandType='Text', CommandTimeout='30']
SELECT [role].[Name]
FROM [AspNetUserRoles] AS [userRole]
INNER JOIN [AspNetRoles] AS [role] ON [userRole].[RoleId] = [role].[Id]
WHERE [userRole].[UserId] = @__userId_0 
2024-02-15 15:26:30.6153|20101|INFO|Microsoft.EntityFrameworkCore.Database.Command|Executed DbCommand (241ms) [Parameters=[@__normalizedName_0='?' (Size = 256)], CommandType='Text', CommandTimeout='30']
SELECT TOP(1) [r].[Id], [r].[ConcurrencyStamp], [r].[Name], [r].[NormalizedName]
FROM [AspNetRoles] AS [r]
WHERE [r].[NormalizedName] = @__normalizedName_0 
2024-02-15 15:26:30.8616|20101|INFO|Microsoft.EntityFrameworkCore.Database.Command|Executed DbCommand (241ms) [Parameters=[@__role_Id_0='?' (DbType = Guid)], CommandType='Text', CommandTimeout='30']
SELECT [rc].[ClaimType], [rc].[ClaimValue]
FROM [AspNetRoleClaims] AS [rc]
WHERE [rc].[RoleId] = @__role_Id_0 
2024-02-15 15:26:30.8616|10|INFO|Microsoft.AspNetCore.Authentication.Cookies.CookieAuthenticationHandler|AuthenticationScheme: Identity.Application signed in. 
2024-02-15 15:26:31.1275|20101|INFO|Microsoft.EntityFrameworkCore.Database.Command|Executed DbCommand (243ms) [Parameters=[@__normalizedEmail_0='?' (Size = 256)], CommandType='Text', CommandTimeout='30']
SELECT TOP(1) [u].[Id], [u].[AIResult], [u].[AccessFailedCount], [u].[AccountNo], [u].[Active], [u].[Address], [u].[BuyHairKit], [u].[City], [u].[ConcurrencyStamp], [u].[Country], [u].[CountryCode], [u].[CreatedAt], [u].[CustomerType], [u].[CustomerTypeId], [u].[DeviceId], [u].[Email], [u].[EmailConfirmed], [u].[FirstName], [u].[HairType], [u].[HubSpotContactId], [u].[ImageURL], [u].[IsAIV2Mobile], [u].[IsBlocked], [u].[IsOnTrial], [u].[IsPaid], [u].[IsProCustomer], [u].[LastModifiedAt], [u].[LastName], [u].[LockoutEnabled], [u].[LockoutEnd], [u].[LoginAlert], [u].[NormalizedEmail], [u].[NormalizedUserName], [u].[PasswordHash], [u].[PhoneNumber], [u].[PhoneNumberConfirmed], [u].[SalonId], [u].[SecurityStamp], [u].[SignupFrom], [u].[State], [u].[StripeCustomerId], [u].[Subscribe], [u].[TicketUserId], [u].[TrialExpiredOn], [u].[TwoFactorEnabled], [u].[TwoFactorTrans], [u].[UserName], [u].[ZipCode]
FROM [AspNetUsers] AS [u]
WHERE [u].[NormalizedEmail] = @__normalizedEmail_0 
2024-02-15 15:26:31.1275|2|INFO|Microsoft.AspNetCore.Mvc.Internal.ControllerActionInvoker|Executed action method MyAvana.Auth.Api.Controllers.AccountController.SignIn (MyAvana.Auth.Api), returned result Microsoft.AspNetCore.Mvc.OkObjectResult in 2588.8516ms. 
2024-02-15 15:26:31.1519|1|INFO|Microsoft.AspNetCore.Mvc.Infrastructure.ObjectResultExecutor|Executing ObjectResult, writing value of type 'Microsoft.AspNetCore.Mvc.JsonResult'. 
2024-02-15 15:26:31.1519|2|INFO|Microsoft.AspNetCore.Mvc.Internal.ControllerActionInvoker|Executed action MyAvana.Auth.Api.Controllers.AccountController.SignIn (MyAvana.Auth.Api) in 2619.7645ms 
2024-02-15 15:26:31.1612|2|INFO|Microsoft.AspNetCore.Hosting.Internal.WebHost|Request finished in 2644.0765ms 200 application/json; charset=utf-8 
