2024-10-18 12:31:38.5014|1|INFO|Microsoft.AspNetCore.Hosting.Internal.WebHost|Request starting HTTP/1.1 GET http://localhost:5002/api/values   
2024-10-18 12:31:39.6377|3|INFO|Microsoft.AspNetCore.Mvc.Internal.ControllerActionInvoker|Route matched with {action = "Get", controller = "Values"}. Executing controller action with signature Microsoft.AspNetCore.Mvc.ActionResult`1[System.Collections.Generic.IEnumerable`1[System.String]] Get() on controller MyAvana.Auth.Api.Controllers.ValuesController (MyAvana.Auth.Api). 
2024-10-18 12:31:39.7175|1|INFO|Microsoft.AspNetCore.Mvc.Internal.ControllerActionInvoker|Executing action method MyAvana.Auth.Api.Controllers.ValuesController.Get (MyAvana.Auth.Api) - Validation state: Valid 
2024-10-18 12:31:39.7522|2|INFO|Microsoft.AspNetCore.Mvc.Internal.ControllerActionInvoker|Executed action method MyAvana.Auth.Api.Controllers.ValuesController.Get (MyAvana.Auth.Api), returned result Microsoft.AspNetCore.Mvc.ObjectResult in 0.482ms. 
2024-10-18 12:31:39.7739|1|INFO|Microsoft.AspNetCore.Mvc.Infrastructure.ObjectResultExecutor|Executing ObjectResult, writing value of type 'System.String[]'. 
2024-10-18 12:31:40.4168|2|INFO|Microsoft.AspNetCore.Mvc.Internal.ControllerActionInvoker|Executed action MyAvana.Auth.Api.Controllers.ValuesController.Get (MyAvana.Auth.Api) in 742.4807ms 
2024-10-18 12:31:40.4627|2|INFO|Microsoft.AspNetCore.Hosting.Internal.WebHost|Request finished in 1947.7486ms 200 application/json; charset=utf-8 
2024-10-18 12:31:40.8302|1|INFO|Microsoft.AspNetCore.Hosting.Internal.WebHost|Request starting HTTP/1.1 GET http://localhost:5002/favicon.ico   
2024-10-18 12:31:40.8745|2|INFO|Microsoft.AspNetCore.Hosting.Internal.WebHost|Request finished in 154.0881ms 404  
2024-10-18 12:32:41.9007|1|INFO|Microsoft.AspNetCore.Hosting.Internal.WebHost|Request starting HTTP/1.1 POST http://localhost:5002/api/Account/signin application/json; charset=utf-8 90 
2024-10-18 12:32:41.9379|3|INFO|Microsoft.AspNetCore.Mvc.Internal.ControllerActionInvoker|Route matched with {action = "SignIn", controller = "Account"}. Executing controller action with signature Microsoft.AspNetCore.Mvc.IActionResult SignIn(MyAvanaApi.Models.ViewModels.Authentication) on controller MyAvana.Auth.Api.Controllers.AccountController (MyAvana.Auth.Api). 
2024-10-18 12:32:42.6515|1|INFO|Microsoft.AspNetCore.Mvc.Internal.ControllerActionInvoker|Executing action method MyAvana.Auth.Api.Controllers.AccountController.SignIn (MyAvana.Auth.Api) - Validation state: Valid 
2024-10-18 12:32:43.9524|30000|WARN|Microsoft.EntityFrameworkCore.Model.Validation|No type was specified for the decimal column 'Price' on entity type 'Tools'. This will cause values to be silently truncated if they do not fit in the default precision and scale. Explicitly specify the SQL server column type that can accommodate all the values using 'HasColumnType()'. 
2024-10-18 12:32:43.9681|30000|WARN|Microsoft.EntityFrameworkCore.Model.Validation|No type was specified for the decimal column 'DefaultDecimal1' on entity type 'GenericSetting'. This will cause values to be silently truncated if they do not fit in the default precision and scale. Explicitly specify the SQL server column type that can accommodate all the values using 'HasColumnType()'. 
2024-10-18 12:32:43.9681|30000|WARN|Microsoft.EntityFrameworkCore.Model.Validation|No type was specified for the decimal column 'DefaultDecimal2' on entity type 'GenericSetting'. This will cause values to be silently truncated if they do not fit in the default precision and scale. Explicitly specify the SQL server column type that can accommodate all the values using 'HasColumnType()'. 
2024-10-18 12:32:43.9846|30000|WARN|Microsoft.EntityFrameworkCore.Model.Validation|No type was specified for the decimal column 'DefaultDecimal3' on entity type 'GenericSetting'. This will cause values to be silently truncated if they do not fit in the default precision and scale. Explicitly specify the SQL server column type that can accommodate all the values using 'HasColumnType()'. 
2024-10-18 12:32:43.9846|30000|WARN|Microsoft.EntityFrameworkCore.Model.Validation|No type was specified for the decimal column 'DefaultDecimal4' on entity type 'GenericSetting'. This will cause values to be silently truncated if they do not fit in the default precision and scale. Explicitly specify the SQL server column type that can accommodate all the values using 'HasColumnType()'. 
2024-10-18 12:32:43.9993|30000|WARN|Microsoft.EntityFrameworkCore.Model.Validation|No type was specified for the decimal column 'DefaultDecimal5' on entity type 'GenericSetting'. This will cause values to be silently truncated if they do not fit in the default precision and scale. Explicitly specify the SQL server column type that can accommodate all the values using 'HasColumnType()'. 
2024-10-18 12:32:43.9993|30000|WARN|Microsoft.EntityFrameworkCore.Model.Validation|No type was specified for the decimal column 'Price' on entity type 'ProductEntity'. This will cause values to be silently truncated if they do not fit in the default precision and scale. Explicitly specify the SQL server column type that can accommodate all the values using 'HasColumnType()'. 
2024-10-18 12:32:44.1176|10403|INFO|Microsoft.EntityFrameworkCore.Infrastructure|Entity Framework Core 2.2.6-servicing-10079 initialized 'AvanaContext' using provider 'Microsoft.EntityFrameworkCore.SqlServer' with options: MigrationsAssembly=MyAvana.Auth.Api  
2024-10-18 12:32:46.2394|20101|INFO|Microsoft.EntityFrameworkCore.Database.Command|Executed DbCommand (307ms) [Parameters=[@__normalizedUserName_0='?' (Size = 256)], CommandType='Text', CommandTimeout='30']
SELECT TOP(1) [u].[Id], [u].[AIResult], [u].[AccessFailedCount], [u].[AccountNo], [u].[Active], [u].[Address], [u].[BuyHairKit], [u].[City], [u].[ConcurrencyStamp], [u].[Country], [u].[CountryCode], [u].[CreatedAt], [u].[CustomerType], [u].[CustomerTypeId], [u].[DeviceId], [u].[Email], [u].[EmailConfirmed], [u].[FirstName], [u].[HairType], [u].[HubSpotContactId], [u].[ImageURL], [u].[IsAIV2Mobile], [u].[IsBlocked], [u].[IsInfluencer], [u].[IsOnTrial], [u].[IsPaid], [u].[IsProCustomer], [u].[LastModifiedAt], [u].[LastName], [u].[LastPingTime], [u].[LockoutEnabled], [u].[LockoutEnd], [u].[LoginAlert], [u].[NormalizedEmail], [u].[NormalizedUserName], [u].[PasswordHash], [u].[PhoneNumber], [u].[PhoneNumberConfirmed], [u].[SalonId], [u].[SecurityStamp], [u].[SignupFrom], [u].[State], [u].[StripeCustomerId], [u].[Subscribe], [u].[TicketUserId], [u].[TrialExpiredOn], [u].[TwoFactorEnabled], [u].[TwoFactorTrans], [u].[UserName], [u].[ZipCode]
FROM [AspNetUsers] AS [u]
WHERE [u].[NormalizedUserName] = @__normalizedUserName_0 
2024-10-18 12:32:46.8704|20101|INFO|Microsoft.EntityFrameworkCore.Database.Command|Executed DbCommand (285ms) [Parameters=[@__user_Id_0='?' (DbType = Guid)], CommandType='Text', CommandTimeout='30']
SELECT [uc].[Id], [uc].[ClaimType], [uc].[ClaimValue], [uc].[UserId]
FROM [AspNetUserClaims] AS [uc]
WHERE [uc].[UserId] = @__user_Id_0 
2024-10-18 12:32:47.2756|20101|INFO|Microsoft.EntityFrameworkCore.Database.Command|Executed DbCommand (321ms) [Parameters=[@__userId_0='?' (DbType = Guid)], CommandType='Text', CommandTimeout='30']
SELECT [role].[Name]
FROM [AspNetUserRoles] AS [userRole]
INNER JOIN [AspNetRoles] AS [role] ON [userRole].[RoleId] = [role].[Id]
WHERE [userRole].[UserId] = @__userId_0 
2024-10-18 12:32:47.6234|20101|INFO|Microsoft.EntityFrameworkCore.Database.Command|Executed DbCommand (315ms) [Parameters=[@__normalizedName_0='?' (Size = 256)], CommandType='Text', CommandTimeout='30']
SELECT TOP(1) [r].[Id], [r].[ConcurrencyStamp], [r].[Name], [r].[NormalizedName]
FROM [AspNetRoles] AS [r]
WHERE [r].[NormalizedName] = @__normalizedName_0 
2024-10-18 12:32:47.9204|20101|INFO|Microsoft.EntityFrameworkCore.Database.Command|Executed DbCommand (252ms) [Parameters=[@__role_Id_0='?' (DbType = Guid)], CommandType='Text', CommandTimeout='30']
SELECT [rc].[ClaimType], [rc].[ClaimValue]
FROM [AspNetRoleClaims] AS [rc]
WHERE [rc].[RoleId] = @__role_Id_0 
2024-10-18 12:32:47.9414|10|INFO|Microsoft.AspNetCore.Authentication.Cookies.CookieAuthenticationHandler|AuthenticationScheme: Identity.Application signed in. 
2024-10-18 12:32:48.2135|20101|INFO|Microsoft.EntityFrameworkCore.Database.Command|Executed DbCommand (248ms) [Parameters=[@__normalizedEmail_0='?' (Size = 256)], CommandType='Text', CommandTimeout='30']
SELECT TOP(1) [u].[Id], [u].[AIResult], [u].[AccessFailedCount], [u].[AccountNo], [u].[Active], [u].[Address], [u].[BuyHairKit], [u].[City], [u].[ConcurrencyStamp], [u].[Country], [u].[CountryCode], [u].[CreatedAt], [u].[CustomerType], [u].[CustomerTypeId], [u].[DeviceId], [u].[Email], [u].[EmailConfirmed], [u].[FirstName], [u].[HairType], [u].[HubSpotContactId], [u].[ImageURL], [u].[IsAIV2Mobile], [u].[IsBlocked], [u].[IsInfluencer], [u].[IsOnTrial], [u].[IsPaid], [u].[IsProCustomer], [u].[LastModifiedAt], [u].[LastName], [u].[LastPingTime], [u].[LockoutEnabled], [u].[LockoutEnd], [u].[LoginAlert], [u].[NormalizedEmail], [u].[NormalizedUserName], [u].[PasswordHash], [u].[PhoneNumber], [u].[PhoneNumberConfirmed], [u].[SalonId], [u].[SecurityStamp], [u].[SignupFrom], [u].[State], [u].[StripeCustomerId], [u].[Subscribe], [u].[TicketUserId], [u].[TrialExpiredOn], [u].[TwoFactorEnabled], [u].[TwoFactorTrans], [u].[UserName], [u].[ZipCode]
FROM [AspNetUsers] AS [u]
WHERE [u].[NormalizedEmail] = @__normalizedEmail_0 
2024-10-18 12:32:48.2997|2|INFO|Microsoft.AspNetCore.Mvc.Internal.ControllerActionInvoker|Executed action method MyAvana.Auth.Api.Controllers.AccountController.SignIn (MyAvana.Auth.Api), returned result Microsoft.AspNetCore.Mvc.OkObjectResult in 5644.1515ms. 
2024-10-18 12:32:48.2997|1|INFO|Microsoft.AspNetCore.Mvc.Infrastructure.ObjectResultExecutor|Executing ObjectResult, writing value of type 'Microsoft.AspNetCore.Mvc.JsonResult'. 
2024-10-18 12:32:48.3317|2|INFO|Microsoft.AspNetCore.Mvc.Internal.ControllerActionInvoker|Executed action MyAvana.Auth.Api.Controllers.AccountController.SignIn (MyAvana.Auth.Api) in 6391.2757ms 
2024-10-18 12:32:48.3317|2|INFO|Microsoft.AspNetCore.Hosting.Internal.WebHost|Request finished in 6435.2737ms 200 application/json; charset=utf-8 
2024-10-18 14:52:55.2943|1|INFO|Microsoft.AspNetCore.Hosting.Internal.WebHost|Request starting HTTP/1.1 GET http://localhost:5002/api/values   
2024-10-18 14:52:55.6827|3|INFO|Microsoft.AspNetCore.Mvc.Internal.ControllerActionInvoker|Route matched with {action = "Get", controller = "Values"}. Executing controller action with signature Microsoft.AspNetCore.Mvc.ActionResult`1[System.Collections.Generic.IEnumerable`1[System.String]] Get() on controller MyAvana.Auth.Api.Controllers.ValuesController (MyAvana.Auth.Api). 
2024-10-18 14:52:55.7092|1|INFO|Microsoft.AspNetCore.Mvc.Internal.ControllerActionInvoker|Executing action method MyAvana.Auth.Api.Controllers.ValuesController.Get (MyAvana.Auth.Api) - Validation state: Valid 
2024-10-18 14:52:55.7092|2|INFO|Microsoft.AspNetCore.Mvc.Internal.ControllerActionInvoker|Executed action method MyAvana.Auth.Api.Controllers.ValuesController.Get (MyAvana.Auth.Api), returned result Microsoft.AspNetCore.Mvc.ObjectResult in 0.4812ms. 
2024-10-18 14:52:55.7358|1|INFO|Microsoft.AspNetCore.Mvc.Infrastructure.ObjectResultExecutor|Executing ObjectResult, writing value of type 'System.String[]'. 
2024-10-18 14:52:55.9317|2|INFO|Microsoft.AspNetCore.Mvc.Internal.ControllerActionInvoker|Executed action MyAvana.Auth.Api.Controllers.ValuesController.Get (MyAvana.Auth.Api) in 234.599ms 
2024-10-18 14:52:55.9424|2|INFO|Microsoft.AspNetCore.Hosting.Internal.WebHost|Request finished in 663.3203ms 200 application/json; charset=utf-8 
2024-10-18 14:52:56.0347|1|INFO|Microsoft.AspNetCore.Hosting.Internal.WebHost|Request starting HTTP/1.1 GET http://localhost:5002/favicon.ico   
2024-10-18 14:52:56.0475|2|INFO|Microsoft.AspNetCore.Hosting.Internal.WebHost|Request finished in 11.1749ms 404  
2024-10-18 17:25:30.2542|1|INFO|Microsoft.AspNetCore.Hosting.Internal.WebHost|Request starting HTTP/1.1 POST http://localhost:5002/api/Account/signin application/json; charset=utf-8 92 
2024-10-18 17:25:30.3091|3|INFO|Microsoft.AspNetCore.Mvc.Internal.ControllerActionInvoker|Route matched with {action = "SignIn", controller = "Account"}. Executing controller action with signature Microsoft.AspNetCore.Mvc.IActionResult SignIn(MyAvanaApi.Models.ViewModels.Authentication) on controller MyAvana.Auth.Api.Controllers.AccountController (MyAvana.Auth.Api). 
2024-10-18 17:25:31.0062|1|INFO|Microsoft.AspNetCore.Mvc.Internal.ControllerActionInvoker|Executing action method MyAvana.Auth.Api.Controllers.AccountController.SignIn (MyAvana.Auth.Api) - Validation state: Valid 
2024-10-18 17:25:32.0364|30000|WARN|Microsoft.EntityFrameworkCore.Model.Validation|No type was specified for the decimal column 'Price' on entity type 'Tools'. This will cause values to be silently truncated if they do not fit in the default precision and scale. Explicitly specify the SQL server column type that can accommodate all the values using 'HasColumnType()'. 
2024-10-18 17:25:32.0568|30000|WARN|Microsoft.EntityFrameworkCore.Model.Validation|No type was specified for the decimal column 'DefaultDecimal1' on entity type 'GenericSetting'. This will cause values to be silently truncated if they do not fit in the default precision and scale. Explicitly specify the SQL server column type that can accommodate all the values using 'HasColumnType()'. 
2024-10-18 17:25:32.0683|30000|WARN|Microsoft.EntityFrameworkCore.Model.Validation|No type was specified for the decimal column 'DefaultDecimal2' on entity type 'GenericSetting'. This will cause values to be silently truncated if they do not fit in the default precision and scale. Explicitly specify the SQL server column type that can accommodate all the values using 'HasColumnType()'. 
2024-10-18 17:25:32.0887|30000|WARN|Microsoft.EntityFrameworkCore.Model.Validation|No type was specified for the decimal column 'DefaultDecimal3' on entity type 'GenericSetting'. This will cause values to be silently truncated if they do not fit in the default precision and scale. Explicitly specify the SQL server column type that can accommodate all the values using 'HasColumnType()'. 
2024-10-18 17:25:32.1007|30000|WARN|Microsoft.EntityFrameworkCore.Model.Validation|No type was specified for the decimal column 'DefaultDecimal4' on entity type 'GenericSetting'. This will cause values to be silently truncated if they do not fit in the default precision and scale. Explicitly specify the SQL server column type that can accommodate all the values using 'HasColumnType()'. 
2024-10-18 17:25:32.1495|30000|WARN|Microsoft.EntityFrameworkCore.Model.Validation|No type was specified for the decimal column 'DefaultDecimal5' on entity type 'GenericSetting'. This will cause values to be silently truncated if they do not fit in the default precision and scale. Explicitly specify the SQL server column type that can accommodate all the values using 'HasColumnType()'. 
2024-10-18 17:25:32.1965|30000|WARN|Microsoft.EntityFrameworkCore.Model.Validation|No type was specified for the decimal column 'Price' on entity type 'ProductEntity'. This will cause values to be silently truncated if they do not fit in the default precision and scale. Explicitly specify the SQL server column type that can accommodate all the values using 'HasColumnType()'. 
2024-10-18 17:25:32.3513|10403|INFO|Microsoft.EntityFrameworkCore.Infrastructure|Entity Framework Core 2.2.6-servicing-10079 initialized 'AvanaContext' using provider 'Microsoft.EntityFrameworkCore.SqlServer' with options: MigrationsAssembly=MyAvana.Auth.Api  
2024-10-18 17:25:34.1592|20101|INFO|Microsoft.EntityFrameworkCore.Database.Command|Executed DbCommand (259ms) [Parameters=[@__normalizedUserName_0='?' (Size = 256)], CommandType='Text', CommandTimeout='30']
SELECT TOP(1) [u].[Id], [u].[AIResult], [u].[AccessFailedCount], [u].[AccountNo], [u].[Active], [u].[Address], [u].[BuyHairKit], [u].[City], [u].[ConcurrencyStamp], [u].[Country], [u].[CountryCode], [u].[CreatedAt], [u].[CustomerType], [u].[CustomerTypeId], [u].[DeviceId], [u].[Email], [u].[EmailConfirmed], [u].[FirstName], [u].[HairType], [u].[HubSpotContactId], [u].[ImageURL], [u].[IsAIV2Mobile], [u].[IsBlocked], [u].[IsInfluencer], [u].[IsOnTrial], [u].[IsPaid], [u].[IsProCustomer], [u].[LastModifiedAt], [u].[LastName], [u].[LastPingTime], [u].[LockoutEnabled], [u].[LockoutEnd], [u].[LoginAlert], [u].[NormalizedEmail], [u].[NormalizedUserName], [u].[PasswordHash], [u].[PhoneNumber], [u].[PhoneNumberConfirmed], [u].[SalonId], [u].[SecurityStamp], [u].[SignupFrom], [u].[State], [u].[StripeCustomerId], [u].[Subscribe], [u].[TicketUserId], [u].[TrialExpiredOn], [u].[TwoFactorEnabled], [u].[TwoFactorTrans], [u].[UserName], [u].[ZipCode]
FROM [AspNetUsers] AS [u]
WHERE [u].[NormalizedUserName] = @__normalizedUserName_0 
2024-10-18 17:25:34.6473|20101|INFO|Microsoft.EntityFrameworkCore.Database.Command|Executed DbCommand (233ms) [Parameters=[@__user_Id_0='?' (DbType = Guid)], CommandType='Text', CommandTimeout='30']
SELECT [uc].[Id], [uc].[ClaimType], [uc].[ClaimValue], [uc].[UserId]
FROM [AspNetUserClaims] AS [uc]
WHERE [uc].[UserId] = @__user_Id_0 
2024-10-18 17:25:34.9893|20101|INFO|Microsoft.EntityFrameworkCore.Database.Command|Executed DbCommand (234ms) [Parameters=[@__userId_0='?' (DbType = Guid)], CommandType='Text', CommandTimeout='30']
SELECT [role].[Name]
FROM [AspNetUserRoles] AS [userRole]
INNER JOIN [AspNetRoles] AS [role] ON [userRole].[RoleId] = [role].[Id]
WHERE [userRole].[UserId] = @__userId_0 
2024-10-18 17:25:35.2493|20101|INFO|Microsoft.EntityFrameworkCore.Database.Command|Executed DbCommand (238ms) [Parameters=[@__normalizedName_0='?' (Size = 256)], CommandType='Text', CommandTimeout='30']
SELECT TOP(1) [r].[Id], [r].[ConcurrencyStamp], [r].[Name], [r].[NormalizedName]
FROM [AspNetRoles] AS [r]
WHERE [r].[NormalizedName] = @__normalizedName_0 
2024-10-18 17:25:35.5046|20101|INFO|Microsoft.EntityFrameworkCore.Database.Command|Executed DbCommand (229ms) [Parameters=[@__role_Id_0='?' (DbType = Guid)], CommandType='Text', CommandTimeout='30']
SELECT [rc].[ClaimType], [rc].[ClaimValue]
FROM [AspNetRoleClaims] AS [rc]
WHERE [rc].[RoleId] = @__role_Id_0 
2024-10-18 17:25:35.5256|10|INFO|Microsoft.AspNetCore.Authentication.Cookies.CookieAuthenticationHandler|AuthenticationScheme: Identity.Application signed in. 
2024-10-18 17:25:35.8626|20101|INFO|Microsoft.EntityFrameworkCore.Database.Command|Executed DbCommand (305ms) [Parameters=[@__normalizedEmail_0='?' (Size = 256)], CommandType='Text', CommandTimeout='30']
SELECT TOP(1) [u].[Id], [u].[AIResult], [u].[AccessFailedCount], [u].[AccountNo], [u].[Active], [u].[Address], [u].[BuyHairKit], [u].[City], [u].[ConcurrencyStamp], [u].[Country], [u].[CountryCode], [u].[CreatedAt], [u].[CustomerType], [u].[CustomerTypeId], [u].[DeviceId], [u].[Email], [u].[EmailConfirmed], [u].[FirstName], [u].[HairType], [u].[HubSpotContactId], [u].[ImageURL], [u].[IsAIV2Mobile], [u].[IsBlocked], [u].[IsInfluencer], [u].[IsOnTrial], [u].[IsPaid], [u].[IsProCustomer], [u].[LastModifiedAt], [u].[LastName], [u].[LastPingTime], [u].[LockoutEnabled], [u].[LockoutEnd], [u].[LoginAlert], [u].[NormalizedEmail], [u].[NormalizedUserName], [u].[PasswordHash], [u].[PhoneNumber], [u].[PhoneNumberConfirmed], [u].[SalonId], [u].[SecurityStamp], [u].[SignupFrom], [u].[State], [u].[StripeCustomerId], [u].[Subscribe], [u].[TicketUserId], [u].[TrialExpiredOn], [u].[TwoFactorEnabled], [u].[TwoFactorTrans], [u].[UserName], [u].[ZipCode]
FROM [AspNetUsers] AS [u]
WHERE [u].[NormalizedEmail] = @__normalizedEmail_0 
2024-10-18 17:25:35.9486|2|INFO|Microsoft.AspNetCore.Mvc.Internal.ControllerActionInvoker|Executed action method MyAvana.Auth.Api.Controllers.AccountController.SignIn (MyAvana.Auth.Api), returned result Microsoft.AspNetCore.Mvc.OkObjectResult in 4939.4051ms. 
2024-10-18 17:25:35.9486|1|INFO|Microsoft.AspNetCore.Mvc.Infrastructure.ObjectResultExecutor|Executing ObjectResult, writing value of type 'Microsoft.AspNetCore.Mvc.JsonResult'. 
2024-10-18 17:25:35.9916|2|INFO|Microsoft.AspNetCore.Mvc.Internal.ControllerActionInvoker|Executed action MyAvana.Auth.Api.Controllers.AccountController.SignIn (MyAvana.Auth.Api) in 5678.4527ms 
2024-10-18 17:25:35.9916|2|INFO|Microsoft.AspNetCore.Hosting.Internal.WebHost|Request finished in 5773.0547ms 200 application/json; charset=utf-8 
