2024-10-01 11:32:39.3314|1|INFO|Microsoft.AspNetCore.Hosting.Internal.WebHost|Request starting HTTP/1.1 GET http://localhost:5002/api/values   
2024-10-01 11:32:40.5753|3|INFO|Microsoft.AspNetCore.Mvc.Internal.ControllerActionInvoker|Route matched with {action = "Get", controller = "Values"}. Executing controller action with signature Microsoft.AspNetCore.Mvc.ActionResult`1[System.Collections.Generic.IEnumerable`1[System.String]] Get() on controller MyAvana.Auth.Api.Controllers.ValuesController (MyAvana.Auth.Api). 
2024-10-01 11:32:40.6095|1|INFO|Microsoft.AspNetCore.Mvc.Internal.ControllerActionInvoker|Executing action method MyAvana.Auth.Api.Controllers.ValuesController.Get (MyAvana.Auth.Api) - Validation state: Valid 
2024-10-01 11:32:40.6710|2|INFO|Microsoft.AspNetCore.Mvc.Internal.ControllerActionInvoker|Executed action method MyAvana.Auth.Api.Controllers.ValuesController.Get (MyAvana.Auth.Api), returned result Microsoft.AspNetCore.Mvc.ObjectResult in 4.0191ms. 
2024-10-01 11:32:40.7177|1|INFO|Microsoft.AspNetCore.Mvc.Infrastructure.ObjectResultExecutor|Executing ObjectResult, writing value of type 'System.String[]'. 
2024-10-01 11:32:41.2194|2|INFO|Microsoft.AspNetCore.Mvc.Internal.ControllerActionInvoker|Executed action MyAvana.Auth.Api.Controllers.ValuesController.Get (MyAvana.Auth.Api) in 561.9506ms 
2024-10-01 11:32:41.3807|2|INFO|Microsoft.AspNetCore.Hosting.Internal.WebHost|Request finished in 1928.1413ms 200 application/json; charset=utf-8 
2024-10-01 11:32:42.0059|1|INFO|Microsoft.AspNetCore.Hosting.Internal.WebHost|Request starting HTTP/1.1 GET http://localhost:5002/favicon.ico   
2024-10-01 11:32:42.4306|2|INFO|Microsoft.AspNetCore.Hosting.Internal.WebHost|Request finished in 48.4937ms 404  
2024-10-01 11:44:50.0973|1|INFO|Microsoft.AspNetCore.Hosting.Internal.WebHost|Request starting HTTP/1.1 POST http://localhost:5002/api/Account/signin application/json; charset=utf-8 98 
2024-10-01 11:44:50.1534|3|INFO|Microsoft.AspNetCore.Mvc.Internal.ControllerActionInvoker|Route matched with {action = "SignIn", controller = "Account"}. Executing controller action with signature Microsoft.AspNetCore.Mvc.IActionResult SignIn(MyAvanaApi.Models.ViewModels.Authentication) on controller MyAvana.Auth.Api.Controllers.AccountController (MyAvana.Auth.Api). 
2024-10-01 11:44:51.0885|1|INFO|Microsoft.AspNetCore.Mvc.Internal.ControllerActionInvoker|Executing action method MyAvana.Auth.Api.Controllers.AccountController.SignIn (MyAvana.Auth.Api) - Validation state: Valid 
2024-10-01 11:44:52.0779|30000|WARN|Microsoft.EntityFrameworkCore.Model.Validation|No type was specified for the decimal column 'Price' on entity type 'Tools'. This will cause values to be silently truncated if they do not fit in the default precision and scale. Explicitly specify the SQL server column type that can accommodate all the values using 'HasColumnType()'. 
2024-10-01 11:44:52.0779|30000|WARN|Microsoft.EntityFrameworkCore.Model.Validation|No type was specified for the decimal column 'DefaultDecimal1' on entity type 'GenericSetting'. This will cause values to be silently truncated if they do not fit in the default precision and scale. Explicitly specify the SQL server column type that can accommodate all the values using 'HasColumnType()'. 
2024-10-01 11:44:52.0961|30000|WARN|Microsoft.EntityFrameworkCore.Model.Validation|No type was specified for the decimal column 'DefaultDecimal2' on entity type 'GenericSetting'. This will cause values to be silently truncated if they do not fit in the default precision and scale. Explicitly specify the SQL server column type that can accommodate all the values using 'HasColumnType()'. 
2024-10-01 11:44:52.0961|30000|WARN|Microsoft.EntityFrameworkCore.Model.Validation|No type was specified for the decimal column 'DefaultDecimal3' on entity type 'GenericSetting'. This will cause values to be silently truncated if they do not fit in the default precision and scale. Explicitly specify the SQL server column type that can accommodate all the values using 'HasColumnType()'. 
2024-10-01 11:44:52.0961|30000|WARN|Microsoft.EntityFrameworkCore.Model.Validation|No type was specified for the decimal column 'DefaultDecimal4' on entity type 'GenericSetting'. This will cause values to be silently truncated if they do not fit in the default precision and scale. Explicitly specify the SQL server column type that can accommodate all the values using 'HasColumnType()'. 
2024-10-01 11:44:52.1125|30000|WARN|Microsoft.EntityFrameworkCore.Model.Validation|No type was specified for the decimal column 'DefaultDecimal5' on entity type 'GenericSetting'. This will cause values to be silently truncated if they do not fit in the default precision and scale. Explicitly specify the SQL server column type that can accommodate all the values using 'HasColumnType()'. 
2024-10-01 11:44:52.1125|30000|WARN|Microsoft.EntityFrameworkCore.Model.Validation|No type was specified for the decimal column 'Price' on entity type 'ProductEntity'. This will cause values to be silently truncated if they do not fit in the default precision and scale. Explicitly specify the SQL server column type that can accommodate all the values using 'HasColumnType()'. 
2024-10-01 11:44:52.2200|10403|INFO|Microsoft.EntityFrameworkCore.Infrastructure|Entity Framework Core 2.2.6-servicing-10079 initialized 'AvanaContext' using provider 'Microsoft.EntityFrameworkCore.SqlServer' with options: MigrationsAssembly=MyAvana.Auth.Api  
2024-10-01 11:44:54.4514|20101|INFO|Microsoft.EntityFrameworkCore.Database.Command|Executed DbCommand (265ms) [Parameters=[@__normalizedUserName_0='?' (Size = 256)], CommandType='Text', CommandTimeout='30']
SELECT TOP(1) [u].[Id], [u].[AIResult], [u].[AccessFailedCount], [u].[AccountNo], [u].[Active], [u].[Address], [u].[BuyHairKit], [u].[City], [u].[ConcurrencyStamp], [u].[Country], [u].[CountryCode], [u].[CreatedAt], [u].[CustomerType], [u].[CustomerTypeId], [u].[DeviceId], [u].[Email], [u].[EmailConfirmed], [u].[FirstName], [u].[HairType], [u].[HubSpotContactId], [u].[ImageURL], [u].[IsAIV2Mobile], [u].[IsBlocked], [u].[IsInfluencer], [u].[IsOnTrial], [u].[IsPaid], [u].[IsProCustomer], [u].[LastModifiedAt], [u].[LastName], [u].[LastPingTime], [u].[LockoutEnabled], [u].[LockoutEnd], [u].[LoginAlert], [u].[NormalizedEmail], [u].[NormalizedUserName], [u].[PasswordHash], [u].[PhoneNumber], [u].[PhoneNumberConfirmed], [u].[SalonId], [u].[SecurityStamp], [u].[SignupFrom], [u].[State], [u].[StripeCustomerId], [u].[Subscribe], [u].[TicketUserId], [u].[TrialExpiredOn], [u].[TwoFactorEnabled], [u].[TwoFactorTrans], [u].[UserName], [u].[ZipCode]
FROM [AspNetUsers] AS [u]
WHERE [u].[NormalizedUserName] = @__normalizedUserName_0 
2024-10-01 11:44:55.2071|20101|INFO|Microsoft.EntityFrameworkCore.Database.Command|Executed DbCommand (490ms) [Parameters=[@__user_Id_0='?' (DbType = Guid)], CommandType='Text', CommandTimeout='30']
SELECT [uc].[Id], [uc].[ClaimType], [uc].[ClaimValue], [uc].[UserId]
FROM [AspNetUserClaims] AS [uc]
WHERE [uc].[UserId] = @__user_Id_0 
2024-10-01 11:44:55.5230|20101|INFO|Microsoft.EntityFrameworkCore.Database.Command|Executed DbCommand (244ms) [Parameters=[@__userId_0='?' (DbType = Guid)], CommandType='Text', CommandTimeout='30']
SELECT [role].[Name]
FROM [AspNetUserRoles] AS [userRole]
INNER JOIN [AspNetRoles] AS [role] ON [userRole].[RoleId] = [role].[Id]
WHERE [userRole].[UserId] = @__userId_0 
2024-10-01 11:44:55.8116|20101|INFO|Microsoft.EntityFrameworkCore.Database.Command|Executed DbCommand (260ms) [Parameters=[@__normalizedName_0='?' (Size = 256)], CommandType='Text', CommandTimeout='30']
SELECT TOP(1) [r].[Id], [r].[ConcurrencyStamp], [r].[Name], [r].[NormalizedName]
FROM [AspNetRoles] AS [r]
WHERE [r].[NormalizedName] = @__normalizedName_0 
2024-10-01 11:44:56.0873|20101|INFO|Microsoft.EntityFrameworkCore.Database.Command|Executed DbCommand (235ms) [Parameters=[@__role_Id_0='?' (DbType = Guid)], CommandType='Text', CommandTimeout='30']
SELECT [rc].[ClaimType], [rc].[ClaimValue]
FROM [AspNetRoleClaims] AS [rc]
WHERE [rc].[RoleId] = @__role_Id_0 
2024-10-01 11:44:56.1138|10|INFO|Microsoft.AspNetCore.Authentication.Cookies.CookieAuthenticationHandler|AuthenticationScheme: Identity.Application signed in. 
2024-10-01 11:44:56.4137|20101|INFO|Microsoft.EntityFrameworkCore.Database.Command|Executed DbCommand (263ms) [Parameters=[@__normalizedEmail_0='?' (Size = 256)], CommandType='Text', CommandTimeout='30']
SELECT TOP(1) [u].[Id], [u].[AIResult], [u].[AccessFailedCount], [u].[AccountNo], [u].[Active], [u].[Address], [u].[BuyHairKit], [u].[City], [u].[ConcurrencyStamp], [u].[Country], [u].[CountryCode], [u].[CreatedAt], [u].[CustomerType], [u].[CustomerTypeId], [u].[DeviceId], [u].[Email], [u].[EmailConfirmed], [u].[FirstName], [u].[HairType], [u].[HubSpotContactId], [u].[ImageURL], [u].[IsAIV2Mobile], [u].[IsBlocked], [u].[IsInfluencer], [u].[IsOnTrial], [u].[IsPaid], [u].[IsProCustomer], [u].[LastModifiedAt], [u].[LastName], [u].[LastPingTime], [u].[LockoutEnabled], [u].[LockoutEnd], [u].[LoginAlert], [u].[NormalizedEmail], [u].[NormalizedUserName], [u].[PasswordHash], [u].[PhoneNumber], [u].[PhoneNumberConfirmed], [u].[SalonId], [u].[SecurityStamp], [u].[SignupFrom], [u].[State], [u].[StripeCustomerId], [u].[Subscribe], [u].[TicketUserId], [u].[TrialExpiredOn], [u].[TwoFactorEnabled], [u].[TwoFactorTrans], [u].[UserName], [u].[ZipCode]
FROM [AspNetUsers] AS [u]
WHERE [u].[NormalizedEmail] = @__normalizedEmail_0 
2024-10-01 11:44:56.4986|2|INFO|Microsoft.AspNetCore.Mvc.Internal.ControllerActionInvoker|Executed action method MyAvana.Auth.Api.Controllers.AccountController.SignIn (MyAvana.Auth.Api), returned result Microsoft.AspNetCore.Mvc.OkObjectResult in 5407.4798ms. 
2024-10-01 11:44:56.5024|1|INFO|Microsoft.AspNetCore.Mvc.Infrastructure.ObjectResultExecutor|Executing ObjectResult, writing value of type 'Microsoft.AspNetCore.Mvc.JsonResult'. 
2024-10-01 11:44:56.5326|2|INFO|Microsoft.AspNetCore.Mvc.Internal.ControllerActionInvoker|Executed action MyAvana.Auth.Api.Controllers.AccountController.SignIn (MyAvana.Auth.Api) in 6372.0628ms 
2024-10-01 11:44:56.5326|2|INFO|Microsoft.AspNetCore.Hosting.Internal.WebHost|Request finished in 6443.1702ms 200 application/json; charset=utf-8 
2024-10-01 11:45:31.9742|1|INFO|Microsoft.AspNetCore.Hosting.Internal.WebHost|Request starting HTTP/1.1 POST http://localhost:5002/api/Account/signin application/json; charset=utf-8 99 
2024-10-01 11:45:31.9742|3|INFO|Microsoft.AspNetCore.Mvc.Internal.ControllerActionInvoker|Route matched with {action = "SignIn", controller = "Account"}. Executing controller action with signature Microsoft.AspNetCore.Mvc.IActionResult SignIn(MyAvanaApi.Models.ViewModels.Authentication) on controller MyAvana.Auth.Api.Controllers.AccountController (MyAvana.Auth.Api). 
2024-10-01 11:45:32.0033|1|INFO|Microsoft.AspNetCore.Mvc.Internal.ControllerActionInvoker|Executing action method MyAvana.Auth.Api.Controllers.AccountController.SignIn (MyAvana.Auth.Api) - Validation state: Valid 
2024-10-01 11:45:32.0033|10403|INFO|Microsoft.EntityFrameworkCore.Infrastructure|Entity Framework Core 2.2.6-servicing-10079 initialized 'AvanaContext' using provider 'Microsoft.EntityFrameworkCore.SqlServer' with options: MigrationsAssembly=MyAvana.Auth.Api  
2024-10-01 11:45:32.2663|20101|INFO|Microsoft.EntityFrameworkCore.Database.Command|Executed DbCommand (243ms) [Parameters=[@__normalizedUserName_0='?' (Size = 256)], CommandType='Text', CommandTimeout='30']
SELECT TOP(1) [u].[Id], [u].[AIResult], [u].[AccessFailedCount], [u].[AccountNo], [u].[Active], [u].[Address], [u].[BuyHairKit], [u].[City], [u].[ConcurrencyStamp], [u].[Country], [u].[CountryCode], [u].[CreatedAt], [u].[CustomerType], [u].[CustomerTypeId], [u].[DeviceId], [u].[Email], [u].[EmailConfirmed], [u].[FirstName], [u].[HairType], [u].[HubSpotContactId], [u].[ImageURL], [u].[IsAIV2Mobile], [u].[IsBlocked], [u].[IsInfluencer], [u].[IsOnTrial], [u].[IsPaid], [u].[IsProCustomer], [u].[LastModifiedAt], [u].[LastName], [u].[LastPingTime], [u].[LockoutEnabled], [u].[LockoutEnd], [u].[LoginAlert], [u].[NormalizedEmail], [u].[NormalizedUserName], [u].[PasswordHash], [u].[PhoneNumber], [u].[PhoneNumberConfirmed], [u].[SalonId], [u].[SecurityStamp], [u].[SignupFrom], [u].[State], [u].[StripeCustomerId], [u].[Subscribe], [u].[TicketUserId], [u].[TrialExpiredOn], [u].[TwoFactorEnabled], [u].[TwoFactorTrans], [u].[UserName], [u].[ZipCode]
FROM [AspNetUsers] AS [u]
WHERE [u].[NormalizedUserName] = @__normalizedUserName_0 
2024-10-01 11:45:32.5338|20101|INFO|Microsoft.EntityFrameworkCore.Database.Command|Executed DbCommand (239ms) [Parameters=[@__user_Id_0='?' (DbType = Guid)], CommandType='Text', CommandTimeout='30']
SELECT [uc].[Id], [uc].[ClaimType], [uc].[ClaimValue], [uc].[UserId]
FROM [AspNetUserClaims] AS [uc]
WHERE [uc].[UserId] = @__user_Id_0 
2024-10-01 11:45:32.7732|20101|INFO|Microsoft.EntityFrameworkCore.Database.Command|Executed DbCommand (234ms) [Parameters=[@__userId_0='?' (DbType = Guid)], CommandType='Text', CommandTimeout='30']
SELECT [role].[Name]
FROM [AspNetUserRoles] AS [userRole]
INNER JOIN [AspNetRoles] AS [role] ON [userRole].[RoleId] = [role].[Id]
WHERE [userRole].[UserId] = @__userId_0 
2024-10-01 11:45:33.0267|20101|INFO|Microsoft.EntityFrameworkCore.Database.Command|Executed DbCommand (246ms) [Parameters=[@__normalizedName_0='?' (Size = 256)], CommandType='Text', CommandTimeout='30']
SELECT TOP(1) [r].[Id], [r].[ConcurrencyStamp], [r].[Name], [r].[NormalizedName]
FROM [AspNetRoles] AS [r]
WHERE [r].[NormalizedName] = @__normalizedName_0 
2024-10-01 11:45:33.3072|20101|INFO|Microsoft.EntityFrameworkCore.Database.Command|Executed DbCommand (273ms) [Parameters=[@__role_Id_0='?' (DbType = Guid)], CommandType='Text', CommandTimeout='30']
SELECT [rc].[ClaimType], [rc].[ClaimValue]
FROM [AspNetRoleClaims] AS [rc]
WHERE [rc].[RoleId] = @__role_Id_0 
2024-10-01 11:45:33.3072|10|INFO|Microsoft.AspNetCore.Authentication.Cookies.CookieAuthenticationHandler|AuthenticationScheme: Identity.Application signed in. 
2024-10-01 11:45:33.5543|20101|INFO|Microsoft.EntityFrameworkCore.Database.Command|Executed DbCommand (238ms) [Parameters=[@__normalizedEmail_0='?' (Size = 256)], CommandType='Text', CommandTimeout='30']
SELECT TOP(1) [u].[Id], [u].[AIResult], [u].[AccessFailedCount], [u].[AccountNo], [u].[Active], [u].[Address], [u].[BuyHairKit], [u].[City], [u].[ConcurrencyStamp], [u].[Country], [u].[CountryCode], [u].[CreatedAt], [u].[CustomerType], [u].[CustomerTypeId], [u].[DeviceId], [u].[Email], [u].[EmailConfirmed], [u].[FirstName], [u].[HairType], [u].[HubSpotContactId], [u].[ImageURL], [u].[IsAIV2Mobile], [u].[IsBlocked], [u].[IsInfluencer], [u].[IsOnTrial], [u].[IsPaid], [u].[IsProCustomer], [u].[LastModifiedAt], [u].[LastName], [u].[LastPingTime], [u].[LockoutEnabled], [u].[LockoutEnd], [u].[LoginAlert], [u].[NormalizedEmail], [u].[NormalizedUserName], [u].[PasswordHash], [u].[PhoneNumber], [u].[PhoneNumberConfirmed], [u].[SalonId], [u].[SecurityStamp], [u].[SignupFrom], [u].[State], [u].[StripeCustomerId], [u].[Subscribe], [u].[TicketUserId], [u].[TrialExpiredOn], [u].[TwoFactorEnabled], [u].[TwoFactorTrans], [u].[UserName], [u].[ZipCode]
FROM [AspNetUsers] AS [u]
WHERE [u].[NormalizedEmail] = @__normalizedEmail_0 
2024-10-01 11:45:33.5543|2|INFO|Microsoft.AspNetCore.Mvc.Internal.ControllerActionInvoker|Executed action method MyAvana.Auth.Api.Controllers.AccountController.SignIn (MyAvana.Auth.Api), returned result Microsoft.AspNetCore.Mvc.OkObjectResult in 1553.0801ms. 
2024-10-01 11:45:33.5654|1|INFO|Microsoft.AspNetCore.Mvc.Infrastructure.ObjectResultExecutor|Executing ObjectResult, writing value of type 'Microsoft.AspNetCore.Mvc.JsonResult'. 
2024-10-01 11:45:33.5654|2|INFO|Microsoft.AspNetCore.Mvc.Internal.ControllerActionInvoker|Executed action MyAvana.Auth.Api.Controllers.AccountController.SignIn (MyAvana.Auth.Api) in 1587.807ms 
2024-10-01 11:45:33.5810|2|INFO|Microsoft.AspNetCore.Hosting.Internal.WebHost|Request finished in 1603.4148ms 200 application/json; charset=utf-8 
2024-10-01 12:13:33.1112|1|INFO|Microsoft.AspNetCore.Hosting.Internal.WebHost|Request starting HTTP/1.1 GET http://localhost:5002/api/values   
2024-10-01 12:13:33.8871|3|INFO|Microsoft.AspNetCore.Mvc.Internal.ControllerActionInvoker|Route matched with {action = "Get", controller = "Values"}. Executing controller action with signature Microsoft.AspNetCore.Mvc.ActionResult`1[System.Collections.Generic.IEnumerable`1[System.String]] Get() on controller MyAvana.Auth.Api.Controllers.ValuesController (MyAvana.Auth.Api). 
2024-10-01 12:13:33.9348|1|INFO|Microsoft.AspNetCore.Mvc.Internal.ControllerActionInvoker|Executing action method MyAvana.Auth.Api.Controllers.ValuesController.Get (MyAvana.Auth.Api) - Validation state: Valid 
2024-10-01 12:13:33.9834|2|INFO|Microsoft.AspNetCore.Mvc.Internal.ControllerActionInvoker|Executed action method MyAvana.Auth.Api.Controllers.ValuesController.Get (MyAvana.Auth.Api), returned result Microsoft.AspNetCore.Mvc.ObjectResult in 0.7312ms. 
2024-10-01 12:13:34.0067|1|INFO|Microsoft.AspNetCore.Mvc.Infrastructure.ObjectResultExecutor|Executing ObjectResult, writing value of type 'System.String[]'. 
2024-10-01 12:13:34.3484|2|INFO|Microsoft.AspNetCore.Mvc.Internal.ControllerActionInvoker|Executed action MyAvana.Auth.Api.Controllers.ValuesController.Get (MyAvana.Auth.Api) in 437.5516ms 
2024-10-01 12:13:34.6805|2|INFO|Microsoft.AspNetCore.Hosting.Internal.WebHost|Request finished in 1273.8677ms 200 application/json; charset=utf-8 
2024-10-01 12:13:37.5329|1|INFO|Microsoft.AspNetCore.Hosting.Internal.WebHost|Request starting HTTP/1.1 GET http://localhost:5002/favicon.ico   
2024-10-01 12:13:37.5853|2|INFO|Microsoft.AspNetCore.Hosting.Internal.WebHost|Request finished in 27.8336ms 404  
2024-10-01 12:13:57.0290|1|INFO|Microsoft.AspNetCore.Hosting.Internal.WebHost|Request starting HTTP/1.1 POST http://localhost:5002/api/Account/signin application/json; charset=utf-8 99 
2024-10-01 12:13:57.0763|3|INFO|Microsoft.AspNetCore.Mvc.Internal.ControllerActionInvoker|Route matched with {action = "SignIn", controller = "Account"}. Executing controller action with signature Microsoft.AspNetCore.Mvc.IActionResult SignIn(MyAvanaApi.Models.ViewModels.Authentication) on controller MyAvana.Auth.Api.Controllers.AccountController (MyAvana.Auth.Api). 
2024-10-01 12:13:58.1484|1|INFO|Microsoft.AspNetCore.Mvc.Internal.ControllerActionInvoker|Executing action method MyAvana.Auth.Api.Controllers.AccountController.SignIn (MyAvana.Auth.Api) - Validation state: Valid 
2024-10-01 12:13:59.2744|30000|WARN|Microsoft.EntityFrameworkCore.Model.Validation|No type was specified for the decimal column 'Price' on entity type 'Tools'. This will cause values to be silently truncated if they do not fit in the default precision and scale. Explicitly specify the SQL server column type that can accommodate all the values using 'HasColumnType()'. 
2024-10-01 12:13:59.2814|30000|WARN|Microsoft.EntityFrameworkCore.Model.Validation|No type was specified for the decimal column 'DefaultDecimal1' on entity type 'GenericSetting'. This will cause values to be silently truncated if they do not fit in the default precision and scale. Explicitly specify the SQL server column type that can accommodate all the values using 'HasColumnType()'. 
2024-10-01 12:13:59.2814|30000|WARN|Microsoft.EntityFrameworkCore.Model.Validation|No type was specified for the decimal column 'DefaultDecimal2' on entity type 'GenericSetting'. This will cause values to be silently truncated if they do not fit in the default precision and scale. Explicitly specify the SQL server column type that can accommodate all the values using 'HasColumnType()'. 
2024-10-01 12:13:59.2967|30000|WARN|Microsoft.EntityFrameworkCore.Model.Validation|No type was specified for the decimal column 'DefaultDecimal3' on entity type 'GenericSetting'. This will cause values to be silently truncated if they do not fit in the default precision and scale. Explicitly specify the SQL server column type that can accommodate all the values using 'HasColumnType()'. 
2024-10-01 12:13:59.3167|30000|WARN|Microsoft.EntityFrameworkCore.Model.Validation|No type was specified for the decimal column 'DefaultDecimal4' on entity type 'GenericSetting'. This will cause values to be silently truncated if they do not fit in the default precision and scale. Explicitly specify the SQL server column type that can accommodate all the values using 'HasColumnType()'. 
2024-10-01 12:13:59.3167|30000|WARN|Microsoft.EntityFrameworkCore.Model.Validation|No type was specified for the decimal column 'DefaultDecimal5' on entity type 'GenericSetting'. This will cause values to be silently truncated if they do not fit in the default precision and scale. Explicitly specify the SQL server column type that can accommodate all the values using 'HasColumnType()'. 
2024-10-01 12:13:59.3167|30000|WARN|Microsoft.EntityFrameworkCore.Model.Validation|No type was specified for the decimal column 'Price' on entity type 'ProductEntity'. This will cause values to be silently truncated if they do not fit in the default precision and scale. Explicitly specify the SQL server column type that can accommodate all the values using 'HasColumnType()'. 
2024-10-01 12:13:59.4357|10403|INFO|Microsoft.EntityFrameworkCore.Infrastructure|Entity Framework Core 2.2.6-servicing-10079 initialized 'AvanaContext' using provider 'Microsoft.EntityFrameworkCore.SqlServer' with options: MigrationsAssembly=MyAvana.Auth.Api  
2024-10-01 12:14:01.5294|20101|INFO|Microsoft.EntityFrameworkCore.Database.Command|Executed DbCommand (256ms) [Parameters=[@__normalizedUserName_0='?' (Size = 256)], CommandType='Text', CommandTimeout='30']
SELECT TOP(1) [u].[Id], [u].[AIResult], [u].[AccessFailedCount], [u].[AccountNo], [u].[Active], [u].[Address], [u].[BuyHairKit], [u].[City], [u].[ConcurrencyStamp], [u].[Country], [u].[CountryCode], [u].[CreatedAt], [u].[CustomerType], [u].[CustomerTypeId], [u].[DeviceId], [u].[Email], [u].[EmailConfirmed], [u].[FirstName], [u].[HairType], [u].[HubSpotContactId], [u].[ImageURL], [u].[IsAIV2Mobile], [u].[IsBlocked], [u].[IsInfluencer], [u].[IsOnTrial], [u].[IsPaid], [u].[IsProCustomer], [u].[LastModifiedAt], [u].[LastName], [u].[LastPingTime], [u].[LockoutEnabled], [u].[LockoutEnd], [u].[LoginAlert], [u].[NormalizedEmail], [u].[NormalizedUserName], [u].[PasswordHash], [u].[PhoneNumber], [u].[PhoneNumberConfirmed], [u].[SalonId], [u].[SecurityStamp], [u].[SignupFrom], [u].[State], [u].[StripeCustomerId], [u].[Subscribe], [u].[TicketUserId], [u].[TrialExpiredOn], [u].[TwoFactorEnabled], [u].[TwoFactorTrans], [u].[UserName], [u].[ZipCode]
FROM [AspNetUsers] AS [u]
WHERE [u].[NormalizedUserName] = @__normalizedUserName_0 
2024-10-01 12:14:02.1077|20101|INFO|Microsoft.EntityFrameworkCore.Database.Command|Executed DbCommand (239ms) [Parameters=[@__user_Id_0='?' (DbType = Guid)], CommandType='Text', CommandTimeout='30']
SELECT [uc].[Id], [uc].[ClaimType], [uc].[ClaimValue], [uc].[UserId]
FROM [AspNetUserClaims] AS [uc]
WHERE [uc].[UserId] = @__user_Id_0 
2024-10-01 12:14:02.5967|20101|INFO|Microsoft.EntityFrameworkCore.Database.Command|Executed DbCommand (397ms) [Parameters=[@__userId_0='?' (DbType = Guid)], CommandType='Text', CommandTimeout='30']
SELECT [role].[Name]
FROM [AspNetUserRoles] AS [userRole]
INNER JOIN [AspNetRoles] AS [role] ON [userRole].[RoleId] = [role].[Id]
WHERE [userRole].[UserId] = @__userId_0 
2024-10-01 12:14:02.8735|20101|INFO|Microsoft.EntityFrameworkCore.Database.Command|Executed DbCommand (243ms) [Parameters=[@__normalizedName_0='?' (Size = 256)], CommandType='Text', CommandTimeout='30']
SELECT TOP(1) [r].[Id], [r].[ConcurrencyStamp], [r].[Name], [r].[NormalizedName]
FROM [AspNetRoles] AS [r]
WHERE [r].[NormalizedName] = @__normalizedName_0 
2024-10-01 12:14:03.1442|20101|INFO|Microsoft.EntityFrameworkCore.Database.Command|Executed DbCommand (238ms) [Parameters=[@__role_Id_0='?' (DbType = Guid)], CommandType='Text', CommandTimeout='30']
SELECT [rc].[ClaimType], [rc].[ClaimValue]
FROM [AspNetRoleClaims] AS [rc]
WHERE [rc].[RoleId] = @__role_Id_0 
2024-10-01 12:14:03.1669|10|INFO|Microsoft.AspNetCore.Authentication.Cookies.CookieAuthenticationHandler|AuthenticationScheme: Identity.Application signed in. 
2024-10-01 12:14:03.4430|20101|INFO|Microsoft.EntityFrameworkCore.Database.Command|Executed DbCommand (239ms) [Parameters=[@__normalizedEmail_0='?' (Size = 256)], CommandType='Text', CommandTimeout='30']
SELECT TOP(1) [u].[Id], [u].[AIResult], [u].[AccessFailedCount], [u].[AccountNo], [u].[Active], [u].[Address], [u].[BuyHairKit], [u].[City], [u].[ConcurrencyStamp], [u].[Country], [u].[CountryCode], [u].[CreatedAt], [u].[CustomerType], [u].[CustomerTypeId], [u].[DeviceId], [u].[Email], [u].[EmailConfirmed], [u].[FirstName], [u].[HairType], [u].[HubSpotContactId], [u].[ImageURL], [u].[IsAIV2Mobile], [u].[IsBlocked], [u].[IsInfluencer], [u].[IsOnTrial], [u].[IsPaid], [u].[IsProCustomer], [u].[LastModifiedAt], [u].[LastName], [u].[LastPingTime], [u].[LockoutEnabled], [u].[LockoutEnd], [u].[LoginAlert], [u].[NormalizedEmail], [u].[NormalizedUserName], [u].[PasswordHash], [u].[PhoneNumber], [u].[PhoneNumberConfirmed], [u].[SalonId], [u].[SecurityStamp], [u].[SignupFrom], [u].[State], [u].[StripeCustomerId], [u].[Subscribe], [u].[TicketUserId], [u].[TrialExpiredOn], [u].[TwoFactorEnabled], [u].[TwoFactorTrans], [u].[UserName], [u].[ZipCode]
FROM [AspNetUsers] AS [u]
WHERE [u].[NormalizedEmail] = @__normalizedEmail_0 
2024-10-01 12:14:03.5176|2|INFO|Microsoft.AspNetCore.Mvc.Internal.ControllerActionInvoker|Executed action method MyAvana.Auth.Api.Controllers.AccountController.SignIn (MyAvana.Auth.Api), returned result Microsoft.AspNetCore.Mvc.OkObjectResult in 5366.3868ms. 
2024-10-01 12:14:03.5176|1|INFO|Microsoft.AspNetCore.Mvc.Infrastructure.ObjectResultExecutor|Executing ObjectResult, writing value of type 'Microsoft.AspNetCore.Mvc.JsonResult'. 
2024-10-01 12:14:03.5594|2|INFO|Microsoft.AspNetCore.Mvc.Internal.ControllerActionInvoker|Executed action MyAvana.Auth.Api.Controllers.AccountController.SignIn (MyAvana.Auth.Api) in 6476.4612ms 
2024-10-01 12:14:03.5655|2|INFO|Microsoft.AspNetCore.Hosting.Internal.WebHost|Request finished in 6534.5716ms 200 application/json; charset=utf-8 
2024-10-01 12:18:28.5940|1|INFO|Microsoft.AspNetCore.Hosting.Internal.WebHost|Request starting HTTP/1.1 GET http://localhost:5002/api/values   
2024-10-01 12:18:29.2622|3|INFO|Microsoft.AspNetCore.Mvc.Internal.ControllerActionInvoker|Route matched with {action = "Get", controller = "Values"}. Executing controller action with signature Microsoft.AspNetCore.Mvc.ActionResult`1[System.Collections.Generic.IEnumerable`1[System.String]] Get() on controller MyAvana.Auth.Api.Controllers.ValuesController (MyAvana.Auth.Api). 
2024-10-01 12:18:29.2999|1|INFO|Microsoft.AspNetCore.Mvc.Internal.ControllerActionInvoker|Executing action method MyAvana.Auth.Api.Controllers.ValuesController.Get (MyAvana.Auth.Api) - Validation state: Valid 
2024-10-01 12:18:29.3180|2|INFO|Microsoft.AspNetCore.Mvc.Internal.ControllerActionInvoker|Executed action method MyAvana.Auth.Api.Controllers.ValuesController.Get (MyAvana.Auth.Api), returned result Microsoft.AspNetCore.Mvc.ObjectResult in 0.5827ms. 
2024-10-01 12:18:29.3463|1|INFO|Microsoft.AspNetCore.Mvc.Infrastructure.ObjectResultExecutor|Executing ObjectResult, writing value of type 'System.String[]'. 
2024-10-01 12:18:29.6340|2|INFO|Microsoft.AspNetCore.Mvc.Internal.ControllerActionInvoker|Executed action MyAvana.Auth.Api.Controllers.ValuesController.Get (MyAvana.Auth.Api) in 346.9705ms 
2024-10-01 12:18:29.6497|2|INFO|Microsoft.AspNetCore.Hosting.Internal.WebHost|Request finished in 1090.5239ms 200 application/json; charset=utf-8 
2024-10-01 12:18:30.2171|1|INFO|Microsoft.AspNetCore.Hosting.Internal.WebHost|Request starting HTTP/1.1 GET http://localhost:5002/favicon.ico   
2024-10-01 12:18:30.2500|2|INFO|Microsoft.AspNetCore.Hosting.Internal.WebHost|Request finished in 10.7069ms 404  
2024-10-01 12:18:50.0577|1|INFO|Microsoft.AspNetCore.Hosting.Internal.WebHost|Request starting HTTP/1.1 POST http://localhost:5002/api/Account/signin application/json; charset=utf-8 99 
2024-10-01 12:18:50.0976|3|INFO|Microsoft.AspNetCore.Mvc.Internal.ControllerActionInvoker|Route matched with {action = "SignIn", controller = "Account"}. Executing controller action with signature Microsoft.AspNetCore.Mvc.IActionResult SignIn(MyAvanaApi.Models.ViewModels.Authentication) on controller MyAvana.Auth.Api.Controllers.AccountController (MyAvana.Auth.Api). 
2024-10-01 12:18:50.6280|1|INFO|Microsoft.AspNetCore.Mvc.Internal.ControllerActionInvoker|Executing action method MyAvana.Auth.Api.Controllers.AccountController.SignIn (MyAvana.Auth.Api) - Validation state: Valid 
2024-10-01 12:18:51.9586|30000|WARN|Microsoft.EntityFrameworkCore.Model.Validation|No type was specified for the decimal column 'Price' on entity type 'Tools'. This will cause values to be silently truncated if they do not fit in the default precision and scale. Explicitly specify the SQL server column type that can accommodate all the values using 'HasColumnType()'. 
2024-10-01 12:18:51.9586|30000|WARN|Microsoft.EntityFrameworkCore.Model.Validation|No type was specified for the decimal column 'DefaultDecimal1' on entity type 'GenericSetting'. This will cause values to be silently truncated if they do not fit in the default precision and scale. Explicitly specify the SQL server column type that can accommodate all the values using 'HasColumnType()'. 
2024-10-01 12:18:51.9685|30000|WARN|Microsoft.EntityFrameworkCore.Model.Validation|No type was specified for the decimal column 'DefaultDecimal2' on entity type 'GenericSetting'. This will cause values to be silently truncated if they do not fit in the default precision and scale. Explicitly specify the SQL server column type that can accommodate all the values using 'HasColumnType()'. 
2024-10-01 12:18:51.9958|30000|WARN|Microsoft.EntityFrameworkCore.Model.Validation|No type was specified for the decimal column 'DefaultDecimal3' on entity type 'GenericSetting'. This will cause values to be silently truncated if they do not fit in the default precision and scale. Explicitly specify the SQL server column type that can accommodate all the values using 'HasColumnType()'. 
2024-10-01 12:18:52.0045|30000|WARN|Microsoft.EntityFrameworkCore.Model.Validation|No type was specified for the decimal column 'DefaultDecimal4' on entity type 'GenericSetting'. This will cause values to be silently truncated if they do not fit in the default precision and scale. Explicitly specify the SQL server column type that can accommodate all the values using 'HasColumnType()'. 
2024-10-01 12:18:52.0045|30000|WARN|Microsoft.EntityFrameworkCore.Model.Validation|No type was specified for the decimal column 'DefaultDecimal5' on entity type 'GenericSetting'. This will cause values to be silently truncated if they do not fit in the default precision and scale. Explicitly specify the SQL server column type that can accommodate all the values using 'HasColumnType()'. 
2024-10-01 12:18:52.0158|30000|WARN|Microsoft.EntityFrameworkCore.Model.Validation|No type was specified for the decimal column 'Price' on entity type 'ProductEntity'. This will cause values to be silently truncated if they do not fit in the default precision and scale. Explicitly specify the SQL server column type that can accommodate all the values using 'HasColumnType()'. 
2024-10-01 12:18:52.0929|10403|INFO|Microsoft.EntityFrameworkCore.Infrastructure|Entity Framework Core 2.2.6-servicing-10079 initialized 'AvanaContext' using provider 'Microsoft.EntityFrameworkCore.SqlServer' with options: MigrationsAssembly=MyAvana.Auth.Api  
2024-10-01 12:18:53.8387|20101|INFO|Microsoft.EntityFrameworkCore.Database.Command|Executed DbCommand (245ms) [Parameters=[@__normalizedUserName_0='?' (Size = 256)], CommandType='Text', CommandTimeout='30']
SELECT TOP(1) [u].[Id], [u].[AIResult], [u].[AccessFailedCount], [u].[AccountNo], [u].[Active], [u].[Address], [u].[BuyHairKit], [u].[City], [u].[ConcurrencyStamp], [u].[Country], [u].[CountryCode], [u].[CreatedAt], [u].[CustomerType], [u].[CustomerTypeId], [u].[DeviceId], [u].[Email], [u].[EmailConfirmed], [u].[FirstName], [u].[HairType], [u].[HubSpotContactId], [u].[ImageURL], [u].[IsAIV2Mobile], [u].[IsBlocked], [u].[IsInfluencer], [u].[IsOnTrial], [u].[IsPaid], [u].[IsProCustomer], [u].[LastModifiedAt], [u].[LastName], [u].[LastPingTime], [u].[LockoutEnabled], [u].[LockoutEnd], [u].[LoginAlert], [u].[NormalizedEmail], [u].[NormalizedUserName], [u].[PasswordHash], [u].[PhoneNumber], [u].[PhoneNumberConfirmed], [u].[SalonId], [u].[SecurityStamp], [u].[SignupFrom], [u].[State], [u].[StripeCustomerId], [u].[Subscribe], [u].[TicketUserId], [u].[TrialExpiredOn], [u].[TwoFactorEnabled], [u].[TwoFactorTrans], [u].[UserName], [u].[ZipCode]
FROM [AspNetUsers] AS [u]
WHERE [u].[NormalizedUserName] = @__normalizedUserName_0 
2024-10-01 12:18:54.4052|20101|INFO|Microsoft.EntityFrameworkCore.Database.Command|Executed DbCommand (229ms) [Parameters=[@__user_Id_0='?' (DbType = Guid)], CommandType='Text', CommandTimeout='30']
SELECT [uc].[Id], [uc].[ClaimType], [uc].[ClaimValue], [uc].[UserId]
FROM [AspNetUserClaims] AS [uc]
WHERE [uc].[UserId] = @__user_Id_0 
2024-10-01 12:18:54.6955|20101|INFO|Microsoft.EntityFrameworkCore.Database.Command|Executed DbCommand (229ms) [Parameters=[@__userId_0='?' (DbType = Guid)], CommandType='Text', CommandTimeout='30']
SELECT [role].[Name]
FROM [AspNetUserRoles] AS [userRole]
INNER JOIN [AspNetRoles] AS [role] ON [userRole].[RoleId] = [role].[Id]
WHERE [userRole].[UserId] = @__userId_0 
2024-10-01 12:18:54.9533|20101|INFO|Microsoft.EntityFrameworkCore.Database.Command|Executed DbCommand (227ms) [Parameters=[@__normalizedName_0='?' (Size = 256)], CommandType='Text', CommandTimeout='30']
SELECT TOP(1) [r].[Id], [r].[ConcurrencyStamp], [r].[Name], [r].[NormalizedName]
FROM [AspNetRoles] AS [r]
WHERE [r].[NormalizedName] = @__normalizedName_0 
2024-10-01 12:18:55.2199|20101|INFO|Microsoft.EntityFrameworkCore.Database.Command|Executed DbCommand (227ms) [Parameters=[@__role_Id_0='?' (DbType = Guid)], CommandType='Text', CommandTimeout='30']
SELECT [rc].[ClaimType], [rc].[ClaimValue]
FROM [AspNetRoleClaims] AS [rc]
WHERE [rc].[RoleId] = @__role_Id_0 
2024-10-01 12:18:55.2391|10|INFO|Microsoft.AspNetCore.Authentication.Cookies.CookieAuthenticationHandler|AuthenticationScheme: Identity.Application signed in. 
2024-10-01 12:18:55.5043|20101|INFO|Microsoft.EntityFrameworkCore.Database.Command|Executed DbCommand (235ms) [Parameters=[@__normalizedEmail_0='?' (Size = 256)], CommandType='Text', CommandTimeout='30']
SELECT TOP(1) [u].[Id], [u].[AIResult], [u].[AccessFailedCount], [u].[AccountNo], [u].[Active], [u].[Address], [u].[BuyHairKit], [u].[City], [u].[ConcurrencyStamp], [u].[Country], [u].[CountryCode], [u].[CreatedAt], [u].[CustomerType], [u].[CustomerTypeId], [u].[DeviceId], [u].[Email], [u].[EmailConfirmed], [u].[FirstName], [u].[HairType], [u].[HubSpotContactId], [u].[ImageURL], [u].[IsAIV2Mobile], [u].[IsBlocked], [u].[IsInfluencer], [u].[IsOnTrial], [u].[IsPaid], [u].[IsProCustomer], [u].[LastModifiedAt], [u].[LastName], [u].[LastPingTime], [u].[LockoutEnabled], [u].[LockoutEnd], [u].[LoginAlert], [u].[NormalizedEmail], [u].[NormalizedUserName], [u].[PasswordHash], [u].[PhoneNumber], [u].[PhoneNumberConfirmed], [u].[SalonId], [u].[SecurityStamp], [u].[SignupFrom], [u].[State], [u].[StripeCustomerId], [u].[Subscribe], [u].[TicketUserId], [u].[TrialExpiredOn], [u].[TwoFactorEnabled], [u].[TwoFactorTrans], [u].[UserName], [u].[ZipCode]
FROM [AspNetUsers] AS [u]
WHERE [u].[NormalizedEmail] = @__normalizedEmail_0 
2024-10-01 12:18:55.5686|2|INFO|Microsoft.AspNetCore.Mvc.Internal.ControllerActionInvoker|Executed action method MyAvana.Auth.Api.Controllers.AccountController.SignIn (MyAvana.Auth.Api), returned result Microsoft.AspNetCore.Mvc.OkObjectResult in 4938.3414ms. 
2024-10-01 12:18:55.5686|1|INFO|Microsoft.AspNetCore.Mvc.Infrastructure.ObjectResultExecutor|Executing ObjectResult, writing value of type 'Microsoft.AspNetCore.Mvc.JsonResult'. 
2024-10-01 12:18:55.5984|2|INFO|Microsoft.AspNetCore.Mvc.Internal.ControllerActionInvoker|Executed action MyAvana.Auth.Api.Controllers.AccountController.SignIn (MyAvana.Auth.Api) in 5491.2679ms 
2024-10-01 12:18:55.5984|2|INFO|Microsoft.AspNetCore.Hosting.Internal.WebHost|Request finished in 5548.9114ms 200 application/json; charset=utf-8 
2024-10-01 12:39:28.7802|1|INFO|Microsoft.AspNetCore.Hosting.Internal.WebHost|Request starting HTTP/1.1 GET http://localhost:5002/api/values   
2024-10-01 12:39:29.4495|3|INFO|Microsoft.AspNetCore.Mvc.Internal.ControllerActionInvoker|Route matched with {action = "Get", controller = "Values"}. Executing controller action with signature Microsoft.AspNetCore.Mvc.ActionResult`1[System.Collections.Generic.IEnumerable`1[System.String]] Get() on controller MyAvana.Auth.Api.Controllers.ValuesController (MyAvana.Auth.Api). 
2024-10-01 12:39:29.4736|1|INFO|Microsoft.AspNetCore.Mvc.Internal.ControllerActionInvoker|Executing action method MyAvana.Auth.Api.Controllers.ValuesController.Get (MyAvana.Auth.Api) - Validation state: Valid 
2024-10-01 12:39:29.4900|2|INFO|Microsoft.AspNetCore.Mvc.Internal.ControllerActionInvoker|Executed action method MyAvana.Auth.Api.Controllers.ValuesController.Get (MyAvana.Auth.Api), returned result Microsoft.AspNetCore.Mvc.ObjectResult in 0.5771ms. 
2024-10-01 12:39:29.5137|1|INFO|Microsoft.AspNetCore.Mvc.Infrastructure.ObjectResultExecutor|Executing ObjectResult, writing value of type 'System.String[]'. 
2024-10-01 12:39:29.7849|2|INFO|Microsoft.AspNetCore.Mvc.Internal.ControllerActionInvoker|Executed action MyAvana.Auth.Api.Controllers.ValuesController.Get (MyAvana.Auth.Api) in 311.589ms 
2024-10-01 12:39:29.8674|2|INFO|Microsoft.AspNetCore.Hosting.Internal.WebHost|Request finished in 1047.0735ms 200 application/json; charset=utf-8 
2024-10-01 12:39:31.5077|1|INFO|Microsoft.AspNetCore.Hosting.Internal.WebHost|Request starting HTTP/1.1 GET http://localhost:5002/favicon.ico   
2024-10-01 12:39:31.5315|2|INFO|Microsoft.AspNetCore.Hosting.Internal.WebHost|Request finished in 14.3938ms 404  
2024-10-01 12:39:46.2539|1|INFO|Microsoft.AspNetCore.Hosting.Internal.WebHost|Request starting HTTP/1.1 POST http://localhost:5002/api/Account/signin application/json; charset=utf-8 99 
2024-10-01 12:39:46.2953|3|INFO|Microsoft.AspNetCore.Mvc.Internal.ControllerActionInvoker|Route matched with {action = "SignIn", controller = "Account"}. Executing controller action with signature Microsoft.AspNetCore.Mvc.IActionResult SignIn(MyAvanaApi.Models.ViewModels.Authentication) on controller MyAvana.Auth.Api.Controllers.AccountController (MyAvana.Auth.Api). 
2024-10-01 12:39:48.3509|1|INFO|Microsoft.AspNetCore.Mvc.Internal.ControllerActionInvoker|Executing action method MyAvana.Auth.Api.Controllers.AccountController.SignIn (MyAvana.Auth.Api) - Validation state: Valid 
2024-10-01 12:39:50.8872|30000|WARN|Microsoft.EntityFrameworkCore.Model.Validation|No type was specified for the decimal column 'Price' on entity type 'Tools'. This will cause values to be silently truncated if they do not fit in the default precision and scale. Explicitly specify the SQL server column type that can accommodate all the values using 'HasColumnType()'. 
2024-10-01 12:39:50.9965|30000|WARN|Microsoft.EntityFrameworkCore.Model.Validation|No type was specified for the decimal column 'DefaultDecimal1' on entity type 'GenericSetting'. This will cause values to be silently truncated if they do not fit in the default precision and scale. Explicitly specify the SQL server column type that can accommodate all the values using 'HasColumnType()'. 
2024-10-01 12:39:51.0163|30000|WARN|Microsoft.EntityFrameworkCore.Model.Validation|No type was specified for the decimal column 'DefaultDecimal2' on entity type 'GenericSetting'. This will cause values to be silently truncated if they do not fit in the default precision and scale. Explicitly specify the SQL server column type that can accommodate all the values using 'HasColumnType()'. 
2024-10-01 12:39:51.0765|30000|WARN|Microsoft.EntityFrameworkCore.Model.Validation|No type was specified for the decimal column 'DefaultDecimal3' on entity type 'GenericSetting'. This will cause values to be silently truncated if they do not fit in the default precision and scale. Explicitly specify the SQL server column type that can accommodate all the values using 'HasColumnType()'. 
2024-10-01 12:39:51.1196|30000|WARN|Microsoft.EntityFrameworkCore.Model.Validation|No type was specified for the decimal column 'DefaultDecimal4' on entity type 'GenericSetting'. This will cause values to be silently truncated if they do not fit in the default precision and scale. Explicitly specify the SQL server column type that can accommodate all the values using 'HasColumnType()'. 
2024-10-01 12:39:51.1632|30000|WARN|Microsoft.EntityFrameworkCore.Model.Validation|No type was specified for the decimal column 'DefaultDecimal5' on entity type 'GenericSetting'. This will cause values to be silently truncated if they do not fit in the default precision and scale. Explicitly specify the SQL server column type that can accommodate all the values using 'HasColumnType()'. 
2024-10-01 12:39:51.1719|30000|WARN|Microsoft.EntityFrameworkCore.Model.Validation|No type was specified for the decimal column 'Price' on entity type 'ProductEntity'. This will cause values to be silently truncated if they do not fit in the default precision and scale. Explicitly specify the SQL server column type that can accommodate all the values using 'HasColumnType()'. 
2024-10-01 12:39:51.4068|10403|INFO|Microsoft.EntityFrameworkCore.Infrastructure|Entity Framework Core 2.2.6-servicing-10079 initialized 'AvanaContext' using provider 'Microsoft.EntityFrameworkCore.SqlServer' with options: MigrationsAssembly=MyAvana.Auth.Api  
2024-10-01 12:40:06.9495|20004|ERROR|Microsoft.EntityFrameworkCore.Database.Connection|An error occurred using the connection to database 'Avana_Live_Staging' on server 'myavana-staging.crws9atqqwz6.us-east-1.rds.amazonaws.com'. System.Data.SqlClient.SqlException (0x80131904): A network-related or instance-specific error occurred while establishing a connection to SQL Server. The server was not found or was not accessible. Verify that the instance name is correct and that SQL Server is configured to allow remote connections. (provider: Named Pipes Provider, error: 40 - Could not open a connection to SQL Server) ---> System.ComponentModel.Win32Exception (53): The network path was not found
   at System.Data.SqlClient.SqlInternalConnectionTds..ctor(DbConnectionPoolIdentity identity, SqlConnectionString connectionOptions, SqlCredential credential, Object providerInfo, String newPassword, SecureString newSecurePassword, Boolean redirectedUserInstance, SqlConnectionString userConnectionOptions, SessionData reconnectSessionData, Boolean applyTransientFaultHandling, String accessToken)
   at System.Data.SqlClient.SqlConnectionFactory.CreateConnection(DbConnectionOptions options, DbConnectionPoolKey poolKey, Object poolGroupProviderInfo, DbConnectionPool pool, DbConnection owningConnection, DbConnectionOptions userOptions)
   at System.Data.ProviderBase.DbConnectionFactory.CreatePooledConnection(DbConnectionPool pool, DbConnection owningObject, DbConnectionOptions options, DbConnectionPoolKey poolKey, DbConnectionOptions userOptions)
   at System.Data.ProviderBase.DbConnectionPool.CreateObject(DbConnection owningObject, DbConnectionOptions userOptions, DbConnectionInternal oldConnection)
   at System.Data.ProviderBase.DbConnectionPool.UserCreateRequest(DbConnection owningObject, DbConnectionOptions userOptions, DbConnectionInternal oldConnection)
   at System.Data.ProviderBase.DbConnectionPool.TryGetConnection(DbConnection owningObject, UInt32 waitForMultipleObjectsTimeout, Boolean allowCreate, Boolean onlyOneCheckConnection, DbConnectionOptions userOptions, DbConnectionInternal& connection)
   at System.Data.ProviderBase.DbConnectionPool.WaitForPendingOpen()
--- End of stack trace from previous location where exception was thrown ---
   at Microsoft.EntityFrameworkCore.Storage.RelationalConnection.OpenDbConnectionAsync(Boolean errorsExpected, CancellationToken cancellationToken)
ClientConnectionId:00000000-0000-0000-0000-000000000000
Error Number:53,State:0,Class:20
2024-10-01 12:40:07.1286|10100|ERROR|Microsoft.EntityFrameworkCore.Query|An exception occurred while iterating over the results of a query for context type 'MyAvana.DAL.Auth.AvanaContext'.
System.Data.SqlClient.SqlException (0x80131904): A network-related or instance-specific error occurred while establishing a connection to SQL Server. The server was not found or was not accessible. Verify that the instance name is correct and that SQL Server is configured to allow remote connections. (provider: Named Pipes Provider, error: 40 - Could not open a connection to SQL Server) ---> System.ComponentModel.Win32Exception (53): The network path was not found
   at System.Data.SqlClient.SqlInternalConnectionTds..ctor(DbConnectionPoolIdentity identity, SqlConnectionString connectionOptions, SqlCredential credential, Object providerInfo, String newPassword, SecureString newSecurePassword, Boolean redirectedUserInstance, SqlConnectionString userConnectionOptions, SessionData reconnectSessionData, Boolean applyTransientFaultHandling, String accessToken)
   at System.Data.SqlClient.SqlConnectionFactory.CreateConnection(DbConnectionOptions options, DbConnectionPoolKey poolKey, Object poolGroupProviderInfo, DbConnectionPool pool, DbConnection owningConnection, DbConnectionOptions userOptions)
   at System.Data.ProviderBase.DbConnectionFactory.CreatePooledConnection(DbConnectionPool pool, DbConnection owningObject, DbConnectionOptions options, DbConnectionPoolKey poolKey, DbConnectionOptions userOptions)
   at System.Data.ProviderBase.DbConnectionPool.CreateObject(DbConnection owningObject, DbConnectionOptions userOptions, DbConnectionInternal oldConnection)
   at System.Data.ProviderBase.DbConnectionPool.UserCreateRequest(DbConnection owningObject, DbConnectionOptions userOptions, DbConnectionInternal oldConnection)
   at System.Data.ProviderBase.DbConnectionPool.TryGetConnection(DbConnection owningObject, UInt32 waitForMultipleObjectsTimeout, Boolean allowCreate, Boolean onlyOneCheckConnection, DbConnectionOptions userOptions, DbConnectionInternal& connection)
   at System.Data.ProviderBase.DbConnectionPool.WaitForPendingOpen()
--- End of stack trace from previous location where exception was thrown ---
   at Microsoft.EntityFrameworkCore.Storage.RelationalConnection.OpenDbConnectionAsync(Boolean errorsExpected, CancellationToken cancellationToken)
   at Microsoft.EntityFrameworkCore.Storage.RelationalConnection.OpenAsync(CancellationToken cancellationToken, Boolean errorsExpected)
   at Microsoft.EntityFrameworkCore.Query.Internal.AsyncQueryingEnumerable`1.AsyncEnumerator.BufferlessMoveNext(DbContext _, Boolean buffer, CancellationToken cancellationToken)
   at Microsoft.EntityFrameworkCore.SqlServer.Storage.Internal.SqlServerExecutionStrategy.ExecuteAsync[TState,TResult](TState state, Func`4 operation, Func`4 verifySucceeded, CancellationToken cancellationToken)
   at Microsoft.EntityFrameworkCore.Query.Internal.AsyncQueryingEnumerable`1.AsyncEnumerator.MoveNext(CancellationToken cancellationToken)
   at System.Linq.AsyncEnumerable.FirstOrDefault_[TSource](IAsyncEnumerable`1 source, CancellationToken cancellationToken) in D:\a\1\s\Ix.NET\Source\System.Interactive.Async\First.cs:line 144
   at Microsoft.EntityFrameworkCore.Query.Internal.AsyncLinqOperatorProvider.TaskResultAsyncEnumerable`1.Enumerator.MoveNext(CancellationToken cancellationToken)
   at System.Linq.AsyncEnumerable.SelectEnumerableAsyncIterator`2.MoveNextCore(CancellationToken cancellationToken) in D:\a\1\s\Ix.NET\Source\System.Interactive.Async\Select.cs:line 106
   at System.Linq.AsyncEnumerable.AsyncIterator`1.MoveNext(CancellationToken cancellationToken) in D:\a\1\s\Ix.NET\Source\System.Interactive.Async\AsyncIterator.cs:line 98
   at Microsoft.EntityFrameworkCore.Query.Internal.AsyncLinqOperatorProvider.ExceptionInterceptor`1.EnumeratorExceptionInterceptor.MoveNext(CancellationToken cancellationToken)
ClientConnectionId:00000000-0000-0000-0000-000000000000
Error Number:53,State:0,Class:20 System.Data.SqlClient.SqlException (0x80131904): A network-related or instance-specific error occurred while establishing a connection to SQL Server. The server was not found or was not accessible. Verify that the instance name is correct and that SQL Server is configured to allow remote connections. (provider: Named Pipes Provider, error: 40 - Could not open a connection to SQL Server) ---> System.ComponentModel.Win32Exception (53): The network path was not found
   at System.Data.SqlClient.SqlInternalConnectionTds..ctor(DbConnectionPoolIdentity identity, SqlConnectionString connectionOptions, SqlCredential credential, Object providerInfo, String newPassword, SecureString newSecurePassword, Boolean redirectedUserInstance, SqlConnectionString userConnectionOptions, SessionData reconnectSessionData, Boolean applyTransientFaultHandling, String accessToken)
   at System.Data.SqlClient.SqlConnectionFactory.CreateConnection(DbConnectionOptions options, DbConnectionPoolKey poolKey, Object poolGroupProviderInfo, DbConnectionPool pool, DbConnection owningConnection, DbConnectionOptions userOptions)
   at System.Data.ProviderBase.DbConnectionFactory.CreatePooledConnection(DbConnectionPool pool, DbConnection owningObject, DbConnectionOptions options, DbConnectionPoolKey poolKey, DbConnectionOptions userOptions)
   at System.Data.ProviderBase.DbConnectionPool.CreateObject(DbConnection owningObject, DbConnectionOptions userOptions, DbConnectionInternal oldConnection)
   at System.Data.ProviderBase.DbConnectionPool.UserCreateRequest(DbConnection owningObject, DbConnectionOptions userOptions, DbConnectionInternal oldConnection)
   at System.Data.ProviderBase.DbConnectionPool.TryGetConnection(DbConnection owningObject, UInt32 waitForMultipleObjectsTimeout, Boolean allowCreate, Boolean onlyOneCheckConnection, DbConnectionOptions userOptions, DbConnectionInternal& connection)
   at System.Data.ProviderBase.DbConnectionPool.WaitForPendingOpen()
--- End of stack trace from previous location where exception was thrown ---
   at Microsoft.EntityFrameworkCore.Storage.RelationalConnection.OpenDbConnectionAsync(Boolean errorsExpected, CancellationToken cancellationToken)
   at Microsoft.EntityFrameworkCore.Storage.RelationalConnection.OpenAsync(CancellationToken cancellationToken, Boolean errorsExpected)
   at Microsoft.EntityFrameworkCore.Query.Internal.AsyncQueryingEnumerable`1.AsyncEnumerator.BufferlessMoveNext(DbContext _, Boolean buffer, CancellationToken cancellationToken)
   at Microsoft.EntityFrameworkCore.SqlServer.Storage.Internal.SqlServerExecutionStrategy.ExecuteAsync[TState,TResult](TState state, Func`4 operation, Func`4 verifySucceeded, CancellationToken cancellationToken)
   at Microsoft.EntityFrameworkCore.Query.Internal.AsyncQueryingEnumerable`1.AsyncEnumerator.MoveNext(CancellationToken cancellationToken)
   at System.Linq.AsyncEnumerable.FirstOrDefault_[TSource](IAsyncEnumerable`1 source, CancellationToken cancellationToken) in D:\a\1\s\Ix.NET\Source\System.Interactive.Async\First.cs:line 144
   at Microsoft.EntityFrameworkCore.Query.Internal.AsyncLinqOperatorProvider.TaskResultAsyncEnumerable`1.Enumerator.MoveNext(CancellationToken cancellationToken)
   at System.Linq.AsyncEnumerable.SelectEnumerableAsyncIterator`2.MoveNextCore(CancellationToken cancellationToken) in D:\a\1\s\Ix.NET\Source\System.Interactive.Async\Select.cs:line 106
   at System.Linq.AsyncEnumerable.AsyncIterator`1.MoveNext(CancellationToken cancellationToken) in D:\a\1\s\Ix.NET\Source\System.Interactive.Async\AsyncIterator.cs:line 98
   at Microsoft.EntityFrameworkCore.Query.Internal.AsyncLinqOperatorProvider.ExceptionInterceptor`1.EnumeratorExceptionInterceptor.MoveNext(CancellationToken cancellationToken)
ClientConnectionId:00000000-0000-0000-0000-000000000000
Error Number:53,State:0,Class:20
2024-10-01 12:40:07.2425|10100|ERROR|Microsoft.EntityFrameworkCore.Query|An exception occurred while iterating over the results of a query for context type 'MyAvana.DAL.Auth.AvanaContext'.
System.Data.SqlClient.SqlException (0x80131904): A network-related or instance-specific error occurred while establishing a connection to SQL Server. The server was not found or was not accessible. Verify that the instance name is correct and that SQL Server is configured to allow remote connections. (provider: Named Pipes Provider, error: 40 - Could not open a connection to SQL Server) ---> System.ComponentModel.Win32Exception (53): The network path was not found
   at System.Data.SqlClient.SqlInternalConnectionTds..ctor(DbConnectionPoolIdentity identity, SqlConnectionString connectionOptions, SqlCredential credential, Object providerInfo, String newPassword, SecureString newSecurePassword, Boolean redirectedUserInstance, SqlConnectionString userConnectionOptions, SessionData reconnectSessionData, Boolean applyTransientFaultHandling, String accessToken)
   at System.Data.SqlClient.SqlConnectionFactory.CreateConnection(DbConnectionOptions options, DbConnectionPoolKey poolKey, Object poolGroupProviderInfo, DbConnectionPool pool, DbConnection owningConnection, DbConnectionOptions userOptions)
   at System.Data.ProviderBase.DbConnectionFactory.CreatePooledConnection(DbConnectionPool pool, DbConnection owningObject, DbConnectionOptions options, DbConnectionPoolKey poolKey, DbConnectionOptions userOptions)
   at System.Data.ProviderBase.DbConnectionPool.CreateObject(DbConnection owningObject, DbConnectionOptions userOptions, DbConnectionInternal oldConnection)
   at System.Data.ProviderBase.DbConnectionPool.UserCreateRequest(DbConnection owningObject, DbConnectionOptions userOptions, DbConnectionInternal oldConnection)
   at System.Data.ProviderBase.DbConnectionPool.TryGetConnection(DbConnection owningObject, UInt32 waitForMultipleObjectsTimeout, Boolean allowCreate, Boolean onlyOneCheckConnection, DbConnectionOptions userOptions, DbConnectionInternal& connection)
   at System.Data.ProviderBase.DbConnectionPool.WaitForPendingOpen()
--- End of stack trace from previous location where exception was thrown ---
   at Microsoft.EntityFrameworkCore.Storage.RelationalConnection.OpenDbConnectionAsync(Boolean errorsExpected, CancellationToken cancellationToken)
   at Microsoft.EntityFrameworkCore.Storage.RelationalConnection.OpenAsync(CancellationToken cancellationToken, Boolean errorsExpected)
   at Microsoft.EntityFrameworkCore.Query.Internal.AsyncQueryingEnumerable`1.AsyncEnumerator.BufferlessMoveNext(DbContext _, Boolean buffer, CancellationToken cancellationToken)
   at Microsoft.EntityFrameworkCore.SqlServer.Storage.Internal.SqlServerExecutionStrategy.ExecuteAsync[TState,TResult](TState state, Func`4 operation, Func`4 verifySucceeded, CancellationToken cancellationToken)
   at Microsoft.EntityFrameworkCore.Query.Internal.AsyncQueryingEnumerable`1.AsyncEnumerator.MoveNext(CancellationToken cancellationToken)
   at System.Linq.AsyncEnumerable.FirstOrDefault_[TSource](IAsyncEnumerable`1 source, CancellationToken cancellationToken) in D:\a\1\s\Ix.NET\Source\System.Interactive.Async\First.cs:line 144
   at Microsoft.EntityFrameworkCore.Query.Internal.AsyncLinqOperatorProvider.TaskResultAsyncEnumerable`1.Enumerator.MoveNext(CancellationToken cancellationToken)
   at System.Linq.AsyncEnumerable.SelectEnumerableAsyncIterator`2.MoveNextCore(CancellationToken cancellationToken) in D:\a\1\s\Ix.NET\Source\System.Interactive.Async\Select.cs:line 106
   at System.Linq.AsyncEnumerable.AsyncIterator`1.MoveNext(CancellationToken cancellationToken) in D:\a\1\s\Ix.NET\Source\System.Interactive.Async\AsyncIterator.cs:line 98
   at Microsoft.EntityFrameworkCore.Query.Internal.AsyncLinqOperatorProvider.ExceptionInterceptor`1.EnumeratorExceptionInterceptor.MoveNext(CancellationToken cancellationToken)
   at Microsoft.EntityFrameworkCore.Query.Internal.QueryCompiler.ExecuteSingletonAsyncQuery[TResult](QueryContext queryContext, Func`2 compiledQuery, IDiagnosticsLogger`1 logger, Type contextType)
ClientConnectionId:00000000-0000-0000-0000-000000000000
Error Number:53,State:0,Class:20 System.Data.SqlClient.SqlException (0x80131904): A network-related or instance-specific error occurred while establishing a connection to SQL Server. The server was not found or was not accessible. Verify that the instance name is correct and that SQL Server is configured to allow remote connections. (provider: Named Pipes Provider, error: 40 - Could not open a connection to SQL Server) ---> System.ComponentModel.Win32Exception (53): The network path was not found
   at System.Data.SqlClient.SqlInternalConnectionTds..ctor(DbConnectionPoolIdentity identity, SqlConnectionString connectionOptions, SqlCredential credential, Object providerInfo, String newPassword, SecureString newSecurePassword, Boolean redirectedUserInstance, SqlConnectionString userConnectionOptions, SessionData reconnectSessionData, Boolean applyTransientFaultHandling, String accessToken)
   at System.Data.SqlClient.SqlConnectionFactory.CreateConnection(DbConnectionOptions options, DbConnectionPoolKey poolKey, Object poolGroupProviderInfo, DbConnectionPool pool, DbConnection owningConnection, DbConnectionOptions userOptions)
   at System.Data.ProviderBase.DbConnectionFactory.CreatePooledConnection(DbConnectionPool pool, DbConnection owningObject, DbConnectionOptions options, DbConnectionPoolKey poolKey, DbConnectionOptions userOptions)
   at System.Data.ProviderBase.DbConnectionPool.CreateObject(DbConnection owningObject, DbConnectionOptions userOptions, DbConnectionInternal oldConnection)
   at System.Data.ProviderBase.DbConnectionPool.UserCreateRequest(DbConnection owningObject, DbConnectionOptions userOptions, DbConnectionInternal oldConnection)
   at System.Data.ProviderBase.DbConnectionPool.TryGetConnection(DbConnection owningObject, UInt32 waitForMultipleObjectsTimeout, Boolean allowCreate, Boolean onlyOneCheckConnection, DbConnectionOptions userOptions, DbConnectionInternal& connection)
   at System.Data.ProviderBase.DbConnectionPool.WaitForPendingOpen()
--- End of stack trace from previous location where exception was thrown ---
   at Microsoft.EntityFrameworkCore.Storage.RelationalConnection.OpenDbConnectionAsync(Boolean errorsExpected, CancellationToken cancellationToken)
   at Microsoft.EntityFrameworkCore.Storage.RelationalConnection.OpenAsync(CancellationToken cancellationToken, Boolean errorsExpected)
   at Microsoft.EntityFrameworkCore.Query.Internal.AsyncQueryingEnumerable`1.AsyncEnumerator.BufferlessMoveNext(DbContext _, Boolean buffer, CancellationToken cancellationToken)
   at Microsoft.EntityFrameworkCore.SqlServer.Storage.Internal.SqlServerExecutionStrategy.ExecuteAsync[TState,TResult](TState state, Func`4 operation, Func`4 verifySucceeded, CancellationToken cancellationToken)
   at Microsoft.EntityFrameworkCore.Query.Internal.AsyncQueryingEnumerable`1.AsyncEnumerator.MoveNext(CancellationToken cancellationToken)
   at System.Linq.AsyncEnumerable.FirstOrDefault_[TSource](IAsyncEnumerable`1 source, CancellationToken cancellationToken) in D:\a\1\s\Ix.NET\Source\System.Interactive.Async\First.cs:line 144
   at Microsoft.EntityFrameworkCore.Query.Internal.AsyncLinqOperatorProvider.TaskResultAsyncEnumerable`1.Enumerator.MoveNext(CancellationToken cancellationToken)
   at System.Linq.AsyncEnumerable.SelectEnumerableAsyncIterator`2.MoveNextCore(CancellationToken cancellationToken) in D:\a\1\s\Ix.NET\Source\System.Interactive.Async\Select.cs:line 106
   at System.Linq.AsyncEnumerable.AsyncIterator`1.MoveNext(CancellationToken cancellationToken) in D:\a\1\s\Ix.NET\Source\System.Interactive.Async\AsyncIterator.cs:line 98
   at Microsoft.EntityFrameworkCore.Query.Internal.AsyncLinqOperatorProvider.ExceptionInterceptor`1.EnumeratorExceptionInterceptor.MoveNext(CancellationToken cancellationToken)
   at Microsoft.EntityFrameworkCore.Query.Internal.QueryCompiler.ExecuteSingletonAsyncQuery[TResult](QueryContext queryContext, Func`2 compiledQuery, IDiagnosticsLogger`1 logger, Type contextType)
ClientConnectionId:00000000-0000-0000-0000-000000000000
Error Number:53,State:0,Class:20
2024-10-01 12:40:07.2907||ERROR|MyAvana.Logger.Services.NLogServices|Method: SignIn, UserName:jaspreet22@mailinator.com, Error: A network-related or instance-specific error occurred while establishing a connection to SQL Server. The server was not found or was not accessible. Verify that the instance name is correct and that SQL Server is configured to allow remote connections. (provider: Named Pipes Provider, error: 40 - Could not open a connection to SQL Server) System.Data.SqlClient.SqlException (0x80131904): A network-related or instance-specific error occurred while establishing a connection to SQL Server. The server was not found or was not accessible. Verify that the instance name is correct and that SQL Server is configured to allow remote connections. (provider: Named Pipes Provider, error: 40 - Could not open a connection to SQL Server) ---> System.ComponentModel.Win32Exception (53): The network path was not found
   at System.Data.SqlClient.SqlInternalConnectionTds..ctor(DbConnectionPoolIdentity identity, SqlConnectionString connectionOptions, SqlCredential credential, Object providerInfo, String newPassword, SecureString newSecurePassword, Boolean redirectedUserInstance, SqlConnectionString userConnectionOptions, SessionData reconnectSessionData, Boolean applyTransientFaultHandling, String accessToken)
   at System.Data.SqlClient.SqlConnectionFactory.CreateConnection(DbConnectionOptions options, DbConnectionPoolKey poolKey, Object poolGroupProviderInfo, DbConnectionPool pool, DbConnection owningConnection, DbConnectionOptions userOptions)
   at System.Data.ProviderBase.DbConnectionFactory.CreatePooledConnection(DbConnectionPool pool, DbConnection owningObject, DbConnectionOptions options, DbConnectionPoolKey poolKey, DbConnectionOptions userOptions)
   at System.Data.ProviderBase.DbConnectionPool.CreateObject(DbConnection owningObject, DbConnectionOptions userOptions, DbConnectionInternal oldConnection)
   at System.Data.ProviderBase.DbConnectionPool.UserCreateRequest(DbConnection owningObject, DbConnectionOptions userOptions, DbConnectionInternal oldConnection)
   at System.Data.ProviderBase.DbConnectionPool.TryGetConnection(DbConnection owningObject, UInt32 waitForMultipleObjectsTimeout, Boolean allowCreate, Boolean onlyOneCheckConnection, DbConnectionOptions userOptions, DbConnectionInternal& connection)
   at System.Data.ProviderBase.DbConnectionPool.WaitForPendingOpen()
--- End of stack trace from previous location where exception was thrown ---
   at Microsoft.EntityFrameworkCore.Storage.RelationalConnection.OpenDbConnectionAsync(Boolean errorsExpected, CancellationToken cancellationToken)
   at Microsoft.EntityFrameworkCore.Storage.RelationalConnection.OpenAsync(CancellationToken cancellationToken, Boolean errorsExpected)
   at Microsoft.EntityFrameworkCore.Query.Internal.AsyncQueryingEnumerable`1.AsyncEnumerator.BufferlessMoveNext(DbContext _, Boolean buffer, CancellationToken cancellationToken)
   at Microsoft.EntityFrameworkCore.SqlServer.Storage.Internal.SqlServerExecutionStrategy.ExecuteAsync[TState,TResult](TState state, Func`4 operation, Func`4 verifySucceeded, CancellationToken cancellationToken)
   at Microsoft.EntityFrameworkCore.Query.Internal.AsyncQueryingEnumerable`1.AsyncEnumerator.MoveNext(CancellationToken cancellationToken)
   at System.Linq.AsyncEnumerable.FirstOrDefault_[TSource](IAsyncEnumerable`1 source, CancellationToken cancellationToken) in D:\a\1\s\Ix.NET\Source\System.Interactive.Async\First.cs:line 144
   at Microsoft.EntityFrameworkCore.Query.Internal.AsyncLinqOperatorProvider.TaskResultAsyncEnumerable`1.Enumerator.MoveNext(CancellationToken cancellationToken)
   at System.Linq.AsyncEnumerable.SelectEnumerableAsyncIterator`2.MoveNextCore(CancellationToken cancellationToken) in D:\a\1\s\Ix.NET\Source\System.Interactive.Async\Select.cs:line 106
   at System.Linq.AsyncEnumerable.AsyncIterator`1.MoveNext(CancellationToken cancellationToken) in D:\a\1\s\Ix.NET\Source\System.Interactive.Async\AsyncIterator.cs:line 98
   at Microsoft.EntityFrameworkCore.Query.Internal.AsyncLinqOperatorProvider.ExceptionInterceptor`1.EnumeratorExceptionInterceptor.MoveNext(CancellationToken cancellationToken)
   at Microsoft.EntityFrameworkCore.Query.Internal.QueryCompiler.ExecuteSingletonAsyncQuery[TResult](QueryContext queryContext, Func`2 compiledQuery, IDiagnosticsLogger`1 logger, Type contextType)
   at Microsoft.AspNetCore.Identity.UserManager`1.FindByNameAsync(String userName)
   at Microsoft.AspNetCore.Identity.SignInManager`1.PasswordSignInAsync(String userName, String password, Boolean isPersistent, Boolean lockoutOnFailure)
   at MyAvana.Auth.Api.Services.AccountService.SignIn(Authentication authentication) in E:\Work2023\October2023\MyAvana\MyAvana_Backend_ASP\MyAvana.Auth.Api\Services\AccountService.cs:line 71
ClientConnectionId:00000000-0000-0000-0000-000000000000
Error Number:53,State:0,Class:20
2024-10-01 12:40:07.3880|2|INFO|Microsoft.AspNetCore.Mvc.Internal.ControllerActionInvoker|Executed action method MyAvana.Auth.Api.Controllers.AccountController.SignIn (MyAvana.Auth.Api), returned result Microsoft.AspNetCore.Mvc.BadRequestObjectResult in 19028.7132ms. 
2024-10-01 12:40:07.4035|1|INFO|Microsoft.AspNetCore.Mvc.Infrastructure.ObjectResultExecutor|Executing ObjectResult, writing value of type 'Microsoft.AspNetCore.Mvc.JsonResult'. 
2024-10-01 12:40:07.4766|2|INFO|Microsoft.AspNetCore.Mvc.Internal.ControllerActionInvoker|Executed action MyAvana.Auth.Api.Controllers.AccountController.SignIn (MyAvana.Auth.Api) in 21145.5263ms 
2024-10-01 12:40:07.4841|2|INFO|Microsoft.AspNetCore.Hosting.Internal.WebHost|Request finished in 21228.1228ms 400 application/json; charset=utf-8 
2024-10-01 12:40:25.6020|1|INFO|Microsoft.AspNetCore.Hosting.Internal.WebHost|Request starting HTTP/1.1 POST http://localhost:5002/api/Account/signin application/json; charset=utf-8 100 
2024-10-01 12:40:25.6020|3|INFO|Microsoft.AspNetCore.Mvc.Internal.ControllerActionInvoker|Route matched with {action = "SignIn", controller = "Account"}. Executing controller action with signature Microsoft.AspNetCore.Mvc.IActionResult SignIn(MyAvanaApi.Models.ViewModels.Authentication) on controller MyAvana.Auth.Api.Controllers.AccountController (MyAvana.Auth.Api). 
2024-10-01 12:40:25.6245|1|INFO|Microsoft.AspNetCore.Mvc.Internal.ControllerActionInvoker|Executing action method MyAvana.Auth.Api.Controllers.AccountController.SignIn (MyAvana.Auth.Api) - Validation state: Valid 
2024-10-01 12:40:25.6245|10403|INFO|Microsoft.EntityFrameworkCore.Infrastructure|Entity Framework Core 2.2.6-servicing-10079 initialized 'AvanaContext' using provider 'Microsoft.EntityFrameworkCore.SqlServer' with options: MigrationsAssembly=MyAvana.Auth.Api  
2024-10-01 12:40:40.4195|20004|ERROR|Microsoft.EntityFrameworkCore.Database.Connection|An error occurred using the connection to database 'Avana_Live_Staging' on server 'myavana-staging.crws9atqqwz6.us-east-1.rds.amazonaws.com'. System.Data.SqlClient.SqlException (0x80131904): A network-related or instance-specific error occurred while establishing a connection to SQL Server. The server was not found or was not accessible. Verify that the instance name is correct and that SQL Server is configured to allow remote connections. (provider: Named Pipes Provider, error: 40 - Could not open a connection to SQL Server) ---> System.ComponentModel.Win32Exception (53): The network path was not found
   at System.Data.SqlClient.SqlInternalConnectionTds..ctor(DbConnectionPoolIdentity identity, SqlConnectionString connectionOptions, SqlCredential credential, Object providerInfo, String newPassword, SecureString newSecurePassword, Boolean redirectedUserInstance, SqlConnectionString userConnectionOptions, SessionData reconnectSessionData, Boolean applyTransientFaultHandling, String accessToken)
   at System.Data.SqlClient.SqlConnectionFactory.CreateConnection(DbConnectionOptions options, DbConnectionPoolKey poolKey, Object poolGroupProviderInfo, DbConnectionPool pool, DbConnection owningConnection, DbConnectionOptions userOptions)
   at System.Data.ProviderBase.DbConnectionFactory.CreatePooledConnection(DbConnectionPool pool, DbConnection owningObject, DbConnectionOptions options, DbConnectionPoolKey poolKey, DbConnectionOptions userOptions)
   at System.Data.ProviderBase.DbConnectionPool.CreateObject(DbConnection owningObject, DbConnectionOptions userOptions, DbConnectionInternal oldConnection)
   at System.Data.ProviderBase.DbConnectionPool.UserCreateRequest(DbConnection owningObject, DbConnectionOptions userOptions, DbConnectionInternal oldConnection)
   at System.Data.ProviderBase.DbConnectionPool.TryGetConnection(DbConnection owningObject, UInt32 waitForMultipleObjectsTimeout, Boolean allowCreate, Boolean onlyOneCheckConnection, DbConnectionOptions userOptions, DbConnectionInternal& connection)
   at System.Data.ProviderBase.DbConnectionPool.WaitForPendingOpen()
--- End of stack trace from previous location where exception was thrown ---
   at Microsoft.EntityFrameworkCore.Storage.RelationalConnection.OpenDbConnectionAsync(Boolean errorsExpected, CancellationToken cancellationToken)
ClientConnectionId:00000000-0000-0000-0000-000000000000
Error Number:53,State:0,Class:20
2024-10-01 12:40:40.4558|10100|ERROR|Microsoft.EntityFrameworkCore.Query|An exception occurred while iterating over the results of a query for context type 'MyAvana.DAL.Auth.AvanaContext'.
System.Data.SqlClient.SqlException (0x80131904): A network-related or instance-specific error occurred while establishing a connection to SQL Server. The server was not found or was not accessible. Verify that the instance name is correct and that SQL Server is configured to allow remote connections. (provider: Named Pipes Provider, error: 40 - Could not open a connection to SQL Server) ---> System.ComponentModel.Win32Exception (53): The network path was not found
   at System.Data.SqlClient.SqlInternalConnectionTds..ctor(DbConnectionPoolIdentity identity, SqlConnectionString connectionOptions, SqlCredential credential, Object providerInfo, String newPassword, SecureString newSecurePassword, Boolean redirectedUserInstance, SqlConnectionString userConnectionOptions, SessionData reconnectSessionData, Boolean applyTransientFaultHandling, String accessToken)
   at System.Data.SqlClient.SqlConnectionFactory.CreateConnection(DbConnectionOptions options, DbConnectionPoolKey poolKey, Object poolGroupProviderInfo, DbConnectionPool pool, DbConnection owningConnection, DbConnectionOptions userOptions)
   at System.Data.ProviderBase.DbConnectionFactory.CreatePooledConnection(DbConnectionPool pool, DbConnection owningObject, DbConnectionOptions options, DbConnectionPoolKey poolKey, DbConnectionOptions userOptions)
   at System.Data.ProviderBase.DbConnectionPool.CreateObject(DbConnection owningObject, DbConnectionOptions userOptions, DbConnectionInternal oldConnection)
   at System.Data.ProviderBase.DbConnectionPool.UserCreateRequest(DbConnection owningObject, DbConnectionOptions userOptions, DbConnectionInternal oldConnection)
   at System.Data.ProviderBase.DbConnectionPool.TryGetConnection(DbConnection owningObject, UInt32 waitForMultipleObjectsTimeout, Boolean allowCreate, Boolean onlyOneCheckConnection, DbConnectionOptions userOptions, DbConnectionInternal& connection)
   at System.Data.ProviderBase.DbConnectionPool.WaitForPendingOpen()
--- End of stack trace from previous location where exception was thrown ---
   at Microsoft.EntityFrameworkCore.Storage.RelationalConnection.OpenDbConnectionAsync(Boolean errorsExpected, CancellationToken cancellationToken)
   at Microsoft.EntityFrameworkCore.Storage.RelationalConnection.OpenAsync(CancellationToken cancellationToken, Boolean errorsExpected)
   at Microsoft.EntityFrameworkCore.Query.Internal.AsyncQueryingEnumerable`1.AsyncEnumerator.BufferlessMoveNext(DbContext _, Boolean buffer, CancellationToken cancellationToken)
   at Microsoft.EntityFrameworkCore.SqlServer.Storage.Internal.SqlServerExecutionStrategy.ExecuteAsync[TState,TResult](TState state, Func`4 operation, Func`4 verifySucceeded, CancellationToken cancellationToken)
   at Microsoft.EntityFrameworkCore.Query.Internal.AsyncQueryingEnumerable`1.AsyncEnumerator.MoveNext(CancellationToken cancellationToken)
   at System.Linq.AsyncEnumerable.FirstOrDefault_[TSource](IAsyncEnumerable`1 source, CancellationToken cancellationToken) in D:\a\1\s\Ix.NET\Source\System.Interactive.Async\First.cs:line 144
   at Microsoft.EntityFrameworkCore.Query.Internal.AsyncLinqOperatorProvider.TaskResultAsyncEnumerable`1.Enumerator.MoveNext(CancellationToken cancellationToken)
   at System.Linq.AsyncEnumerable.SelectEnumerableAsyncIterator`2.MoveNextCore(CancellationToken cancellationToken) in D:\a\1\s\Ix.NET\Source\System.Interactive.Async\Select.cs:line 106
   at System.Linq.AsyncEnumerable.AsyncIterator`1.MoveNext(CancellationToken cancellationToken) in D:\a\1\s\Ix.NET\Source\System.Interactive.Async\AsyncIterator.cs:line 98
   at Microsoft.EntityFrameworkCore.Query.Internal.AsyncLinqOperatorProvider.ExceptionInterceptor`1.EnumeratorExceptionInterceptor.MoveNext(CancellationToken cancellationToken)
ClientConnectionId:00000000-0000-0000-0000-000000000000
Error Number:53,State:0,Class:20 System.Data.SqlClient.SqlException (0x80131904): A network-related or instance-specific error occurred while establishing a connection to SQL Server. The server was not found or was not accessible. Verify that the instance name is correct and that SQL Server is configured to allow remote connections. (provider: Named Pipes Provider, error: 40 - Could not open a connection to SQL Server) ---> System.ComponentModel.Win32Exception (53): The network path was not found
   at System.Data.SqlClient.SqlInternalConnectionTds..ctor(DbConnectionPoolIdentity identity, SqlConnectionString connectionOptions, SqlCredential credential, Object providerInfo, String newPassword, SecureString newSecurePassword, Boolean redirectedUserInstance, SqlConnectionString userConnectionOptions, SessionData reconnectSessionData, Boolean applyTransientFaultHandling, String accessToken)
   at System.Data.SqlClient.SqlConnectionFactory.CreateConnection(DbConnectionOptions options, DbConnectionPoolKey poolKey, Object poolGroupProviderInfo, DbConnectionPool pool, DbConnection owningConnection, DbConnectionOptions userOptions)
   at System.Data.ProviderBase.DbConnectionFactory.CreatePooledConnection(DbConnectionPool pool, DbConnection owningObject, DbConnectionOptions options, DbConnectionPoolKey poolKey, DbConnectionOptions userOptions)
   at System.Data.ProviderBase.DbConnectionPool.CreateObject(DbConnection owningObject, DbConnectionOptions userOptions, DbConnectionInternal oldConnection)
   at System.Data.ProviderBase.DbConnectionPool.UserCreateRequest(DbConnection owningObject, DbConnectionOptions userOptions, DbConnectionInternal oldConnection)
   at System.Data.ProviderBase.DbConnectionPool.TryGetConnection(DbConnection owningObject, UInt32 waitForMultipleObjectsTimeout, Boolean allowCreate, Boolean onlyOneCheckConnection, DbConnectionOptions userOptions, DbConnectionInternal& connection)
   at System.Data.ProviderBase.DbConnectionPool.WaitForPendingOpen()
--- End of stack trace from previous location where exception was thrown ---
   at Microsoft.EntityFrameworkCore.Storage.RelationalConnection.OpenDbConnectionAsync(Boolean errorsExpected, CancellationToken cancellationToken)
   at Microsoft.EntityFrameworkCore.Storage.RelationalConnection.OpenAsync(CancellationToken cancellationToken, Boolean errorsExpected)
   at Microsoft.EntityFrameworkCore.Query.Internal.AsyncQueryingEnumerable`1.AsyncEnumerator.BufferlessMoveNext(DbContext _, Boolean buffer, CancellationToken cancellationToken)
   at Microsoft.EntityFrameworkCore.SqlServer.Storage.Internal.SqlServerExecutionStrategy.ExecuteAsync[TState,TResult](TState state, Func`4 operation, Func`4 verifySucceeded, CancellationToken cancellationToken)
   at Microsoft.EntityFrameworkCore.Query.Internal.AsyncQueryingEnumerable`1.AsyncEnumerator.MoveNext(CancellationToken cancellationToken)
   at System.Linq.AsyncEnumerable.FirstOrDefault_[TSource](IAsyncEnumerable`1 source, CancellationToken cancellationToken) in D:\a\1\s\Ix.NET\Source\System.Interactive.Async\First.cs:line 144
   at Microsoft.EntityFrameworkCore.Query.Internal.AsyncLinqOperatorProvider.TaskResultAsyncEnumerable`1.Enumerator.MoveNext(CancellationToken cancellationToken)
   at System.Linq.AsyncEnumerable.SelectEnumerableAsyncIterator`2.MoveNextCore(CancellationToken cancellationToken) in D:\a\1\s\Ix.NET\Source\System.Interactive.Async\Select.cs:line 106
   at System.Linq.AsyncEnumerable.AsyncIterator`1.MoveNext(CancellationToken cancellationToken) in D:\a\1\s\Ix.NET\Source\System.Interactive.Async\AsyncIterator.cs:line 98
   at Microsoft.EntityFrameworkCore.Query.Internal.AsyncLinqOperatorProvider.ExceptionInterceptor`1.EnumeratorExceptionInterceptor.MoveNext(CancellationToken cancellationToken)
ClientConnectionId:00000000-0000-0000-0000-000000000000
Error Number:53,State:0,Class:20
2024-10-01 12:40:40.5038|10100|ERROR|Microsoft.EntityFrameworkCore.Query|An exception occurred while iterating over the results of a query for context type 'MyAvana.DAL.Auth.AvanaContext'.
System.Data.SqlClient.SqlException (0x80131904): A network-related or instance-specific error occurred while establishing a connection to SQL Server. The server was not found or was not accessible. Verify that the instance name is correct and that SQL Server is configured to allow remote connections. (provider: Named Pipes Provider, error: 40 - Could not open a connection to SQL Server) ---> System.ComponentModel.Win32Exception (53): The network path was not found
   at System.Data.SqlClient.SqlInternalConnectionTds..ctor(DbConnectionPoolIdentity identity, SqlConnectionString connectionOptions, SqlCredential credential, Object providerInfo, String newPassword, SecureString newSecurePassword, Boolean redirectedUserInstance, SqlConnectionString userConnectionOptions, SessionData reconnectSessionData, Boolean applyTransientFaultHandling, String accessToken)
   at System.Data.SqlClient.SqlConnectionFactory.CreateConnection(DbConnectionOptions options, DbConnectionPoolKey poolKey, Object poolGroupProviderInfo, DbConnectionPool pool, DbConnection owningConnection, DbConnectionOptions userOptions)
   at System.Data.ProviderBase.DbConnectionFactory.CreatePooledConnection(DbConnectionPool pool, DbConnection owningObject, DbConnectionOptions options, DbConnectionPoolKey poolKey, DbConnectionOptions userOptions)
   at System.Data.ProviderBase.DbConnectionPool.CreateObject(DbConnection owningObject, DbConnectionOptions userOptions, DbConnectionInternal oldConnection)
   at System.Data.ProviderBase.DbConnectionPool.UserCreateRequest(DbConnection owningObject, DbConnectionOptions userOptions, DbConnectionInternal oldConnection)
   at System.Data.ProviderBase.DbConnectionPool.TryGetConnection(DbConnection owningObject, UInt32 waitForMultipleObjectsTimeout, Boolean allowCreate, Boolean onlyOneCheckConnection, DbConnectionOptions userOptions, DbConnectionInternal& connection)
   at System.Data.ProviderBase.DbConnectionPool.WaitForPendingOpen()
--- End of stack trace from previous location where exception was thrown ---
   at Microsoft.EntityFrameworkCore.Storage.RelationalConnection.OpenDbConnectionAsync(Boolean errorsExpected, CancellationToken cancellationToken)
   at Microsoft.EntityFrameworkCore.Storage.RelationalConnection.OpenAsync(CancellationToken cancellationToken, Boolean errorsExpected)
   at Microsoft.EntityFrameworkCore.Query.Internal.AsyncQueryingEnumerable`1.AsyncEnumerator.BufferlessMoveNext(DbContext _, Boolean buffer, CancellationToken cancellationToken)
   at Microsoft.EntityFrameworkCore.SqlServer.Storage.Internal.SqlServerExecutionStrategy.ExecuteAsync[TState,TResult](TState state, Func`4 operation, Func`4 verifySucceeded, CancellationToken cancellationToken)
   at Microsoft.EntityFrameworkCore.Query.Internal.AsyncQueryingEnumerable`1.AsyncEnumerator.MoveNext(CancellationToken cancellationToken)
   at System.Linq.AsyncEnumerable.FirstOrDefault_[TSource](IAsyncEnumerable`1 source, CancellationToken cancellationToken) in D:\a\1\s\Ix.NET\Source\System.Interactive.Async\First.cs:line 144
   at Microsoft.EntityFrameworkCore.Query.Internal.AsyncLinqOperatorProvider.TaskResultAsyncEnumerable`1.Enumerator.MoveNext(CancellationToken cancellationToken)
   at System.Linq.AsyncEnumerable.SelectEnumerableAsyncIterator`2.MoveNextCore(CancellationToken cancellationToken) in D:\a\1\s\Ix.NET\Source\System.Interactive.Async\Select.cs:line 106
   at System.Linq.AsyncEnumerable.AsyncIterator`1.MoveNext(CancellationToken cancellationToken) in D:\a\1\s\Ix.NET\Source\System.Interactive.Async\AsyncIterator.cs:line 98
   at Microsoft.EntityFrameworkCore.Query.Internal.AsyncLinqOperatorProvider.ExceptionInterceptor`1.EnumeratorExceptionInterceptor.MoveNext(CancellationToken cancellationToken)
   at Microsoft.EntityFrameworkCore.Query.Internal.QueryCompiler.ExecuteSingletonAsyncQuery[TResult](QueryContext queryContext, Func`2 compiledQuery, IDiagnosticsLogger`1 logger, Type contextType)
ClientConnectionId:00000000-0000-0000-0000-000000000000
Error Number:53,State:0,Class:20 System.Data.SqlClient.SqlException (0x80131904): A network-related or instance-specific error occurred while establishing a connection to SQL Server. The server was not found or was not accessible. Verify that the instance name is correct and that SQL Server is configured to allow remote connections. (provider: Named Pipes Provider, error: 40 - Could not open a connection to SQL Server) ---> System.ComponentModel.Win32Exception (53): The network path was not found
   at System.Data.SqlClient.SqlInternalConnectionTds..ctor(DbConnectionPoolIdentity identity, SqlConnectionString connectionOptions, SqlCredential credential, Object providerInfo, String newPassword, SecureString newSecurePassword, Boolean redirectedUserInstance, SqlConnectionString userConnectionOptions, SessionData reconnectSessionData, Boolean applyTransientFaultHandling, String accessToken)
   at System.Data.SqlClient.SqlConnectionFactory.CreateConnection(DbConnectionOptions options, DbConnectionPoolKey poolKey, Object poolGroupProviderInfo, DbConnectionPool pool, DbConnection owningConnection, DbConnectionOptions userOptions)
   at System.Data.ProviderBase.DbConnectionFactory.CreatePooledConnection(DbConnectionPool pool, DbConnection owningObject, DbConnectionOptions options, DbConnectionPoolKey poolKey, DbConnectionOptions userOptions)
   at System.Data.ProviderBase.DbConnectionPool.CreateObject(DbConnection owningObject, DbConnectionOptions userOptions, DbConnectionInternal oldConnection)
   at System.Data.ProviderBase.DbConnectionPool.UserCreateRequest(DbConnection owningObject, DbConnectionOptions userOptions, DbConnectionInternal oldConnection)
   at System.Data.ProviderBase.DbConnectionPool.TryGetConnection(DbConnection owningObject, UInt32 waitForMultipleObjectsTimeout, Boolean allowCreate, Boolean onlyOneCheckConnection, DbConnectionOptions userOptions, DbConnectionInternal& connection)
   at System.Data.ProviderBase.DbConnectionPool.WaitForPendingOpen()
--- End of stack trace from previous location where exception was thrown ---
   at Microsoft.EntityFrameworkCore.Storage.RelationalConnection.OpenDbConnectionAsync(Boolean errorsExpected, CancellationToken cancellationToken)
   at Microsoft.EntityFrameworkCore.Storage.RelationalConnection.OpenAsync(CancellationToken cancellationToken, Boolean errorsExpected)
   at Microsoft.EntityFrameworkCore.Query.Internal.AsyncQueryingEnumerable`1.AsyncEnumerator.BufferlessMoveNext(DbContext _, Boolean buffer, CancellationToken cancellationToken)
   at Microsoft.EntityFrameworkCore.SqlServer.Storage.Internal.SqlServerExecutionStrategy.ExecuteAsync[TState,TResult](TState state, Func`4 operation, Func`4 verifySucceeded, CancellationToken cancellationToken)
   at Microsoft.EntityFrameworkCore.Query.Internal.AsyncQueryingEnumerable`1.AsyncEnumerator.MoveNext(CancellationToken cancellationToken)
   at System.Linq.AsyncEnumerable.FirstOrDefault_[TSource](IAsyncEnumerable`1 source, CancellationToken cancellationToken) in D:\a\1\s\Ix.NET\Source\System.Interactive.Async\First.cs:line 144
   at Microsoft.EntityFrameworkCore.Query.Internal.AsyncLinqOperatorProvider.TaskResultAsyncEnumerable`1.Enumerator.MoveNext(CancellationToken cancellationToken)
   at System.Linq.AsyncEnumerable.SelectEnumerableAsyncIterator`2.MoveNextCore(CancellationToken cancellationToken) in D:\a\1\s\Ix.NET\Source\System.Interactive.Async\Select.cs:line 106
   at System.Linq.AsyncEnumerable.AsyncIterator`1.MoveNext(CancellationToken cancellationToken) in D:\a\1\s\Ix.NET\Source\System.Interactive.Async\AsyncIterator.cs:line 98
   at Microsoft.EntityFrameworkCore.Query.Internal.AsyncLinqOperatorProvider.ExceptionInterceptor`1.EnumeratorExceptionInterceptor.MoveNext(CancellationToken cancellationToken)
   at Microsoft.EntityFrameworkCore.Query.Internal.QueryCompiler.ExecuteSingletonAsyncQuery[TResult](QueryContext queryContext, Func`2 compiledQuery, IDiagnosticsLogger`1 logger, Type contextType)
ClientConnectionId:00000000-0000-0000-0000-000000000000
Error Number:53,State:0,Class:20
2024-10-01 12:40:40.5172||ERROR|MyAvana.Logger.Services.NLogServices|Method: SignIn, UserName:jaspreet22@mailinator.com, Error: A network-related or instance-specific error occurred while establishing a connection to SQL Server. The server was not found or was not accessible. Verify that the instance name is correct and that SQL Server is configured to allow remote connections. (provider: Named Pipes Provider, error: 40 - Could not open a connection to SQL Server) System.Data.SqlClient.SqlException (0x80131904): A network-related or instance-specific error occurred while establishing a connection to SQL Server. The server was not found or was not accessible. Verify that the instance name is correct and that SQL Server is configured to allow remote connections. (provider: Named Pipes Provider, error: 40 - Could not open a connection to SQL Server) ---> System.ComponentModel.Win32Exception (53): The network path was not found
   at System.Data.SqlClient.SqlInternalConnectionTds..ctor(DbConnectionPoolIdentity identity, SqlConnectionString connectionOptions, SqlCredential credential, Object providerInfo, String newPassword, SecureString newSecurePassword, Boolean redirectedUserInstance, SqlConnectionString userConnectionOptions, SessionData reconnectSessionData, Boolean applyTransientFaultHandling, String accessToken)
   at System.Data.SqlClient.SqlConnectionFactory.CreateConnection(DbConnectionOptions options, DbConnectionPoolKey poolKey, Object poolGroupProviderInfo, DbConnectionPool pool, DbConnection owningConnection, DbConnectionOptions userOptions)
   at System.Data.ProviderBase.DbConnectionFactory.CreatePooledConnection(DbConnectionPool pool, DbConnection owningObject, DbConnectionOptions options, DbConnectionPoolKey poolKey, DbConnectionOptions userOptions)
   at System.Data.ProviderBase.DbConnectionPool.CreateObject(DbConnection owningObject, DbConnectionOptions userOptions, DbConnectionInternal oldConnection)
   at System.Data.ProviderBase.DbConnectionPool.UserCreateRequest(DbConnection owningObject, DbConnectionOptions userOptions, DbConnectionInternal oldConnection)
   at System.Data.ProviderBase.DbConnectionPool.TryGetConnection(DbConnection owningObject, UInt32 waitForMultipleObjectsTimeout, Boolean allowCreate, Boolean onlyOneCheckConnection, DbConnectionOptions userOptions, DbConnectionInternal& connection)
   at System.Data.ProviderBase.DbConnectionPool.WaitForPendingOpen()
--- End of stack trace from previous location where exception was thrown ---
   at Microsoft.EntityFrameworkCore.Storage.RelationalConnection.OpenDbConnectionAsync(Boolean errorsExpected, CancellationToken cancellationToken)
   at Microsoft.EntityFrameworkCore.Storage.RelationalConnection.OpenAsync(CancellationToken cancellationToken, Boolean errorsExpected)
   at Microsoft.EntityFrameworkCore.Query.Internal.AsyncQueryingEnumerable`1.AsyncEnumerator.BufferlessMoveNext(DbContext _, Boolean buffer, CancellationToken cancellationToken)
   at Microsoft.EntityFrameworkCore.SqlServer.Storage.Internal.SqlServerExecutionStrategy.ExecuteAsync[TState,TResult](TState state, Func`4 operation, Func`4 verifySucceeded, CancellationToken cancellationToken)
   at Microsoft.EntityFrameworkCore.Query.Internal.AsyncQueryingEnumerable`1.AsyncEnumerator.MoveNext(CancellationToken cancellationToken)
   at System.Linq.AsyncEnumerable.FirstOrDefault_[TSource](IAsyncEnumerable`1 source, CancellationToken cancellationToken) in D:\a\1\s\Ix.NET\Source\System.Interactive.Async\First.cs:line 144
   at Microsoft.EntityFrameworkCore.Query.Internal.AsyncLinqOperatorProvider.TaskResultAsyncEnumerable`1.Enumerator.MoveNext(CancellationToken cancellationToken)
   at System.Linq.AsyncEnumerable.SelectEnumerableAsyncIterator`2.MoveNextCore(CancellationToken cancellationToken) in D:\a\1\s\Ix.NET\Source\System.Interactive.Async\Select.cs:line 106
   at System.Linq.AsyncEnumerable.AsyncIterator`1.MoveNext(CancellationToken cancellationToken) in D:\a\1\s\Ix.NET\Source\System.Interactive.Async\AsyncIterator.cs:line 98
   at Microsoft.EntityFrameworkCore.Query.Internal.AsyncLinqOperatorProvider.ExceptionInterceptor`1.EnumeratorExceptionInterceptor.MoveNext(CancellationToken cancellationToken)
   at Microsoft.EntityFrameworkCore.Query.Internal.QueryCompiler.ExecuteSingletonAsyncQuery[TResult](QueryContext queryContext, Func`2 compiledQuery, IDiagnosticsLogger`1 logger, Type contextType)
   at Microsoft.AspNetCore.Identity.UserManager`1.FindByNameAsync(String userName)
   at Microsoft.AspNetCore.Identity.SignInManager`1.PasswordSignInAsync(String userName, String password, Boolean isPersistent, Boolean lockoutOnFailure)
   at MyAvana.Auth.Api.Services.AccountService.SignIn(Authentication authentication) in E:\Work2023\October2023\MyAvana\MyAvana_Backend_ASP\MyAvana.Auth.Api\Services\AccountService.cs:line 71
ClientConnectionId:00000000-0000-0000-0000-000000000000
Error Number:53,State:0,Class:20
2024-10-01 12:40:40.5349|2|INFO|Microsoft.AspNetCore.Mvc.Internal.ControllerActionInvoker|Executed action method MyAvana.Auth.Api.Controllers.AccountController.SignIn (MyAvana.Auth.Api), returned result Microsoft.AspNetCore.Mvc.BadRequestObjectResult in 14907.0909ms. 
2024-10-01 12:40:40.5349|1|INFO|Microsoft.AspNetCore.Mvc.Infrastructure.ObjectResultExecutor|Executing ObjectResult, writing value of type 'Microsoft.AspNetCore.Mvc.JsonResult'. 
2024-10-01 12:40:40.5349|2|INFO|Microsoft.AspNetCore.Mvc.Internal.ControllerActionInvoker|Executed action MyAvana.Auth.Api.Controllers.AccountController.SignIn (MyAvana.Auth.Api) in 14932.1011ms 
2024-10-01 12:40:40.5460|2|INFO|Microsoft.AspNetCore.Hosting.Internal.WebHost|Request finished in 14943.488ms 400 application/json; charset=utf-8 
