2024-09-16 15:26:38.1748|1|INFO|Microsoft.AspNetCore.Hosting.Internal.WebHost|Request starting HTTP/1.1 GET http://localhost:5003/api/values   
2024-09-16 15:26:38.9761|3|INFO|Microsoft.AspNetCore.Mvc.Internal.ControllerActionInvoker|Route matched with {action = "Get", controller = "Values"}. Executing controller action with signature Microsoft.AspNetCore.Mvc.ActionResult`1[System.Collections.Generic.IEnumerable`1[System.String]] Get() on controller MyAvana.Payments.Controllers.ValuesController (MyAvana.Payments.Api). 
2024-09-16 15:26:39.0551|1|INFO|Microsoft.AspNetCore.Mvc.Internal.ControllerActionInvoker|Executing action method MyAvana.Payments.Controllers.ValuesController.Get (MyAvana.Payments.Api) - Validation state: Valid 
2024-09-16 15:26:39.0551|2|INFO|Microsoft.AspNetCore.Mvc.Internal.ControllerActionInvoker|Executed action method MyAvana.Payments.Controllers.ValuesController.Get (MyAvana.Payments.Api), returned result Microsoft.AspNetCore.Mvc.ObjectResult in 1.6261ms. 
2024-09-16 15:26:39.1001|1|INFO|Microsoft.AspNetCore.Mvc.Infrastructure.ObjectResultExecutor|Executing ObjectResult, writing value of type 'System.String[]'. 
2024-09-16 15:26:39.4463|2|INFO|Microsoft.AspNetCore.Mvc.Internal.ControllerActionInvoker|Executed action MyAvana.Payments.Controllers.ValuesController.Get (MyAvana.Payments.Api) in 436.9486ms 
2024-09-16 15:26:39.4788|2|INFO|Microsoft.AspNetCore.Hosting.Internal.WebHost|Request finished in 1353.8181ms 200 application/json; charset=utf-8 
2024-09-16 15:26:39.6828|1|INFO|Microsoft.AspNetCore.Hosting.Internal.WebHost|Request starting HTTP/1.1 GET http://localhost:5003/favicon.ico   
2024-09-16 15:26:39.7011|2|INFO|Microsoft.AspNetCore.Hosting.Internal.WebHost|Request finished in 21.9007ms 404  
2024-09-16 17:43:50.8623|1|INFO|Microsoft.AspNetCore.Hosting.Internal.WebHost|Request starting HTTP/1.1 GET http://localhost:5003/api/values   
2024-09-16 17:43:51.7754|3|INFO|Microsoft.AspNetCore.Mvc.Internal.ControllerActionInvoker|Route matched with {action = "Get", controller = "Values"}. Executing controller action with signature Microsoft.AspNetCore.Mvc.ActionResult`1[System.Collections.Generic.IEnumerable`1[System.String]] Get() on controller MyAvana.Payments.Controllers.ValuesController (MyAvana.Payments.Api). 
2024-09-16 17:43:51.8076|1|INFO|Microsoft.AspNetCore.Mvc.Internal.ControllerActionInvoker|Executing action method MyAvana.Payments.Controllers.ValuesController.Get (MyAvana.Payments.Api) - Validation state: Valid 
2024-09-16 17:43:51.8300|2|INFO|Microsoft.AspNetCore.Mvc.Internal.ControllerActionInvoker|Executed action method MyAvana.Payments.Controllers.ValuesController.Get (MyAvana.Payments.Api), returned result Microsoft.AspNetCore.Mvc.ObjectResult in 3.5794ms. 
2024-09-16 17:43:51.8494|1|INFO|Microsoft.AspNetCore.Mvc.Infrastructure.ObjectResultExecutor|Executing ObjectResult, writing value of type 'System.String[]'. 
2024-09-16 17:43:52.1616|2|INFO|Microsoft.AspNetCore.Mvc.Internal.ControllerActionInvoker|Executed action MyAvana.Payments.Controllers.ValuesController.Get (MyAvana.Payments.Api) in 373.7637ms 
2024-09-16 17:43:52.1918|2|INFO|Microsoft.AspNetCore.Hosting.Internal.WebHost|Request finished in 1344.6273ms 200 application/json; charset=utf-8 
2024-09-16 17:43:52.6431|1|INFO|Microsoft.AspNetCore.Hosting.Internal.WebHost|Request starting HTTP/1.1 GET http://localhost:5003/favicon.ico   
2024-09-16 17:43:52.6741|2|INFO|Microsoft.AspNetCore.Hosting.Internal.WebHost|Request finished in 21.3816ms 404  
2024-09-16 17:56:14.3951|1|INFO|Microsoft.AspNetCore.Hosting.Internal.WebHost|Request starting HTTP/1.1 GET http://localhost:5003/api/values   
2024-09-16 17:56:15.3931|3|INFO|Microsoft.AspNetCore.Mvc.Internal.ControllerActionInvoker|Route matched with {action = "Get", controller = "Values"}. Executing controller action with signature Microsoft.AspNetCore.Mvc.ActionResult`1[System.Collections.Generic.IEnumerable`1[System.String]] Get() on controller MyAvana.Payments.Controllers.ValuesController (MyAvana.Payments.Api). 
2024-09-16 17:56:15.4369|1|INFO|Microsoft.AspNetCore.Mvc.Internal.ControllerActionInvoker|Executing action method MyAvana.Payments.Controllers.ValuesController.Get (MyAvana.Payments.Api) - Validation state: Valid 
2024-09-16 17:56:15.5095|2|INFO|Microsoft.AspNetCore.Mvc.Internal.ControllerActionInvoker|Executed action method MyAvana.Payments.Controllers.ValuesController.Get (MyAvana.Payments.Api), returned result Microsoft.AspNetCore.Mvc.ObjectResult in 0.5456ms. 
2024-09-16 17:56:15.5639|1|INFO|Microsoft.AspNetCore.Mvc.Infrastructure.ObjectResultExecutor|Executing ObjectResult, writing value of type 'System.String[]'. 
2024-09-16 17:56:15.9159|2|INFO|Microsoft.AspNetCore.Mvc.Internal.ControllerActionInvoker|Executed action MyAvana.Payments.Controllers.ValuesController.Get (MyAvana.Payments.Api) in 479.9071ms 
2024-09-16 17:56:15.9895|2|INFO|Microsoft.AspNetCore.Hosting.Internal.WebHost|Request finished in 1579.7541ms 200 application/json; charset=utf-8 
2024-09-16 17:56:16.3271|1|INFO|Microsoft.AspNetCore.Hosting.Internal.WebHost|Request starting HTTP/1.1 GET http://localhost:5003/favicon.ico   
2024-09-16 17:56:16.3759|2|INFO|Microsoft.AspNetCore.Hosting.Internal.WebHost|Request finished in 31.5142ms 404  
