2024-08-13 14:30:13.2139|1|INFO|Microsoft.AspNetCore.Hosting.Internal.WebHost|Request starting HTTP/1.1 GET http://localhost:5003/api/values   
2024-08-13 14:30:14.7336|3|INFO|Microsoft.AspNetCore.Mvc.Internal.ControllerActionInvoker|Route matched with {action = "Get", controller = "Values"}. Executing controller action with signature Microsoft.AspNetCore.Mvc.ActionResult`1[System.Collections.Generic.IEnumerable`1[System.String]] Get() on controller MyAvana.Payments.Controllers.ValuesController (MyAvana.Payments.Api). 
2024-08-13 14:30:14.7782|1|INFO|Microsoft.AspNetCore.Mvc.Internal.ControllerActionInvoker|Executing action method MyAvana.Payments.Controllers.ValuesController.Get (MyAvana.Payments.Api) - Validation state: Valid 
2024-08-13 14:30:14.8091|2|INFO|Microsoft.AspNetCore.Mvc.Internal.ControllerActionInvoker|Executed action method MyAvana.Payments.Controllers.ValuesController.Get (MyAvana.Payments.Api), returned result Microsoft.AspNetCore.Mvc.ObjectResult in 1.0417ms. 
2024-08-13 14:30:14.8492|1|INFO|Microsoft.AspNetCore.Mvc.Infrastructure.ObjectResultExecutor|Executing ObjectResult, writing value of type 'System.String[]'. 
2024-08-13 14:30:15.3819|2|INFO|Microsoft.AspNetCore.Mvc.Internal.ControllerActionInvoker|Executed action MyAvana.Payments.Controllers.ValuesController.Get (MyAvana.Payments.Api) in 631.8881ms 
2024-08-13 14:30:15.4114|2|INFO|Microsoft.AspNetCore.Hosting.Internal.WebHost|Request finished in 2209.1569ms 200 application/json; charset=utf-8 
2024-08-13 14:30:16.9840|1|INFO|Microsoft.AspNetCore.Hosting.Internal.WebHost|Request starting HTTP/1.1 GET http://localhost:5003/favicon.ico   
2024-08-13 14:30:17.0112|2|INFO|Microsoft.AspNetCore.Hosting.Internal.WebHost|Request finished in 22.5505ms 404  
2024-08-13 14:34:37.9053|1|INFO|Microsoft.AspNetCore.Hosting.Internal.WebHost|Request starting HTTP/1.1 GET http://localhost:5003/api/Groups/GetComments?id=2   
2024-08-13 14:34:38.3532|2|INFO|Microsoft.AspNetCore.Hosting.Internal.WebHost|Request finished in 494.0821ms 404  
2024-08-13 14:34:53.7385|1|INFO|Microsoft.AspNetCore.Hosting.Internal.WebHost|Request starting HTTP/1.1 GET http://localhost:5003//api/Groups/SaveMobileNotification   
2024-08-13 14:34:53.9072|2|INFO|Microsoft.AspNetCore.Hosting.Internal.WebHost|Request finished in 143.2523ms 404  
2024-08-13 15:04:21.2653|1|INFO|Microsoft.AspNetCore.Hosting.Internal.WebHost|Request starting HTTP/1.1 GET http://localhost:5003/api/values   
2024-08-13 15:04:22.6689|3|INFO|Microsoft.AspNetCore.Mvc.Internal.ControllerActionInvoker|Route matched with {action = "Get", controller = "Values"}. Executing controller action with signature Microsoft.AspNetCore.Mvc.ActionResult`1[System.Collections.Generic.IEnumerable`1[System.String]] Get() on controller MyAvana.Payments.Controllers.ValuesController (MyAvana.Payments.Api). 
2024-08-13 15:04:22.8983|1|INFO|Microsoft.AspNetCore.Mvc.Internal.ControllerActionInvoker|Executing action method MyAvana.Payments.Controllers.ValuesController.Get (MyAvana.Payments.Api) - Validation state: Valid 
2024-08-13 15:04:23.0588|2|INFO|Microsoft.AspNetCore.Mvc.Internal.ControllerActionInvoker|Executed action method MyAvana.Payments.Controllers.ValuesController.Get (MyAvana.Payments.Api), returned result Microsoft.AspNetCore.Mvc.ObjectResult in 0.5805ms. 
2024-08-13 15:04:23.1963|1|INFO|Microsoft.AspNetCore.Mvc.Infrastructure.ObjectResultExecutor|Executing ObjectResult, writing value of type 'System.String[]'. 
2024-08-13 15:04:24.0866|2|INFO|Microsoft.AspNetCore.Mvc.Internal.ControllerActionInvoker|Executed action MyAvana.Payments.Controllers.ValuesController.Get (MyAvana.Payments.Api) in 1302.1718ms 
2024-08-13 15:04:24.1173|2|INFO|Microsoft.AspNetCore.Hosting.Internal.WebHost|Request finished in 2902.2521ms 200 application/json; charset=utf-8 
2024-08-13 15:04:53.8542|1|INFO|Microsoft.AspNetCore.Hosting.Internal.WebHost|Request starting HTTP/1.1 GET http://localhost:5003/api/groups/SaveMobileNotification   
2024-08-13 15:04:53.9036|2|INFO|Microsoft.AspNetCore.Hosting.Internal.WebHost|Request finished in 47.8555ms 404  
2024-08-13 15:39:28.3225|1|INFO|Microsoft.AspNetCore.Hosting.Internal.WebHost|Request starting HTTP/1.1 GET http://localhost:5003/api/values   
2024-08-13 15:39:30.3584|3|INFO|Microsoft.AspNetCore.Mvc.Internal.ControllerActionInvoker|Route matched with {action = "Get", controller = "Values"}. Executing controller action with signature Microsoft.AspNetCore.Mvc.ActionResult`1[System.Collections.Generic.IEnumerable`1[System.String]] Get() on controller MyAvana.Payments.Controllers.ValuesController (MyAvana.Payments.Api). 
2024-08-13 15:39:30.4133|1|INFO|Microsoft.AspNetCore.Mvc.Internal.ControllerActionInvoker|Executing action method MyAvana.Payments.Controllers.ValuesController.Get (MyAvana.Payments.Api) - Validation state: Valid 
2024-08-13 15:39:30.4246|2|INFO|Microsoft.AspNetCore.Mvc.Internal.ControllerActionInvoker|Executed action method MyAvana.Payments.Controllers.ValuesController.Get (MyAvana.Payments.Api), returned result Microsoft.AspNetCore.Mvc.ObjectResult in 1.0039ms. 
2024-08-13 15:39:30.4406|1|INFO|Microsoft.AspNetCore.Mvc.Infrastructure.ObjectResultExecutor|Executing ObjectResult, writing value of type 'System.String[]'. 
2024-08-13 15:39:31.0771|2|INFO|Microsoft.AspNetCore.Mvc.Internal.ControllerActionInvoker|Executed action MyAvana.Payments.Controllers.ValuesController.Get (MyAvana.Payments.Api) in 587.6371ms 
2024-08-13 15:39:31.1689|2|INFO|Microsoft.AspNetCore.Hosting.Internal.WebHost|Request finished in 2828.0262ms 200 application/json; charset=utf-8 
