2024-08-30 13:09:08.2050|1|INFO|Microsoft.AspNetCore.Hosting.Internal.WebHost|Request starting HTTP/1.1 GET http://localhost:5003/api/values   
2024-08-30 13:09:08.9232|3|INFO|Microsoft.AspNetCore.Mvc.Internal.ControllerActionInvoker|Route matched with {action = "Get", controller = "Values"}. Executing controller action with signature Microsoft.AspNetCore.Mvc.ActionResult`1[System.Collections.Generic.IEnumerable`1[System.String]] Get() on controller MyAvana.Payments.Controllers.ValuesController (MyAvana.Payments.Api). 
2024-08-30 13:09:08.9655|1|INFO|Microsoft.AspNetCore.Mvc.Internal.ControllerActionInvoker|Executing action method MyAvana.Payments.Controllers.ValuesController.Get (MyAvana.Payments.Api) - Validation state: Valid 
2024-08-30 13:09:08.9922|2|INFO|Microsoft.AspNetCore.Mvc.Internal.ControllerActionInvoker|Executed action method MyAvana.Payments.Controllers.ValuesController.Get (MyAvana.Payments.Api), returned result Microsoft.AspNetCore.Mvc.ObjectResult in 0.4905ms. 
2024-08-30 13:09:09.0249|1|INFO|Microsoft.AspNetCore.Mvc.Infrastructure.ObjectResultExecutor|Executing ObjectResult, writing value of type 'System.String[]'. 
2024-08-30 13:09:09.3581|2|INFO|Microsoft.AspNetCore.Mvc.Internal.ControllerActionInvoker|Executed action MyAvana.Payments.Controllers.ValuesController.Get (MyAvana.Payments.Api) in 406.1143ms 
2024-08-30 13:09:09.4051|2|INFO|Microsoft.AspNetCore.Hosting.Internal.WebHost|Request finished in 1183.6733ms 200 application/json; charset=utf-8 
2024-08-30 13:09:09.7061|1|INFO|Microsoft.AspNetCore.Hosting.Internal.WebHost|Request starting HTTP/1.1 GET http://localhost:5003/favicon.ico   
2024-08-30 13:09:09.7533|2|INFO|Microsoft.AspNetCore.Hosting.Internal.WebHost|Request finished in 45.7704ms 404  
2024-08-30 13:41:39.7795|1|INFO|Microsoft.AspNetCore.Hosting.Internal.WebHost|Request starting HTTP/1.1 GET http://localhost:5003/api/values   
2024-08-30 13:41:40.6847|3|INFO|Microsoft.AspNetCore.Mvc.Internal.ControllerActionInvoker|Route matched with {action = "Get", controller = "Values"}. Executing controller action with signature Microsoft.AspNetCore.Mvc.ActionResult`1[System.Collections.Generic.IEnumerable`1[System.String]] Get() on controller MyAvana.Payments.Controllers.ValuesController (MyAvana.Payments.Api). 
2024-08-30 13:41:40.7692|1|INFO|Microsoft.AspNetCore.Mvc.Internal.ControllerActionInvoker|Executing action method MyAvana.Payments.Controllers.ValuesController.Get (MyAvana.Payments.Api) - Validation state: Valid 
2024-08-30 13:41:40.7862|2|INFO|Microsoft.AspNetCore.Mvc.Internal.ControllerActionInvoker|Executed action method MyAvana.Payments.Controllers.ValuesController.Get (MyAvana.Payments.Api), returned result Microsoft.AspNetCore.Mvc.ObjectResult in 0.4752ms. 
2024-08-30 13:41:40.8122|1|INFO|Microsoft.AspNetCore.Mvc.Infrastructure.ObjectResultExecutor|Executing ObjectResult, writing value of type 'System.String[]'. 
2024-08-30 13:41:41.1803|2|INFO|Microsoft.AspNetCore.Mvc.Internal.ControllerActionInvoker|Executed action MyAvana.Payments.Controllers.ValuesController.Get (MyAvana.Payments.Api) in 399.2652ms 
2024-08-30 13:41:41.2769|2|INFO|Microsoft.AspNetCore.Hosting.Internal.WebHost|Request finished in 1498.1579ms 200 application/json; charset=utf-8 
2024-08-30 13:41:41.4103|1|INFO|Microsoft.AspNetCore.Hosting.Internal.WebHost|Request starting HTTP/1.1 GET http://localhost:5003/favicon.ico   
2024-08-30 13:41:41.4750|2|INFO|Microsoft.AspNetCore.Hosting.Internal.WebHost|Request finished in 34.2729ms 404  
2024-08-30 13:48:48.6318|1|INFO|Microsoft.AspNetCore.Hosting.Internal.WebHost|Request starting HTTP/1.1 GET http://localhost:5003/api/values   
2024-08-30 13:48:49.7698|3|INFO|Microsoft.AspNetCore.Mvc.Internal.ControllerActionInvoker|Route matched with {action = "Get", controller = "Values"}. Executing controller action with signature Microsoft.AspNetCore.Mvc.ActionResult`1[System.Collections.Generic.IEnumerable`1[System.String]] Get() on controller MyAvana.Payments.Controllers.ValuesController (MyAvana.Payments.Api). 
2024-08-30 13:48:49.8301|1|INFO|Microsoft.AspNetCore.Mvc.Internal.ControllerActionInvoker|Executing action method MyAvana.Payments.Controllers.ValuesController.Get (MyAvana.Payments.Api) - Validation state: Valid 
2024-08-30 13:48:49.8869|2|INFO|Microsoft.AspNetCore.Mvc.Internal.ControllerActionInvoker|Executed action method MyAvana.Payments.Controllers.ValuesController.Get (MyAvana.Payments.Api), returned result Microsoft.AspNetCore.Mvc.ObjectResult in 0.5858ms. 
2024-08-30 13:48:49.9176|1|INFO|Microsoft.AspNetCore.Mvc.Infrastructure.ObjectResultExecutor|Executing ObjectResult, writing value of type 'System.String[]'. 
2024-08-30 13:48:50.2348|2|INFO|Microsoft.AspNetCore.Mvc.Internal.ControllerActionInvoker|Executed action MyAvana.Payments.Controllers.ValuesController.Get (MyAvana.Payments.Api) in 443.8729ms 
2024-08-30 13:48:50.2913|2|INFO|Microsoft.AspNetCore.Hosting.Internal.WebHost|Request finished in 1662.9768ms 200 application/json; charset=utf-8 
2024-08-30 13:48:51.2654|1|INFO|Microsoft.AspNetCore.Hosting.Internal.WebHost|Request starting HTTP/1.1 GET http://localhost:5003/favicon.ico   
2024-08-30 13:48:51.3205|2|INFO|Microsoft.AspNetCore.Hosting.Internal.WebHost|Request finished in 31.425ms 404  
2024-08-30 14:03:20.7211|1|INFO|Microsoft.AspNetCore.Hosting.Internal.WebHost|Request starting HTTP/1.1 GET http://localhost:5003/api/values   
2024-08-30 14:03:22.4523|3|INFO|Microsoft.AspNetCore.Mvc.Internal.ControllerActionInvoker|Route matched with {action = "Get", controller = "Values"}. Executing controller action with signature Microsoft.AspNetCore.Mvc.ActionResult`1[System.Collections.Generic.IEnumerable`1[System.String]] Get() on controller MyAvana.Payments.Controllers.ValuesController (MyAvana.Payments.Api). 
2024-08-30 14:03:22.5089|1|INFO|Microsoft.AspNetCore.Mvc.Internal.ControllerActionInvoker|Executing action method MyAvana.Payments.Controllers.ValuesController.Get (MyAvana.Payments.Api) - Validation state: Valid 
2024-08-30 14:03:22.7629|2|INFO|Microsoft.AspNetCore.Mvc.Internal.ControllerActionInvoker|Executed action method MyAvana.Payments.Controllers.ValuesController.Get (MyAvana.Payments.Api), returned result Microsoft.AspNetCore.Mvc.ObjectResult in 0.5012ms. 
2024-08-30 14:03:22.8880|1|INFO|Microsoft.AspNetCore.Mvc.Infrastructure.ObjectResultExecutor|Executing ObjectResult, writing value of type 'System.String[]'. 
2024-08-30 14:03:23.4106|2|INFO|Microsoft.AspNetCore.Mvc.Internal.ControllerActionInvoker|Executed action MyAvana.Payments.Controllers.ValuesController.Get (MyAvana.Payments.Api) in 879.6265ms 
2024-08-30 14:03:23.4944|2|INFO|Microsoft.AspNetCore.Hosting.Internal.WebHost|Request finished in 2746.7862ms 200 application/json; charset=utf-8 
2024-08-30 14:03:25.1464|1|INFO|Microsoft.AspNetCore.Hosting.Internal.WebHost|Request starting HTTP/1.1 GET http://localhost:5003/favicon.ico   
2024-08-30 14:03:25.1888|2|INFO|Microsoft.AspNetCore.Hosting.Internal.WebHost|Request finished in 25.8456ms 404  
2024-08-30 14:06:34.8877|1|INFO|Microsoft.AspNetCore.Hosting.Internal.WebHost|Request starting HTTP/1.1 GET http://localhost:5003/api/values   
2024-08-30 14:06:36.7904|3|INFO|Microsoft.AspNetCore.Mvc.Internal.ControllerActionInvoker|Route matched with {action = "Get", controller = "Values"}. Executing controller action with signature Microsoft.AspNetCore.Mvc.ActionResult`1[System.Collections.Generic.IEnumerable`1[System.String]] Get() on controller MyAvana.Payments.Controllers.ValuesController (MyAvana.Payments.Api). 
2024-08-30 14:06:36.8832|1|INFO|Microsoft.AspNetCore.Mvc.Internal.ControllerActionInvoker|Executing action method MyAvana.Payments.Controllers.ValuesController.Get (MyAvana.Payments.Api) - Validation state: Valid 
2024-08-30 14:06:36.9388|2|INFO|Microsoft.AspNetCore.Mvc.Internal.ControllerActionInvoker|Executed action method MyAvana.Payments.Controllers.ValuesController.Get (MyAvana.Payments.Api), returned result Microsoft.AspNetCore.Mvc.ObjectResult in 0.5236ms. 
2024-08-30 14:06:37.0332|1|INFO|Microsoft.AspNetCore.Mvc.Infrastructure.ObjectResultExecutor|Executing ObjectResult, writing value of type 'System.String[]'. 
2024-08-30 14:06:37.4638|2|INFO|Microsoft.AspNetCore.Mvc.Internal.ControllerActionInvoker|Executed action MyAvana.Payments.Controllers.ValuesController.Get (MyAvana.Payments.Api) in 585.3872ms 
2024-08-30 14:06:37.5148|2|INFO|Microsoft.AspNetCore.Hosting.Internal.WebHost|Request finished in 2640.6936ms 200 application/json; charset=utf-8 
2024-08-30 14:06:37.7104|1|INFO|Microsoft.AspNetCore.Hosting.Internal.WebHost|Request starting HTTP/1.1 GET http://localhost:5003/favicon.ico   
2024-08-30 14:06:37.7922|2|INFO|Microsoft.AspNetCore.Hosting.Internal.WebHost|Request finished in 32.4086ms 404  
2024-08-30 14:27:35.4851|1|INFO|Microsoft.AspNetCore.Hosting.Internal.WebHost|Request starting HTTP/1.1 GET http://localhost:5003/api/values   
2024-08-30 14:27:36.5217|3|INFO|Microsoft.AspNetCore.Mvc.Internal.ControllerActionInvoker|Route matched with {action = "Get", controller = "Values"}. Executing controller action with signature Microsoft.AspNetCore.Mvc.ActionResult`1[System.Collections.Generic.IEnumerable`1[System.String]] Get() on controller MyAvana.Payments.Controllers.ValuesController (MyAvana.Payments.Api). 
2024-08-30 14:27:36.5776|1|INFO|Microsoft.AspNetCore.Mvc.Internal.ControllerActionInvoker|Executing action method MyAvana.Payments.Controllers.ValuesController.Get (MyAvana.Payments.Api) - Validation state: Valid 
2024-08-30 14:27:36.6138|2|INFO|Microsoft.AspNetCore.Mvc.Internal.ControllerActionInvoker|Executed action method MyAvana.Payments.Controllers.ValuesController.Get (MyAvana.Payments.Api), returned result Microsoft.AspNetCore.Mvc.ObjectResult in 0.5529ms. 
2024-08-30 14:27:36.7016|1|INFO|Microsoft.AspNetCore.Mvc.Infrastructure.ObjectResultExecutor|Executing ObjectResult, writing value of type 'System.String[]'. 
2024-08-30 14:27:37.0573|2|INFO|Microsoft.AspNetCore.Mvc.Internal.ControllerActionInvoker|Executed action MyAvana.Payments.Controllers.ValuesController.Get (MyAvana.Payments.Api) in 505.4297ms 
2024-08-30 14:27:37.1885|2|INFO|Microsoft.AspNetCore.Hosting.Internal.WebHost|Request finished in 1687.0205ms 200 application/json; charset=utf-8 
2024-08-30 14:27:37.3240|1|INFO|Microsoft.AspNetCore.Hosting.Internal.WebHost|Request starting HTTP/1.1 GET http://localhost:5003/favicon.ico   
2024-08-30 14:27:37.3541|2|INFO|Microsoft.AspNetCore.Hosting.Internal.WebHost|Request finished in 17.5537ms 404  
2024-08-30 14:40:15.6548|1|INFO|Microsoft.AspNetCore.Hosting.Internal.WebHost|Request starting HTTP/1.1 GET http://localhost:5003/api/values   
2024-08-30 14:40:16.3594|3|INFO|Microsoft.AspNetCore.Mvc.Internal.ControllerActionInvoker|Route matched with {action = "Get", controller = "Values"}. Executing controller action with signature Microsoft.AspNetCore.Mvc.ActionResult`1[System.Collections.Generic.IEnumerable`1[System.String]] Get() on controller MyAvana.Payments.Controllers.ValuesController (MyAvana.Payments.Api). 
2024-08-30 14:40:16.4223|1|INFO|Microsoft.AspNetCore.Mvc.Internal.ControllerActionInvoker|Executing action method MyAvana.Payments.Controllers.ValuesController.Get (MyAvana.Payments.Api) - Validation state: Valid 
2024-08-30 14:40:16.4315|2|INFO|Microsoft.AspNetCore.Mvc.Internal.ControllerActionInvoker|Executed action method MyAvana.Payments.Controllers.ValuesController.Get (MyAvana.Payments.Api), returned result Microsoft.AspNetCore.Mvc.ObjectResult in 0.701ms. 
2024-08-30 14:40:16.4572|1|INFO|Microsoft.AspNetCore.Mvc.Infrastructure.ObjectResultExecutor|Executing ObjectResult, writing value of type 'System.String[]'. 
2024-08-30 14:40:16.7378|2|INFO|Microsoft.AspNetCore.Mvc.Internal.ControllerActionInvoker|Executed action MyAvana.Payments.Controllers.ValuesController.Get (MyAvana.Payments.Api) in 335.237ms 
2024-08-30 14:40:16.7716|2|INFO|Microsoft.AspNetCore.Hosting.Internal.WebHost|Request finished in 1118.5826ms 200 application/json; charset=utf-8 
2024-08-30 14:40:17.3015|1|INFO|Microsoft.AspNetCore.Hosting.Internal.WebHost|Request starting HTTP/1.1 GET http://localhost:5003/favicon.ico   
2024-08-30 14:40:17.3856|2|INFO|Microsoft.AspNetCore.Hosting.Internal.WebHost|Request finished in 31.2051ms 404  
2024-08-30 14:54:59.5027|1|INFO|Microsoft.AspNetCore.Hosting.Internal.WebHost|Request starting HTTP/1.1 GET http://localhost:5003/api/values   
2024-08-30 14:55:00.6366|3|INFO|Microsoft.AspNetCore.Mvc.Internal.ControllerActionInvoker|Route matched with {action = "Get", controller = "Values"}. Executing controller action with signature Microsoft.AspNetCore.Mvc.ActionResult`1[System.Collections.Generic.IEnumerable`1[System.String]] Get() on controller MyAvana.Payments.Controllers.ValuesController (MyAvana.Payments.Api). 
2024-08-30 14:55:00.7389|1|INFO|Microsoft.AspNetCore.Mvc.Internal.ControllerActionInvoker|Executing action method MyAvana.Payments.Controllers.ValuesController.Get (MyAvana.Payments.Api) - Validation state: Valid 
2024-08-30 14:55:00.7705|2|INFO|Microsoft.AspNetCore.Mvc.Internal.ControllerActionInvoker|Executed action method MyAvana.Payments.Controllers.ValuesController.Get (MyAvana.Payments.Api), returned result Microsoft.AspNetCore.Mvc.ObjectResult in 0.5205ms. 
2024-08-30 14:55:00.8278|1|INFO|Microsoft.AspNetCore.Mvc.Infrastructure.ObjectResultExecutor|Executing ObjectResult, writing value of type 'System.String[]'. 
2024-08-30 14:55:01.3650|2|INFO|Microsoft.AspNetCore.Mvc.Internal.ControllerActionInvoker|Executed action MyAvana.Payments.Controllers.ValuesController.Get (MyAvana.Payments.Api) in 686.6363ms 
2024-08-30 14:55:01.4635|2|INFO|Microsoft.AspNetCore.Hosting.Internal.WebHost|Request finished in 1919.7633ms 200 application/json; charset=utf-8 
2024-08-30 14:55:01.8654|1|INFO|Microsoft.AspNetCore.Hosting.Internal.WebHost|Request starting HTTP/1.1 GET http://localhost:5003/favicon.ico   
2024-08-30 14:55:01.9154|2|INFO|Microsoft.AspNetCore.Hosting.Internal.WebHost|Request finished in 95.1574ms 404  
2024-08-30 15:07:06.1804|1|INFO|Microsoft.AspNetCore.Hosting.Internal.WebHost|Request starting HTTP/1.1 GET http://localhost:5003/api/values   
2024-08-30 15:07:06.7766|3|INFO|Microsoft.AspNetCore.Mvc.Internal.ControllerActionInvoker|Route matched with {action = "Get", controller = "Values"}. Executing controller action with signature Microsoft.AspNetCore.Mvc.ActionResult`1[System.Collections.Generic.IEnumerable`1[System.String]] Get() on controller MyAvana.Payments.Controllers.ValuesController (MyAvana.Payments.Api). 
2024-08-30 15:07:06.8021|1|INFO|Microsoft.AspNetCore.Mvc.Internal.ControllerActionInvoker|Executing action method MyAvana.Payments.Controllers.ValuesController.Get (MyAvana.Payments.Api) - Validation state: Valid 
2024-08-30 15:07:06.8159|2|INFO|Microsoft.AspNetCore.Mvc.Internal.ControllerActionInvoker|Executed action method MyAvana.Payments.Controllers.ValuesController.Get (MyAvana.Payments.Api), returned result Microsoft.AspNetCore.Mvc.ObjectResult in 4.2855ms. 
2024-08-30 15:07:06.8429|1|INFO|Microsoft.AspNetCore.Mvc.Infrastructure.ObjectResultExecutor|Executing ObjectResult, writing value of type 'System.String[]'. 
2024-08-30 15:07:07.1367|2|INFO|Microsoft.AspNetCore.Mvc.Internal.ControllerActionInvoker|Executed action MyAvana.Payments.Controllers.ValuesController.Get (MyAvana.Payments.Api) in 345.169ms 
2024-08-30 15:07:07.1867|2|INFO|Microsoft.AspNetCore.Hosting.Internal.WebHost|Request finished in 1010.5733ms 200 application/json; charset=utf-8 
2024-08-30 15:07:07.5026|1|INFO|Microsoft.AspNetCore.Hosting.Internal.WebHost|Request starting HTTP/1.1 GET http://localhost:5003/favicon.ico   
2024-08-30 15:07:07.5343|2|INFO|Microsoft.AspNetCore.Hosting.Internal.WebHost|Request finished in 28.1342ms 404  
