2024-09-11 13:40:39.2281|1|INFO|Microsoft.AspNetCore.Hosting.Internal.WebHost|Request starting HTTP/1.1 GET http://localhost:5003/api/values   
2024-09-11 13:40:40.3999|3|INFO|Microsoft.AspNetCore.Mvc.Internal.ControllerActionInvoker|Route matched with {action = "Get", controller = "Values"}. Executing controller action with signature Microsoft.AspNetCore.Mvc.ActionResult`1[System.Collections.Generic.IEnumerable`1[System.String]] Get() on controller MyAvana.Payments.Controllers.ValuesController (MyAvana.Payments.Api). 
2024-09-11 13:40:40.4298|1|INFO|Microsoft.AspNetCore.Mvc.Internal.ControllerActionInvoker|Executing action method MyAvana.Payments.Controllers.ValuesController.Get (MyAvana.Payments.Api) - Validation state: Valid 
2024-09-11 13:40:40.4591|2|INFO|Microsoft.AspNetCore.Mvc.Internal.ControllerActionInvoker|Executed action method MyAvana.Payments.Controllers.ValuesController.Get (MyAvana.Payments.Api), returned result Microsoft.AspNetCore.Mvc.ObjectResult in 3.9399ms. 
2024-09-11 13:40:40.4822|1|INFO|Microsoft.AspNetCore.Mvc.Infrastructure.ObjectResultExecutor|Executing ObjectResult, writing value of type 'System.String[]'. 
2024-09-11 13:40:40.8069|2|INFO|Microsoft.AspNetCore.Mvc.Internal.ControllerActionInvoker|Executed action MyAvana.Payments.Controllers.ValuesController.Get (MyAvana.Payments.Api) in 362.1188ms 
2024-09-11 13:40:40.8944|2|INFO|Microsoft.AspNetCore.Hosting.Internal.WebHost|Request finished in 1627.9259ms 200 application/json; charset=utf-8 
2024-09-11 13:40:41.2155|1|INFO|Microsoft.AspNetCore.Hosting.Internal.WebHost|Request starting HTTP/1.1 GET http://localhost:5003/favicon.ico   
2024-09-11 13:40:41.2365|2|INFO|Microsoft.AspNetCore.Hosting.Internal.WebHost|Request finished in 14.2007ms 404  
2024-09-11 14:21:08.6912|1|INFO|Microsoft.AspNetCore.Hosting.Internal.WebHost|Request starting HTTP/1.1 GET http://localhost:5003/api/values   
2024-09-11 14:21:09.8975|3|INFO|Microsoft.AspNetCore.Mvc.Internal.ControllerActionInvoker|Route matched with {action = "Get", controller = "Values"}. Executing controller action with signature Microsoft.AspNetCore.Mvc.ActionResult`1[System.Collections.Generic.IEnumerable`1[System.String]] Get() on controller MyAvana.Payments.Controllers.ValuesController (MyAvana.Payments.Api). 
2024-09-11 14:21:09.9527|1|INFO|Microsoft.AspNetCore.Mvc.Internal.ControllerActionInvoker|Executing action method MyAvana.Payments.Controllers.ValuesController.Get (MyAvana.Payments.Api) - Validation state: Valid 
2024-09-11 14:21:09.9960|2|INFO|Microsoft.AspNetCore.Mvc.Internal.ControllerActionInvoker|Executed action method MyAvana.Payments.Controllers.ValuesController.Get (MyAvana.Payments.Api), returned result Microsoft.AspNetCore.Mvc.ObjectResult in 0.688ms. 
2024-09-11 14:21:10.0778|1|INFO|Microsoft.AspNetCore.Mvc.Infrastructure.ObjectResultExecutor|Executing ObjectResult, writing value of type 'System.String[]'. 
2024-09-11 14:22:24.8442|2|INFO|Microsoft.AspNetCore.Mvc.Internal.ControllerActionInvoker|Executed action MyAvana.Payments.Controllers.ValuesController.Get (MyAvana.Payments.Api) in 74933.9125ms 
2024-09-11 14:22:24.8596|2|INFO|Microsoft.AspNetCore.Hosting.Internal.WebHost|Request finished in 76181.6153ms 200 application/json; charset=utf-8 
2024-09-11 14:22:24.9691|1|INFO|Microsoft.AspNetCore.Hosting.Internal.WebHost|Request starting HTTP/1.1 GET http://localhost:5003/favicon.ico   
2024-09-11 14:22:24.9921|2|INFO|Microsoft.AspNetCore.Hosting.Internal.WebHost|Request finished in 26.8077ms 404  
2024-09-11 14:26:01.6629|1|INFO|Microsoft.AspNetCore.Hosting.Internal.WebHost|Request starting HTTP/1.1 GET http://localhost:5003/api/values   
2024-09-11 14:26:02.6908|3|INFO|Microsoft.AspNetCore.Mvc.Internal.ControllerActionInvoker|Route matched with {action = "Get", controller = "Values"}. Executing controller action with signature Microsoft.AspNetCore.Mvc.ActionResult`1[System.Collections.Generic.IEnumerable`1[System.String]] Get() on controller MyAvana.Payments.Controllers.ValuesController (MyAvana.Payments.Api). 
2024-09-11 14:26:02.7315|1|INFO|Microsoft.AspNetCore.Mvc.Internal.ControllerActionInvoker|Executing action method MyAvana.Payments.Controllers.ValuesController.Get (MyAvana.Payments.Api) - Validation state: Valid 
2024-09-11 14:26:02.8109|2|INFO|Microsoft.AspNetCore.Mvc.Internal.ControllerActionInvoker|Executed action method MyAvana.Payments.Controllers.ValuesController.Get (MyAvana.Payments.Api), returned result Microsoft.AspNetCore.Mvc.ObjectResult in 0.5438ms. 
2024-09-11 14:26:02.8673|1|INFO|Microsoft.AspNetCore.Mvc.Infrastructure.ObjectResultExecutor|Executing ObjectResult, writing value of type 'System.String[]'. 
2024-09-11 14:26:03.3154|2|INFO|Microsoft.AspNetCore.Mvc.Internal.ControllerActionInvoker|Executed action MyAvana.Payments.Controllers.ValuesController.Get (MyAvana.Payments.Api) in 468.079ms 
2024-09-11 14:26:03.4518|2|INFO|Microsoft.AspNetCore.Hosting.Internal.WebHost|Request finished in 1683.3123ms 200 application/json; charset=utf-8 
2024-09-11 14:26:03.9900|1|INFO|Microsoft.AspNetCore.Hosting.Internal.WebHost|Request starting HTTP/1.1 GET http://localhost:5003/favicon.ico   
2024-09-11 14:26:04.0076|2|INFO|Microsoft.AspNetCore.Hosting.Internal.WebHost|Request finished in 8.9484ms 404  
2024-09-11 14:36:34.3783|1|INFO|Microsoft.AspNetCore.Hosting.Internal.WebHost|Request starting HTTP/1.1 GET http://localhost:5003/api/values   
2024-09-11 14:36:35.3205|3|INFO|Microsoft.AspNetCore.Mvc.Internal.ControllerActionInvoker|Route matched with {action = "Get", controller = "Values"}. Executing controller action with signature Microsoft.AspNetCore.Mvc.ActionResult`1[System.Collections.Generic.IEnumerable`1[System.String]] Get() on controller MyAvana.Payments.Controllers.ValuesController (MyAvana.Payments.Api). 
2024-09-11 14:36:35.3685|1|INFO|Microsoft.AspNetCore.Mvc.Internal.ControllerActionInvoker|Executing action method MyAvana.Payments.Controllers.ValuesController.Get (MyAvana.Payments.Api) - Validation state: Valid 
2024-09-11 14:36:35.4162|2|INFO|Microsoft.AspNetCore.Mvc.Internal.ControllerActionInvoker|Executed action method MyAvana.Payments.Controllers.ValuesController.Get (MyAvana.Payments.Api), returned result Microsoft.AspNetCore.Mvc.ObjectResult in 5.5004ms. 
2024-09-11 14:36:35.4369|1|INFO|Microsoft.AspNetCore.Mvc.Infrastructure.ObjectResultExecutor|Executing ObjectResult, writing value of type 'System.String[]'. 
2024-09-11 14:36:35.6667|2|INFO|Microsoft.AspNetCore.Mvc.Internal.ControllerActionInvoker|Executed action MyAvana.Payments.Controllers.ValuesController.Get (MyAvana.Payments.Api) in 317.4022ms 
2024-09-11 14:36:35.7047|2|INFO|Microsoft.AspNetCore.Hosting.Internal.WebHost|Request finished in 1310.8752ms 200 application/json; charset=utf-8 
2024-09-11 14:36:36.1164|1|INFO|Microsoft.AspNetCore.Hosting.Internal.WebHost|Request starting HTTP/1.1 GET http://localhost:5003/favicon.ico   
2024-09-11 14:36:36.1331|2|INFO|Microsoft.AspNetCore.Hosting.Internal.WebHost|Request finished in 8.1516ms 404  
2024-09-11 14:43:02.5720|1|INFO|Microsoft.AspNetCore.Hosting.Internal.WebHost|Request starting HTTP/1.1 GET http://localhost:5003/api/values   
2024-09-11 14:43:03.5773|3|INFO|Microsoft.AspNetCore.Mvc.Internal.ControllerActionInvoker|Route matched with {action = "Get", controller = "Values"}. Executing controller action with signature Microsoft.AspNetCore.Mvc.ActionResult`1[System.Collections.Generic.IEnumerable`1[System.String]] Get() on controller MyAvana.Payments.Controllers.ValuesController (MyAvana.Payments.Api). 
2024-09-11 14:43:03.6560|1|INFO|Microsoft.AspNetCore.Mvc.Internal.ControllerActionInvoker|Executing action method MyAvana.Payments.Controllers.ValuesController.Get (MyAvana.Payments.Api) - Validation state: Valid 
2024-09-11 14:43:04.0312|2|INFO|Microsoft.AspNetCore.Mvc.Internal.ControllerActionInvoker|Executed action method MyAvana.Payments.Controllers.ValuesController.Get (MyAvana.Payments.Api), returned result Microsoft.AspNetCore.Mvc.ObjectResult in 0.629ms. 
2024-09-11 14:43:04.1379|1|INFO|Microsoft.AspNetCore.Mvc.Infrastructure.ObjectResultExecutor|Executing ObjectResult, writing value of type 'System.String[]'. 
2024-09-11 14:43:04.6808|2|INFO|Microsoft.AspNetCore.Mvc.Internal.ControllerActionInvoker|Executed action MyAvana.Payments.Controllers.ValuesController.Get (MyAvana.Payments.Api) in 922.0048ms 
2024-09-11 14:43:04.8412|2|INFO|Microsoft.AspNetCore.Hosting.Internal.WebHost|Request finished in 2144.7164ms 200 application/json; charset=utf-8 
2024-09-11 14:43:04.9627|1|INFO|Microsoft.AspNetCore.Hosting.Internal.WebHost|Request starting HTTP/1.1 GET http://localhost:5003/favicon.ico   
2024-09-11 14:43:04.9943|2|INFO|Microsoft.AspNetCore.Hosting.Internal.WebHost|Request finished in 31.1772ms 404  
2024-09-11 14:53:57.9094|1|INFO|Microsoft.AspNetCore.Hosting.Internal.WebHost|Request starting HTTP/1.1 GET http://localhost:5003/api/values   
2024-09-11 14:53:58.9694|3|INFO|Microsoft.AspNetCore.Mvc.Internal.ControllerActionInvoker|Route matched with {action = "Get", controller = "Values"}. Executing controller action with signature Microsoft.AspNetCore.Mvc.ActionResult`1[System.Collections.Generic.IEnumerable`1[System.String]] Get() on controller MyAvana.Payments.Controllers.ValuesController (MyAvana.Payments.Api). 
2024-09-11 14:53:59.1163|1|INFO|Microsoft.AspNetCore.Mvc.Internal.ControllerActionInvoker|Executing action method MyAvana.Payments.Controllers.ValuesController.Get (MyAvana.Payments.Api) - Validation state: Valid 
2024-09-11 14:53:59.1710|2|INFO|Microsoft.AspNetCore.Mvc.Internal.ControllerActionInvoker|Executed action method MyAvana.Payments.Controllers.ValuesController.Get (MyAvana.Payments.Api), returned result Microsoft.AspNetCore.Mvc.ObjectResult in 0.5331ms. 
2024-09-11 14:53:59.2166|1|INFO|Microsoft.AspNetCore.Mvc.Infrastructure.ObjectResultExecutor|Executing ObjectResult, writing value of type 'System.String[]'. 
2024-09-11 14:53:59.7188|2|INFO|Microsoft.AspNetCore.Mvc.Internal.ControllerActionInvoker|Executed action MyAvana.Payments.Controllers.ValuesController.Get (MyAvana.Payments.Api) in 693.325ms 
2024-09-11 14:53:59.7464|2|INFO|Microsoft.AspNetCore.Hosting.Internal.WebHost|Request finished in 1842.7044ms 200 application/json; charset=utf-8 
2024-09-11 14:54:00.6050|1|INFO|Microsoft.AspNetCore.Hosting.Internal.WebHost|Request starting HTTP/1.1 GET http://localhost:5003/favicon.ico   
2024-09-11 14:54:00.6583|2|INFO|Microsoft.AspNetCore.Hosting.Internal.WebHost|Request finished in 20.6708ms 404  
2024-09-11 15:15:45.8090|1|INFO|Microsoft.AspNetCore.Hosting.Internal.WebHost|Request starting HTTP/1.1 GET http://localhost:5003/api/values   
2024-09-11 15:15:46.9348|3|INFO|Microsoft.AspNetCore.Mvc.Internal.ControllerActionInvoker|Route matched with {action = "Get", controller = "Values"}. Executing controller action with signature Microsoft.AspNetCore.Mvc.ActionResult`1[System.Collections.Generic.IEnumerable`1[System.String]] Get() on controller MyAvana.Payments.Controllers.ValuesController (MyAvana.Payments.Api). 
2024-09-11 15:15:46.9964|1|INFO|Microsoft.AspNetCore.Mvc.Internal.ControllerActionInvoker|Executing action method MyAvana.Payments.Controllers.ValuesController.Get (MyAvana.Payments.Api) - Validation state: Valid 
2024-09-11 15:15:47.0941|2|INFO|Microsoft.AspNetCore.Mvc.Internal.ControllerActionInvoker|Executed action method MyAvana.Payments.Controllers.ValuesController.Get (MyAvana.Payments.Api), returned result Microsoft.AspNetCore.Mvc.ObjectResult in 0.4164ms. 
2024-09-11 15:15:47.1425|1|INFO|Microsoft.AspNetCore.Mvc.Infrastructure.ObjectResultExecutor|Executing ObjectResult, writing value of type 'System.String[]'. 
2024-09-11 15:15:47.6247|2|INFO|Microsoft.AspNetCore.Mvc.Internal.ControllerActionInvoker|Executed action MyAvana.Payments.Controllers.ValuesController.Get (MyAvana.Payments.Api) in 637.0542ms 
2024-09-11 15:15:47.6743|2|INFO|Microsoft.AspNetCore.Hosting.Internal.WebHost|Request finished in 1862.2552ms 200 application/json; charset=utf-8 
2024-09-11 15:15:47.9287|1|INFO|Microsoft.AspNetCore.Hosting.Internal.WebHost|Request starting HTTP/1.1 GET http://localhost:5003/favicon.ico   
2024-09-11 15:15:48.0145|2|INFO|Microsoft.AspNetCore.Hosting.Internal.WebHost|Request finished in 166.5335ms 404  
2024-09-11 16:29:34.2160|1|INFO|Microsoft.AspNetCore.Hosting.Internal.WebHost|Request starting HTTP/1.1 GET http://localhost:5003/api/values   
2024-09-11 16:29:35.8553|3|INFO|Microsoft.AspNetCore.Mvc.Internal.ControllerActionInvoker|Route matched with {action = "Get", controller = "Values"}. Executing controller action with signature Microsoft.AspNetCore.Mvc.ActionResult`1[System.Collections.Generic.IEnumerable`1[System.String]] Get() on controller MyAvana.Payments.Controllers.ValuesController (MyAvana.Payments.Api). 
2024-09-11 16:29:35.8836|1|INFO|Microsoft.AspNetCore.Mvc.Internal.ControllerActionInvoker|Executing action method MyAvana.Payments.Controllers.ValuesController.Get (MyAvana.Payments.Api) - Validation state: Valid 
2024-09-11 16:29:35.9398|2|INFO|Microsoft.AspNetCore.Mvc.Internal.ControllerActionInvoker|Executed action method MyAvana.Payments.Controllers.ValuesController.Get (MyAvana.Payments.Api), returned result Microsoft.AspNetCore.Mvc.ObjectResult in 0.4603ms. 
2024-09-11 16:29:36.0323|1|INFO|Microsoft.AspNetCore.Mvc.Infrastructure.ObjectResultExecutor|Executing ObjectResult, writing value of type 'System.String[]'. 
2024-09-11 16:29:36.5602|2|INFO|Microsoft.AspNetCore.Mvc.Internal.ControllerActionInvoker|Executed action MyAvana.Payments.Controllers.ValuesController.Get (MyAvana.Payments.Api) in 671.0404ms 
2024-09-11 16:29:36.5893|2|INFO|Microsoft.AspNetCore.Hosting.Internal.WebHost|Request finished in 2374.5659ms 200 application/json; charset=utf-8 
2024-09-11 16:29:37.0461|1|INFO|Microsoft.AspNetCore.Hosting.Internal.WebHost|Request starting HTTP/1.1 GET http://localhost:5003/favicon.ico   
2024-09-11 16:29:37.0727|2|INFO|Microsoft.AspNetCore.Hosting.Internal.WebHost|Request finished in 21.0287ms 404  
2024-09-11 18:19:07.5229|1|INFO|Microsoft.AspNetCore.Hosting.Internal.WebHost|Request starting HTTP/1.1 GET http://localhost:5003/api/values   
2024-09-11 18:19:08.8327|3|INFO|Microsoft.AspNetCore.Mvc.Internal.ControllerActionInvoker|Route matched with {action = "Get", controller = "Values"}. Executing controller action with signature Microsoft.AspNetCore.Mvc.ActionResult`1[System.Collections.Generic.IEnumerable`1[System.String]] Get() on controller MyAvana.Payments.Controllers.ValuesController (MyAvana.Payments.Api). 
2024-09-11 18:19:08.9144|1|INFO|Microsoft.AspNetCore.Mvc.Internal.ControllerActionInvoker|Executing action method MyAvana.Payments.Controllers.ValuesController.Get (MyAvana.Payments.Api) - Validation state: Valid 
2024-09-11 18:19:08.9953|2|INFO|Microsoft.AspNetCore.Mvc.Internal.ControllerActionInvoker|Executed action method MyAvana.Payments.Controllers.ValuesController.Get (MyAvana.Payments.Api), returned result Microsoft.AspNetCore.Mvc.ObjectResult in 0.5042ms. 
2024-09-11 18:19:09.0377|1|INFO|Microsoft.AspNetCore.Mvc.Infrastructure.ObjectResultExecutor|Executing ObjectResult, writing value of type 'System.String[]'. 
2024-09-11 18:19:09.8173|2|INFO|Microsoft.AspNetCore.Mvc.Internal.ControllerActionInvoker|Executed action MyAvana.Payments.Controllers.ValuesController.Get (MyAvana.Payments.Api) in 880.4673ms 
2024-09-11 18:19:09.8553|2|INFO|Microsoft.AspNetCore.Hosting.Internal.WebHost|Request finished in 2376.7535ms 200 application/json; charset=utf-8 
2024-09-11 18:19:10.1590|1|INFO|Microsoft.AspNetCore.Hosting.Internal.WebHost|Request starting HTTP/1.1 GET http://localhost:5003/favicon.ico   
2024-09-11 18:19:10.2425|2|INFO|Microsoft.AspNetCore.Hosting.Internal.WebHost|Request finished in 109.805ms 404  
2024-09-11 20:05:35.3394|1|INFO|Microsoft.AspNetCore.Hosting.Internal.WebHost|Request starting HTTP/1.1 GET http://localhost:5003/api/values   
2024-09-11 20:05:36.6535|3|INFO|Microsoft.AspNetCore.Mvc.Internal.ControllerActionInvoker|Route matched with {action = "Get", controller = "Values"}. Executing controller action with signature Microsoft.AspNetCore.Mvc.ActionResult`1[System.Collections.Generic.IEnumerable`1[System.String]] Get() on controller MyAvana.Payments.Controllers.ValuesController (MyAvana.Payments.Api). 
2024-09-11 20:05:36.7671|1|INFO|Microsoft.AspNetCore.Mvc.Internal.ControllerActionInvoker|Executing action method MyAvana.Payments.Controllers.ValuesController.Get (MyAvana.Payments.Api) - Validation state: Valid 
2024-09-11 20:05:36.8876|2|INFO|Microsoft.AspNetCore.Mvc.Internal.ControllerActionInvoker|Executed action method MyAvana.Payments.Controllers.ValuesController.Get (MyAvana.Payments.Api), returned result Microsoft.AspNetCore.Mvc.ObjectResult in 5.9825ms. 
2024-09-11 20:05:36.9253|1|INFO|Microsoft.AspNetCore.Mvc.Infrastructure.ObjectResultExecutor|Executing ObjectResult, writing value of type 'System.String[]'. 
2024-09-11 20:05:37.4245|2|INFO|Microsoft.AspNetCore.Mvc.Internal.ControllerActionInvoker|Executed action MyAvana.Payments.Controllers.ValuesController.Get (MyAvana.Payments.Api) in 752.0499ms 
2024-09-11 20:05:37.4555|2|INFO|Microsoft.AspNetCore.Hosting.Internal.WebHost|Request finished in 2115.0552ms 200 application/json; charset=utf-8 
2024-09-11 20:05:37.6351|1|INFO|Microsoft.AspNetCore.Hosting.Internal.WebHost|Request starting HTTP/1.1 GET http://localhost:5003/favicon.ico   
2024-09-11 20:05:37.7711|2|INFO|Microsoft.AspNetCore.Hosting.Internal.WebHost|Request finished in 40.7062ms 404  
